[0.222s] Invoking command in '/home/sarthak/bumperbot_ws/build/bumperbot_description': CMAKE_PREFIX_PATH=${CMAKE_PREFIX_PATH}:/home/sarthak/bumperbot_ws/install/bumperbot_py_examples:/opt/ros/humble /usr/bin/cmake --build /home/sarthak/bumperbot_ws/build/bumperbot_description -- -j12 -l12
[0.429s] -- Found ament_cmake: 1.3.5 (/opt/ros/humble/share/ament_cmake/cmake)
[0.952s] -- Found ament_lint_auto: 0.12.8 (/opt/ros/humble/share/ament_lint_auto/cmake)
[1.136s] -- Added test 'flake8' to check Python code syntax and style conventions
[1.138s] -- Added test 'lint_cmake' to check CMake code style
[1.139s] -- Added test 'pep257' to check Python code against some of the docstring style conventions in PEP 257
[1.143s] -- Added test 'xmllint' to check XML markup files
[1.144s] -- Configuring done
[1.200s] -- Generating done
[1.202s] -- Build files have been written to: /home/sarthak/bumperbot_ws/build/bumperbot_description
[1.240s] Invoked command in '/home/sarthak/bumperbot_ws/build/bumperbot_description' returned '0': CMAKE_PREFIX_PATH=${CMAKE_PREFIX_PATH}:/home/sarthak/bumperbot_ws/install/bumperbot_py_examples:/opt/ros/humble /usr/bin/cmake --build /home/sarthak/bumperbot_ws/build/bumperbot_description -- -j12 -l12
[1.280s] Invoking command in '/home/sarthak/bumperbot_ws/build/bumperbot_description': CMAKE_PREFIX_PATH=${CMAKE_PREFIX_PATH}:/home/sarthak/bumperbot_ws/install/bumperbot_py_examples:/opt/ros/humble /usr/bin/cmake --install /home/sarthak/bumperbot_ws/build/bumperbot_description
[1.292s] -- Install configuration: ""
[1.292s] -- Up-to-date: /home/sarthak/bumperbot_ws/install/bumperbot_description/share/bumperbot_description/meshes
[1.293s] -- Up-to-date: /home/sarthak/bumperbot_ws/install/bumperbot_description/share/bumperbot_description/meshes/wheel_left_link.STL
[1.293s] -- Up-to-date: /home/sarthak/bumperbot_ws/install/bumperbot_description/share/bumperbot_description/meshes/caster_front_link.STL
[1.293s] -- Up-to-date: /home/sarthak/bumperbot_ws/install/bumperbot_description/share/bumperbot_description/meshes/imu_link.STL
[1.293s] -- Up-to-date: /home/sarthak/bumperbot_ws/install/bumperbot_description/share/bumperbot_description/meshes/wheel_right_link.STL
[1.293s] -- Up-to-date: /home/sarthak/bumperbot_ws/install/bumperbot_description/share/bumperbot_description/meshes/caster_rear_link.STL
[1.294s] -- Up-to-date: /home/sarthak/bumperbot_ws/install/bumperbot_description/share/bumperbot_description/meshes/base_link.STL
[1.294s] -- Up-to-date: /home/sarthak/bumperbot_ws/install/bumperbot_description/share/bumperbot_description/urdf
[1.294s] -- Up-to-date: /home/sarthak/bumperbot_ws/install/bumperbot_description/share/bumperbot_description/urdf/bumperbot.urdf.xacro
[1.294s] -- Installing: /home/sarthak/bumperbot_ws/install/bumperbot_description/share/bumperbot_description/launch
[1.294s] -- Installing: /home/sarthak/bumperbot_ws/install/bumperbot_description/share/bumperbot_description/launch/display.launch.py
[1.294s] -- Installing: /home/sarthak/bumperbot_ws/install/bumperbot_description/share/bumperbot_description/rviz
[1.295s] -- Installing: /home/sarthak/bumperbot_ws/install/bumperbot_description/share/bumperbot_description/rviz/display.rviz
[1.295s] -- Installing: /home/sarthak/bumperbot_ws/install/bumperbot_description/share/ament_index/resource_index/package_run_dependencies/bumperbot_description
[1.295s] -- Installing: /home/sarthak/bumperbot_ws/install/bumperbot_description/share/ament_index/resource_index/parent_prefix_path/bumperbot_description
[1.295s] -- Up-to-date: /home/sarthak/bumperbot_ws/install/bumperbot_description/share/bumperbot_description/environment/ament_prefix_path.sh
[1.295s] -- Installing: /home/sarthak/bumperbot_ws/install/bumperbot_description/share/bumperbot_description/environment/ament_prefix_path.dsv
[1.296s] -- Up-to-date: /home/sarthak/bumperbot_ws/install/bumperbot_description/share/bumperbot_description/environment/path.sh
[1.296s] -- Installing: /home/sarthak/bumperbot_ws/install/bumperbot_description/share/bumperbot_description/environment/path.dsv
[1.296s] -- Up-to-date: /home/sarthak/bumperbot_ws/install/bumperbot_description/share/bumperbot_description/local_setup.bash
[1.296s] -- Up-to-date: /home/sarthak/bumperbot_ws/install/bumperbot_description/share/bumperbot_description/local_setup.sh
[1.296s] -- Up-to-date: /home/sarthak/bumperbot_ws/install/bumperbot_description/share/bumperbot_description/local_setup.zsh
[1.296s] -- Installing: /home/sarthak/bumperbot_ws/install/bumperbot_description/share/bumperbot_description/local_setup.dsv
[1.296s] -- Installing: /home/sarthak/bumperbot_ws/install/bumperbot_description/share/bumperbot_description/package.dsv
[1.297s] -- Up-to-date: /home/sarthak/bumperbot_ws/install/bumperbot_description/share/ament_index/resource_index/packages/bumperbot_description
[1.297s] -- Up-to-date: /home/sarthak/bumperbot_ws/install/bumperbot_description/share/bumperbot_description/cmake/bumperbot_descriptionConfig.cmake
[1.297s] -- Up-to-date: /home/sarthak/bumperbot_ws/install/bumperbot_description/share/bumperbot_description/cmake/bumperbot_descriptionConfig-version.cmake
[1.297s] -- Installing: /home/sarthak/bumperbot_ws/install/bumperbot_description/share/bumperbot_description/package.xml
[1.300s] Invoked command in '/home/sarthak/bumperbot_ws/build/bumperbot_description' returned '0': CMAKE_PREFIX_PATH=${CMAKE_PREFIX_PATH}:/home/sarthak/bumperbot_ws/install/bumperbot_py_examples:/opt/ros/humble /usr/bin/cmake --install /home/sarthak/bumperbot_ws/build/bumperbot_description
