[0.759s] Invoking command in '/home/sarthak/bumperbot_ws/src/bumperbot_py_examples': PYTHONPATH=/home/sarthak/bumperbot_ws/build/bumperbot_py_examples/prefix_override:/home/sarthak/bumperbot_ws/install/bumperbot_py_examples/lib/python3.10/site-packages:${PYTHONPATH} /usr/bin/python3 setup.py egg_info --egg-base ../../build/bumperbot_py_examples build --build-base /home/sarthak/bumperbot_ws/build/bumperbot_py_examples/build install --record /home/sarthak/bumperbot_ws/build/bumperbot_py_examples/install.log --single-version-externally-managed
[0.964s] running egg_info
[0.964s] writing ../../build/bumperbot_py_examples/bumperbot_py_examples.egg-info/PKG-INFO
[0.965s] writing dependency_links to ../../build/bumperbot_py_examples/bumperbot_py_examples.egg-info/dependency_links.txt
[0.965s] writing entry points to ../../build/bumperbot_py_examples/bumperbot_py_examples.egg-info/entry_points.txt
[0.965s] writing requirements to ../../build/bumperbot_py_examples/bumperbot_py_examples.egg-info/requires.txt
[0.965s] writing top-level names to ../../build/bumperbot_py_examples/bumperbot_py_examples.egg-info/top_level.txt
[0.966s] reading manifest file '../../build/bumperbot_py_examples/bumperbot_py_examples.egg-info/SOURCES.txt'
[0.967s] writing manifest file '../../build/bumperbot_py_examples/bumperbot_py_examples.egg-info/SOURCES.txt'
[0.967s] running build
[0.967s] running build_py
[0.968s] running install
[0.968s] /usr/lib/python3/dist-packages/setuptools/command/install.py:34: SetuptoolsDeprecationWarning: setup.py install is deprecated. Use build and pip and other standards-based tools.
[0.968s]   warnings.warn(
[0.968s] running install_lib
[0.969s] running install_data
[0.969s] running install_egg_info
[0.971s] removing '/home/sarthak/bumperbot_ws/install/bumperbot_py_examples/lib/python3.10/site-packages/bumperbot_py_examples-0.0.0-py3.10.egg-info' (and everything under it)
[0.971s] Copying ../../build/bumperbot_py_examples/bumperbot_py_examples.egg-info to /home/sarthak/bumperbot_ws/install/bumperbot_py_examples/lib/python3.10/site-packages/bumperbot_py_examples-0.0.0-py3.10.egg-info
[0.972s] running install_scripts
[0.990s] Installing simple_publisher script to /home/sarthak/bumperbot_ws/install/bumperbot_py_examples/lib/bumperbot_py_examples
[0.990s] Installing simple_subscriber script to /home/sarthak/bumperbot_ws/install/bumperbot_py_examples/lib/bumperbot_py_examples
[0.990s] writing list of installed files to '/home/sarthak/bumperbot_ws/build/bumperbot_py_examples/install.log'
[1.017s] Invoked command in '/home/sarthak/bumperbot_ws/src/bumperbot_py_examples' returned '0': PYTHONPATH=/home/sarthak/bumperbot_ws/build/bumperbot_py_examples/prefix_override:/home/sarthak/bumperbot_ws/install/bumperbot_py_examples/lib/python3.10/site-packages:${PYTHONPATH} /usr/bin/python3 setup.py egg_info --egg-base ../../build/bumperbot_py_examples build --build-base /home/sarthak/bumperbot_ws/build/bumperbot_py_examples/build install --record /home/sarthak/bumperbot_ws/build/bumperbot_py_examples/install.log --single-version-externally-managed
