[0.128s] Invoking command in '/home/sarthak/bumperbot_ws/build/bumperbot_cpp_examples': CMAKE_PREFIX_PATH=/opt/ros/humble /usr/bin/cmake /home/sarthak/bumperbot_ws/src/bumperbot_cpp_examples -DCMAKE_INSTALL_PREFIX=/home/sarthak/bumperbot_ws/install/bumperbot_cpp_examples
[1.984s] -- The C compiler identification is GNU 11.4.0
[2.946s] -- The CXX compiler identification is GNU 11.4.0
[3.037s] -- Detecting C compiler ABI info
[3.307s] -- Detecting C compiler ABI info - done
[3.325s] -- Check for working C compiler: /usr/bin/cc - skipped
[3.331s] -- Detecting C compile features
[3.335s] -- Detecting C compile features - done
[3.343s] -- Detecting CXX compiler ABI info
[3.487s] -- Detecting CXX compiler ABI info - done
[3.506s] -- Check for working CXX compiler: /usr/bin/c++ - skipped
[3.506s] -- Detecting CXX compile features
[3.507s] -- Detecting CXX compile features - done
[3.546s] -- Found ament_cmake: 1.3.5 (/opt/ros/humble/share/ament_cmake/cmake)
[3.967s] -- Found Python3: /usr/bin/python3.10 (found version "3.10.12") found components: Interpreter 
[4.260s] -- Found ament_lint_auto: 0.12.8 (/opt/ros/humble/share/ament_lint_auto/cmake)
[4.425s] -- Added test 'lint_cmake' to check CMake code style
[4.428s] -- Added test 'xmllint' to check XML markup files
[4.432s] -- Configuring done
[4.440s] -- Generating done
[4.442s] -- Build files have been written to: /home/sarthak/bumperbot_ws/build/bumperbot_cpp_examples
[4.451s] Invoked command in '/home/sarthak/bumperbot_ws/build/bumperbot_cpp_examples' returned '0': CMAKE_PREFIX_PATH=/opt/ros/humble /usr/bin/cmake /home/sarthak/bumperbot_ws/src/bumperbot_cpp_examples -DCMAKE_INSTALL_PREFIX=/home/sarthak/bumperbot_ws/install/bumperbot_cpp_examples
[4.453s] Invoking command in '/home/sarthak/bumperbot_ws/build/bumperbot_cpp_examples': CMAKE_PREFIX_PATH=/opt/ros/humble /usr/bin/cmake --build /home/sarthak/bumperbot_ws/build/bumperbot_cpp_examples -- -j12 -l12
[4.518s] Invoked command in '/home/sarthak/bumperbot_ws/build/bumperbot_cpp_examples' returned '0': CMAKE_PREFIX_PATH=/opt/ros/humble /usr/bin/cmake --build /home/sarthak/bumperbot_ws/build/bumperbot_cpp_examples -- -j12 -l12
[4.555s] Invoking command in '/home/sarthak/bumperbot_ws/build/bumperbot_cpp_examples': CMAKE_PREFIX_PATH=/opt/ros/humble /usr/bin/cmake --install /home/sarthak/bumperbot_ws/build/bumperbot_cpp_examples
[4.572s] -- Install configuration: ""
[4.572s] -- Installing: /home/sarthak/bumperbot_ws/install/bumperbot_cpp_examples/share/ament_index/resource_index/package_run_dependencies/bumperbot_cpp_examples
[4.573s] -- Installing: /home/sarthak/bumperbot_ws/install/bumperbot_cpp_examples/share/ament_index/resource_index/parent_prefix_path/bumperbot_cpp_examples
[4.573s] -- Installing: /home/sarthak/bumperbot_ws/install/bumperbot_cpp_examples/share/bumperbot_cpp_examples/environment/ament_prefix_path.sh
[4.573s] -- Installing: /home/sarthak/bumperbot_ws/install/bumperbot_cpp_examples/share/bumperbot_cpp_examples/environment/ament_prefix_path.dsv
[4.574s] -- Installing: /home/sarthak/bumperbot_ws/install/bumperbot_cpp_examples/share/bumperbot_cpp_examples/environment/path.sh
[4.574s] -- Installing: /home/sarthak/bumperbot_ws/install/bumperbot_cpp_examples/share/bumperbot_cpp_examples/environment/path.dsv
[4.574s] -- Installing: /home/sarthak/bumperbot_ws/install/bumperbot_cpp_examples/share/bumperbot_cpp_examples/local_setup.bash
[4.575s] -- Installing: /home/sarthak/bumperbot_ws/install/bumperbot_cpp_examples/share/bumperbot_cpp_examples/local_setup.sh
[4.575s] -- Installing: /home/sarthak/bumperbot_ws/install/bumperbot_cpp_examples/share/bumperbot_cpp_examples/local_setup.zsh
[4.575s] -- Installing: /home/sarthak/bumperbot_ws/install/bumperbot_cpp_examples/share/bumperbot_cpp_examples/local_setup.dsv
[4.575s] -- Installing: /home/sarthak/bumperbot_ws/install/bumperbot_cpp_examples/share/bumperbot_cpp_examples/package.dsv
[4.576s] -- Installing: /home/sarthak/bumperbot_ws/install/bumperbot_cpp_examples/share/ament_index/resource_index/packages/bumperbot_cpp_examples
[4.576s] -- Installing: /home/sarthak/bumperbot_ws/install/bumperbot_cpp_examples/share/bumperbot_cpp_examples/cmake/bumperbot_cpp_examplesConfig.cmake
[4.577s] -- Installing: /home/sarthak/bumperbot_ws/install/bumperbot_cpp_examples/share/bumperbot_cpp_examples/cmake/bumperbot_cpp_examplesConfig-version.cmake
[4.577s] -- Installing: /home/sarthak/bumperbot_ws/install/bumperbot_cpp_examples/share/bumperbot_cpp_examples/package.xml
[4.582s] Invoked command in '/home/sarthak/bumperbot_ws/build/bumperbot_cpp_examples' returned '0': CMAKE_PREFIX_PATH=/opt/ros/humble /usr/bin/cmake --install /home/sarthak/bumperbot_ws/build/bumperbot_cpp_examples
