[0.842s] Invoking command in '/home/sarthak/bumperbot_ws/src/bumperbot_py_examples': AMENT_PREFIX_PATH=/home/sarthak/bumperbot_ws/install/bumperbot_msgs:${AMENT_PREFIX_PATH} CMAKE_PREFIX_PATH=/home/sarthak/bumperbot_ws/install/bumperbot_msgs LD_LIBRARY_PATH=/home/sarthak/bumperbot_ws/install/bumperbot_msgs/lib:${LD_LIBRARY_PATH} PYTHONPATH=/home/sarthak/bumperbot_ws/build/bumperbot_py_examples/prefix_override:/home/sarthak/bumperbot_ws/install/bumperbot_py_examples/lib/python3.10/site-packages:/home/sarthak/bumperbot_ws/install/bumperbot_msgs/local/lib/python3.10/dist-packages:${PYTHONPATH} /usr/bin/python3 setup.py egg_info --egg-base ../../build/bumperbot_py_examples build --build-base /home/sarthak/bumperbot_ws/build/bumperbot_py_examples/build install --record /home/sarthak/bumperbot_ws/build/bumperbot_py_examples/install.log --single-version-externally-managed
[1.055s] running egg_info
[1.056s] writing ../../build/bumperbot_py_examples/bumperbot_py_examples.egg-info/PKG-INFO
[1.056s] writing dependency_links to ../../build/bumperbot_py_examples/bumperbot_py_examples.egg-info/dependency_links.txt
[1.057s] writing entry points to ../../build/bumperbot_py_examples/bumperbot_py_examples.egg-info/entry_points.txt
[1.057s] writing requirements to ../../build/bumperbot_py_examples/bumperbot_py_examples.egg-info/requires.txt
[1.057s] writing top-level names to ../../build/bumperbot_py_examples/bumperbot_py_examples.egg-info/top_level.txt
[1.059s] reading manifest file '../../build/bumperbot_py_examples/bumperbot_py_examples.egg-info/SOURCES.txt'
[1.059s] writing manifest file '../../build/bumperbot_py_examples/bumperbot_py_examples.egg-info/SOURCES.txt'
[1.060s] running build
[1.060s] running build_py
[1.060s] copying bumperbot_py_examples/simple_service_server.py -> /home/sarthak/bumperbot_ws/build/bumperbot_py_examples/build/lib/bumperbot_py_examples
[1.060s] running install
[1.061s] /usr/lib/python3/dist-packages/setuptools/command/install.py:34: SetuptoolsDeprecationWarning: setup.py install is deprecated. Use build and pip and other standards-based tools.
[1.061s]   warnings.warn(
[1.061s] running install_lib
[1.062s] copying /home/sarthak/bumperbot_ws/build/bumperbot_py_examples/build/lib/bumperbot_py_examples/simple_service_server.py -> /home/sarthak/bumperbot_ws/install/bumperbot_py_examples/lib/python3.10/site-packages/bumperbot_py_examples
[1.062s] byte-compiling /home/sarthak/bumperbot_ws/install/bumperbot_py_examples/lib/python3.10/site-packages/bumperbot_py_examples/simple_service_server.py to simple_service_server.cpython-310.pyc
[1.063s] running install_data
[1.063s] copying package.xml -> /home/sarthak/bumperbot_ws/install/bumperbot_py_examples/share/bumperbot_py_examples
[1.063s] running install_egg_info
[1.065s] removing '/home/sarthak/bumperbot_ws/install/bumperbot_py_examples/lib/python3.10/site-packages/bumperbot_py_examples-0.0.0-py3.10.egg-info' (and everything under it)
[1.065s] Copying ../../build/bumperbot_py_examples/bumperbot_py_examples.egg-info to /home/sarthak/bumperbot_ws/install/bumperbot_py_examples/lib/python3.10/site-packages/bumperbot_py_examples-0.0.0-py3.10.egg-info
[1.066s] running install_scripts
[1.084s] Installing simple_parameter script to /home/sarthak/bumperbot_ws/install/bumperbot_py_examples/lib/bumperbot_py_examples
[1.084s] Installing simple_publisher script to /home/sarthak/bumperbot_ws/install/bumperbot_py_examples/lib/bumperbot_py_examples
[1.084s] Installing simple_service_server script to /home/sarthak/bumperbot_ws/install/bumperbot_py_examples/lib/bumperbot_py_examples
[1.084s] Installing simple_subscriber script to /home/sarthak/bumperbot_ws/install/bumperbot_py_examples/lib/bumperbot_py_examples
[1.084s] Installing simple_tf_kinematics script to /home/sarthak/bumperbot_ws/install/bumperbot_py_examples/lib/bumperbot_py_examples
[1.085s] writing list of installed files to '/home/sarthak/bumperbot_ws/build/bumperbot_py_examples/install.log'
[1.112s] Invoked command in '/home/sarthak/bumperbot_ws/src/bumperbot_py_examples' returned '0': AMENT_PREFIX_PATH=/home/sarthak/bumperbot_ws/install/bumperbot_msgs:${AMENT_PREFIX_PATH} CMAKE_PREFIX_PATH=/home/sarthak/bumperbot_ws/install/bumperbot_msgs LD_LIBRARY_PATH=/home/sarthak/bumperbot_ws/install/bumperbot_msgs/lib:${LD_LIBRARY_PATH} PYTHONPATH=/home/sarthak/bumperbot_ws/build/bumperbot_py_examples/prefix_override:/home/sarthak/bumperbot_ws/install/bumperbot_py_examples/lib/python3.10/site-packages:/home/sarthak/bumperbot_ws/install/bumperbot_msgs/local/lib/python3.10/dist-packages:${PYTHONPATH} /usr/bin/python3 setup.py egg_info --egg-base ../../build/bumperbot_py_examples build --build-base /home/sarthak/bumperbot_ws/build/bumperbot_py_examples/build install --record /home/sarthak/bumperbot_ws/build/bumperbot_py_examples/install.log --single-version-externally-managed
