[0.693s] Invoking command in '/home/sarthak/bumperbot_ws/build/bumperbot_py_examples': PYTHONPATH=/home/sarthak/bumperbot_ws/build/bumperbot_py_examples/prefix_override:/home/sarthak/bumperbot_ws/install/bumperbot_py_examples/lib/python3.10/site-packages:${PYTHONPATH} /usr/bin/python3 setup.py develop --editable --build-directory /home/sarthak/bumperbot_ws/build/bumperbot_py_examples/build --no-deps install_data
[0.913s] running develop
[0.913s] /usr/lib/python3/dist-packages/setuptools/command/easy_install.py:158: EasyInstallDeprecationWarning: easy_install command is deprecated. Use build and pip and other standards-based tools.
[0.913s]   warnings.warn(
[0.914s] /usr/lib/python3/dist-packages/setuptools/command/install.py:34: SetuptoolsDeprecationWarning: setup.py install is deprecated. Use build and pip and other standards-based tools.
[0.914s]   warnings.warn(
[1.054s] running egg_info
[1.054s] writing bumperbot_py_examples.egg-info/PKG-INFO
[1.054s] writing dependency_links to bumperbot_py_examples.egg-info/dependency_links.txt
[1.054s] writing entry points to bumperbot_py_examples.egg-info/entry_points.txt
[1.054s] writing requirements to bumperbot_py_examples.egg-info/requires.txt
[1.055s] writing top-level names to bumperbot_py_examples.egg-info/top_level.txt
[1.056s] reading manifest file 'bumperbot_py_examples.egg-info/SOURCES.txt'
[1.056s] writing manifest file 'bumperbot_py_examples.egg-info/SOURCES.txt'
[1.057s] running build_ext
[1.057s] Creating /home/sarthak/bumperbot_ws/install/bumperbot_py_examples/lib/python3.10/site-packages/bumperbot-py-examples.egg-link (link to .)
[1.058s] Installing simple_parameter script to /home/sarthak/bumperbot_ws/install/bumperbot_py_examples/lib/bumperbot_py_examples
[1.058s] Installing simple_publisher script to /home/sarthak/bumperbot_ws/install/bumperbot_py_examples/lib/bumperbot_py_examples
[1.058s] Installing simple_subscriber script to /home/sarthak/bumperbot_ws/install/bumperbot_py_examples/lib/bumperbot_py_examples
[1.059s] Installing simple_tf_kinematics script to /home/sarthak/bumperbot_ws/install/bumperbot_py_examples/lib/bumperbot_py_examples
[1.059s] 
[1.059s] Installed /home/sarthak/bumperbot_ws/build/bumperbot_py_examples
[1.059s] running install_data
