[0.201s] Invoking command in '/home/sarthak/bumperbot_ws/build/bumperbot_description': CMAKE_PREFIX_PATH=/opt/ros/humble /usr/bin/cmake --build /home/sarthak/bumperbot_ws/build/bumperbot_description -- -j12 -l12
[0.637s] Invoked command in '/home/sarthak/bumperbot_ws/build/bumperbot_description' returned '0': CMAKE_PREFIX_PATH=/opt/ros/humble /usr/bin/cmake --build /home/sarthak/bumperbot_ws/build/bumperbot_description -- -j12 -l12
[0.700s] Invoking command in '/home/sarthak/bumperbot_ws/build/bumperbot_description': CMAKE_PREFIX_PATH=/opt/ros/humble /usr/bin/cmake --install /home/sarthak/bumperbot_ws/build/bumperbot_description
[0.711s] -- Install configuration: ""
[0.711s] -- Up-to-date: /home/sarthak/bumperbot_ws/install/bumperbot_description/share/bumperbot_description/meshes
[0.711s] -- Up-to-date: /home/sarthak/bumperbot_ws/install/bumperbot_description/share/bumperbot_description/meshes/wheel_left_link.STL
[0.712s] -- Up-to-date: /home/sarthak/bumperbot_ws/install/bumperbot_description/share/bumperbot_description/meshes/caster_front_link.STL
[0.712s] -- Up-to-date: /home/sarthak/bumperbot_ws/install/bumperbot_description/share/bumperbot_description/meshes/imu_link.STL
[0.713s] -- Up-to-date: /home/sarthak/bumperbot_ws/install/bumperbot_description/share/bumperbot_description/meshes/wheel_right_link.STL
[0.714s] -- Up-to-date: /home/sarthak/bumperbot_ws/install/bumperbot_description/share/bumperbot_description/meshes/caster_rear_link.STL
[0.714s] -- Up-to-date: /home/sarthak/bumperbot_ws/install/bumperbot_description/share/bumperbot_description/meshes/base_link.STL
[0.714s] -- Up-to-date: /home/sarthak/bumperbot_ws/install/bumperbot_description/share/bumperbot_description/urdf
[0.714s] -- Installing: /home/sarthak/bumperbot_ws/install/bumperbot_description/share/bumperbot_description/urdf/bumperbot.urdf.xacro
[0.714s] -- Up-to-date: /home/sarthak/bumperbot_ws/install/bumperbot_description/share/ament_index/resource_index/package_run_dependencies/bumperbot_description
[0.714s] -- Up-to-date: /home/sarthak/bumperbot_ws/install/bumperbot_description/share/ament_index/resource_index/parent_prefix_path/bumperbot_description
[0.715s] -- Up-to-date: /home/sarthak/bumperbot_ws/install/bumperbot_description/share/bumperbot_description/environment/ament_prefix_path.sh
[0.715s] -- Up-to-date: /home/sarthak/bumperbot_ws/install/bumperbot_description/share/bumperbot_description/environment/ament_prefix_path.dsv
[0.715s] -- Up-to-date: /home/sarthak/bumperbot_ws/install/bumperbot_description/share/bumperbot_description/environment/path.sh
[0.715s] -- Up-to-date: /home/sarthak/bumperbot_ws/install/bumperbot_description/share/bumperbot_description/environment/path.dsv
[0.715s] -- Up-to-date: /home/sarthak/bumperbot_ws/install/bumperbot_description/share/bumperbot_description/local_setup.bash
[0.715s] -- Up-to-date: /home/sarthak/bumperbot_ws/install/bumperbot_description/share/bumperbot_description/local_setup.sh
[0.715s] -- Up-to-date: /home/sarthak/bumperbot_ws/install/bumperbot_description/share/bumperbot_description/local_setup.zsh
[0.716s] -- Up-to-date: /home/sarthak/bumperbot_ws/install/bumperbot_description/share/bumperbot_description/local_setup.dsv
[0.716s] -- Installing: /home/sarthak/bumperbot_ws/install/bumperbot_description/share/bumperbot_description/package.dsv
[0.717s] -- Up-to-date: /home/sarthak/bumperbot_ws/install/bumperbot_description/share/ament_index/resource_index/packages/bumperbot_description
[0.717s] -- Up-to-date: /home/sarthak/bumperbot_ws/install/bumperbot_description/share/bumperbot_description/cmake/bumperbot_descriptionConfig.cmake
[0.717s] -- Up-to-date: /home/sarthak/bumperbot_ws/install/bumperbot_description/share/bumperbot_description/cmake/bumperbot_descriptionConfig-version.cmake
[0.717s] -- Up-to-date: /home/sarthak/bumperbot_ws/install/bumperbot_description/share/bumperbot_description/package.xml
[0.824s] Invoked command in '/home/sarthak/bumperbot_ws/build/bumperbot_description' returned '0': CMAKE_PREFIX_PATH=/opt/ros/humble /usr/bin/cmake --install /home/sarthak/bumperbot_ws/build/bumperbot_description
