[0.809s] Invoking command in '/home/sarthak/bumperbot_ws/src/bumperbot_py_examples': PYTHONPATH=/home/sarthak/bumperbot_ws/build/bumperbot_py_examples/prefix_override:/home/sarthak/bumperbot_ws/install/bumperbot_py_examples/lib/python3.10/site-packages:${PYTHONPATH} /usr/bin/python3 setup.py egg_info --egg-base ../../build/bumperbot_py_examples build --build-base /home/sarthak/bumperbot_ws/build/bumperbot_py_examples/build install --record /home/sarthak/bumperbot_ws/build/bumperbot_py_examples/install.log --single-version-externally-managed
[1.043s] running egg_info
[1.043s] writing ../../build/bumperbot_py_examples/bumperbot_py_examples.egg-info/PKG-INFO
[1.044s] writing dependency_links to ../../build/bumperbot_py_examples/bumperbot_py_examples.egg-info/dependency_links.txt
[1.044s] writing entry points to ../../build/bumperbot_py_examples/bumperbot_py_examples.egg-info/entry_points.txt
[1.044s] writing requirements to ../../build/bumperbot_py_examples/bumperbot_py_examples.egg-info/requires.txt
[1.044s] writing top-level names to ../../build/bumperbot_py_examples/bumperbot_py_examples.egg-info/top_level.txt
[1.045s] reading manifest file '../../build/bumperbot_py_examples/bumperbot_py_examples.egg-info/SOURCES.txt'
[1.046s] writing manifest file '../../build/bumperbot_py_examples/bumperbot_py_examples.egg-info/SOURCES.txt'
[1.047s] running build
[1.047s] running build_py
[1.047s] running install
[1.047s] /usr/lib/python3/dist-packages/setuptools/command/install.py:34: SetuptoolsDeprecationWarning: setup.py install is deprecated. Use build and pip and other standards-based tools.
[1.048s]   warnings.warn(
[1.048s] running install_lib
[1.048s] running install_data
[1.048s] running install_egg_info
[1.050s] removing '/home/sarthak/bumperbot_ws/install/bumperbot_py_examples/lib/python3.10/site-packages/bumperbot_py_examples-0.0.0-py3.10.egg-info' (and everything under it)
[1.050s] Copying ../../build/bumperbot_py_examples/bumperbot_py_examples.egg-info to /home/sarthak/bumperbot_ws/install/bumperbot_py_examples/lib/python3.10/site-packages/bumperbot_py_examples-0.0.0-py3.10.egg-info
[1.051s] running install_scripts
[1.068s] Installing simple_parameter script to /home/sarthak/bumperbot_ws/install/bumperbot_py_examples/lib/bumperbot_py_examples
[1.068s] Installing simple_publisher script to /home/sarthak/bumperbot_ws/install/bumperbot_py_examples/lib/bumperbot_py_examples
[1.068s] Installing simple_subscriber script to /home/sarthak/bumperbot_ws/install/bumperbot_py_examples/lib/bumperbot_py_examples
[1.069s] Installing simple_tf_kinematics script to /home/sarthak/bumperbot_ws/install/bumperbot_py_examples/lib/bumperbot_py_examples
[1.069s] writing list of installed files to '/home/sarthak/bumperbot_ws/build/bumperbot_py_examples/install.log'
[1.097s] Invoked command in '/home/sarthak/bumperbot_ws/src/bumperbot_py_examples' returned '0': PYTHONPATH=/home/sarthak/bumperbot_ws/build/bumperbot_py_examples/prefix_override:/home/sarthak/bumperbot_ws/install/bumperbot_py_examples/lib/python3.10/site-packages:${PYTHONPATH} /usr/bin/python3 setup.py egg_info --egg-base ../../build/bumperbot_py_examples build --build-base /home/sarthak/bumperbot_ws/build/bumperbot_py_examples/build install --record /home/sarthak/bumperbot_ws/build/bumperbot_py_examples/install.log --single-version-externally-managed
