[1.689s] Invoking command in '/home/sarthak/bumperbot_ws/src/bumperbot_py_examples': AMENT_PREFIX_PATH=/home/sarthak/bumperbot_ws/install/bumperbot_msgs:${AMENT_PREFIX_PATH} CMAKE_PREFIX_PATH=/home/sarthak/bumperbot_ws/install/bumperbot_msgs LD_LIBRARY_PATH=/home/sarthak/bumperbot_ws/install/bumperbot_msgs/lib:${LD_LIBRARY_PATH} PYTHONPATH=/home/sarthak/bumperbot_ws/build/bumperbot_py_examples/prefix_override:/usr/lib/python3/dist-packages/colcon_core/task/python/colcon_distutils_commands:/home/sarthak/bumperbot_ws/install/bumperbot_py_examples/lib/python3.10/site-packages:/home/sarthak/bumperbot_ws/install/bumperbot_msgs/local/lib/python3.10/dist-packages:${PYTHONPATH} /usr/bin/python3 -W ignore:setup.py install is deprecated setup.py egg_info --egg-base ../../build/bumperbot_py_examples build --build-base /home/sarthak/bumperbot_ws/build/bumperbot_py_examples/build install --record /home/sarthak/bumperbot_ws/build/bumperbot_py_examples/install.log --single-version-externally-managed install_data
[1.903s] running egg_info
[1.904s] writing ../../build/bumperbot_py_examples/bumperbot_py_examples.egg-info/PKG-INFO
[1.904s] writing dependency_links to ../../build/bumperbot_py_examples/bumperbot_py_examples.egg-info/dependency_links.txt
[1.904s] writing entry points to ../../build/bumperbot_py_examples/bumperbot_py_examples.egg-info/entry_points.txt
[1.905s] writing requirements to ../../build/bumperbot_py_examples/bumperbot_py_examples.egg-info/requires.txt
[1.905s] writing top-level names to ../../build/bumperbot_py_examples/bumperbot_py_examples.egg-info/top_level.txt
[1.915s] reading manifest file '../../build/bumperbot_py_examples/bumperbot_py_examples.egg-info/SOURCES.txt'
[1.942s] writing manifest file '../../build/bumperbot_py_examples/bumperbot_py_examples.egg-info/SOURCES.txt'
[1.942s] running build
[1.942s] running build_py
[1.942s] running install
[1.943s] running install_lib
[1.945s] running install_data
[1.945s] running install_egg_info
[1.946s] removing '/home/sarthak/bumperbot_ws/install/bumperbot_py_examples/lib/python3.10/site-packages/bumperbot_py_examples-0.0.0-py3.10.egg-info' (and everything under it)
[1.947s] Copying ../../build/bumperbot_py_examples/bumperbot_py_examples.egg-info to /home/sarthak/bumperbot_ws/install/bumperbot_py_examples/lib/python3.10/site-packages/bumperbot_py_examples-0.0.0-py3.10.egg-info
[2.038s] running install_scripts
[2.056s] Installing simple_parameter script to /home/sarthak/bumperbot_ws/install/bumperbot_py_examples/lib/bumperbot_py_examples
[2.056s] Installing simple_publisher script to /home/sarthak/bumperbot_ws/install/bumperbot_py_examples/lib/bumperbot_py_examples
[2.056s] Installing simple_service_client script to /home/sarthak/bumperbot_ws/install/bumperbot_py_examples/lib/bumperbot_py_examples
[2.057s] Installing simple_service_server script to /home/sarthak/bumperbot_ws/install/bumperbot_py_examples/lib/bumperbot_py_examples
[2.057s] Installing simple_subscriber script to /home/sarthak/bumperbot_ws/install/bumperbot_py_examples/lib/bumperbot_py_examples
[2.057s] Installing simple_tf_kinematics script to /home/sarthak/bumperbot_ws/install/bumperbot_py_examples/lib/bumperbot_py_examples
[2.057s] writing list of installed files to '/home/sarthak/bumperbot_ws/build/bumperbot_py_examples/install.log'
[2.087s] Invoked command in '/home/sarthak/bumperbot_ws/src/bumperbot_py_examples' returned '0': AMENT_PREFIX_PATH=/home/sarthak/bumperbot_ws/install/bumperbot_msgs:${AMENT_PREFIX_PATH} CMAKE_PREFIX_PATH=/home/sarthak/bumperbot_ws/install/bumperbot_msgs LD_LIBRARY_PATH=/home/sarthak/bumperbot_ws/install/bumperbot_msgs/lib:${LD_LIBRARY_PATH} PYTHONPATH=/home/sarthak/bumperbot_ws/build/bumperbot_py_examples/prefix_override:/usr/lib/python3/dist-packages/colcon_core/task/python/colcon_distutils_commands:/home/sarthak/bumperbot_ws/install/bumperbot_py_examples/lib/python3.10/site-packages:/home/sarthak/bumperbot_ws/install/bumperbot_msgs/local/lib/python3.10/dist-packages:${PYTHONPATH} /usr/bin/python3 -W ignore:setup.py install is deprecated setup.py egg_info --egg-base ../../build/bumperbot_py_examples build --build-base /home/sarthak/bumperbot_ws/build/bumperbot_py_examples/build install --record /home/sarthak/bumperbot_ws/build/bumperbot_py_examples/install.log --single-version-externally-managed install_data
