[0.356s] Invoking command in '/home/sarthak/bumperbot_ws/build/bumperbot_controller': CMAKE_PREFIX_PATH=/opt/ros/humble /usr/bin/cmake /home/sarthak/bumperbot_ws/src/bumperbot_controller -DCMAKE_INSTALL_PREFIX=/home/sarthak/bumperbot_ws/install/bumperbot_controller
[1.326s] -- The C compiler identification is GNU 11.4.0
[2.092s] -- The CXX compiler identification is GNU 11.4.0
[2.150s] -- Detecting C compiler ABI info
[2.405s] -- Detecting C compiler ABI info - done
[2.421s] -- Check for working C compiler: /usr/bin/cc - skipped
[2.422s] -- Detecting C compile features
[2.430s] -- Detecting C compile features - done
[2.438s] -- Detecting CXX compiler ABI info
[2.584s] -- Detecting CXX compiler ABI info - done
[2.603s] -- Check for working CXX compiler: /usr/bin/c++ - skipped
[2.603s] -- Detecting CXX compile features
[2.604s] -- Detecting CXX compile features - done
[2.676s] -- Found ament_cmake: 1.3.5 (/opt/ros/humble/share/ament_cmake/cmake)
[3.062s] -- Found Python3: /usr/bin/python3.10 (found version "3.10.12") found components: Interpreter 
[3.358s] -- Found ament_lint_auto: 0.12.8 (/opt/ros/humble/share/ament_lint_auto/cmake)
[3.526s] -- Added test 'lint_cmake' to check CMake code style
[3.529s] -- Added test 'xmllint' to check XML markup files
[3.533s] -- Configuring done
[3.541s] -- Generating done
[3.544s] -- Build files have been written to: /home/sarthak/bumperbot_ws/build/bumperbot_controller
[3.551s] Invoked command in '/home/sarthak/bumperbot_ws/build/bumperbot_controller' returned '0': CMAKE_PREFIX_PATH=/opt/ros/humble /usr/bin/cmake /home/sarthak/bumperbot_ws/src/bumperbot_controller -DCMAKE_INSTALL_PREFIX=/home/sarthak/bumperbot_ws/install/bumperbot_controller
[3.553s] Invoking command in '/home/sarthak/bumperbot_ws/build/bumperbot_controller': CMAKE_PREFIX_PATH=/opt/ros/humble /usr/bin/cmake --build /home/sarthak/bumperbot_ws/build/bumperbot_controller -- -j12 -l12
[3.616s] Invoked command in '/home/sarthak/bumperbot_ws/build/bumperbot_controller' returned '0': CMAKE_PREFIX_PATH=/opt/ros/humble /usr/bin/cmake --build /home/sarthak/bumperbot_ws/build/bumperbot_controller -- -j12 -l12
[3.675s] Invoking command in '/home/sarthak/bumperbot_ws/build/bumperbot_controller': CMAKE_PREFIX_PATH=/opt/ros/humble /usr/bin/cmake --install /home/sarthak/bumperbot_ws/build/bumperbot_controller
[3.693s] -- Install configuration: ""
[3.693s] -- Installing: /home/sarthak/bumperbot_ws/install/bumperbot_controller/share/ament_index/resource_index/package_run_dependencies/bumperbot_controller
[3.694s] -- Installing: /home/sarthak/bumperbot_ws/install/bumperbot_controller/share/ament_index/resource_index/parent_prefix_path/bumperbot_controller
[3.695s] -- Installing: /home/sarthak/bumperbot_ws/install/bumperbot_controller/share/bumperbot_controller/environment/ament_prefix_path.sh
[3.695s] -- Installing: /home/sarthak/bumperbot_ws/install/bumperbot_controller/share/bumperbot_controller/environment/ament_prefix_path.dsv
[3.695s] -- Installing: /home/sarthak/bumperbot_ws/install/bumperbot_controller/share/bumperbot_controller/environment/path.sh
[3.696s] -- Installing: /home/sarthak/bumperbot_ws/install/bumperbot_controller/share/bumperbot_controller/environment/path.dsv
[3.696s] -- Installing: /home/sarthak/bumperbot_ws/install/bumperbot_controller/share/bumperbot_controller/local_setup.bash
[3.697s] -- Installing: /home/sarthak/bumperbot_ws/install/bumperbot_controller/share/bumperbot_controller/local_setup.sh
[3.697s] -- Installing: /home/sarthak/bumperbot_ws/install/bumperbot_controller/share/bumperbot_controller/local_setup.zsh
[3.697s] -- Installing: /home/sarthak/bumperbot_ws/install/bumperbot_controller/share/bumperbot_controller/local_setup.dsv
[3.698s] -- Installing: /home/sarthak/bumperbot_ws/install/bumperbot_controller/share/bumperbot_controller/package.dsv
[3.698s] -- Installing: /home/sarthak/bumperbot_ws/install/bumperbot_controller/share/ament_index/resource_index/packages/bumperbot_controller
[3.699s] -- Installing: /home/sarthak/bumperbot_ws/install/bumperbot_controller/share/bumperbot_controller/cmake/bumperbot_controllerConfig.cmake
[3.699s] -- Installing: /home/sarthak/bumperbot_ws/install/bumperbot_controller/share/bumperbot_controller/cmake/bumperbot_controllerConfig-version.cmake
[3.700s] -- Installing: /home/sarthak/bumperbot_ws/install/bumperbot_controller/share/bumperbot_controller/package.xml
[3.705s] Invoked command in '/home/sarthak/bumperbot_ws/build/bumperbot_controller' returned '0': CMAKE_PREFIX_PATH=/opt/ros/humble /usr/bin/cmake --install /home/sarthak/bumperbot_ws/build/bumperbot_controller
