[0.200s] Invoking command in '/home/sarthak/bumperbot_ws/build/bumperbot_controller': CMAKE_PREFIX_PATH=/opt/ros/humble /usr/bin/cmake --build /home/sarthak/bumperbot_ws/build/bumperbot_controller -- -j12 -l12
[0.241s] -- Found ament_cmake: 1.3.6 (/opt/ros/humble/share/ament_cmake/cmake)
[0.407s] -- Found rclpy: 3.3.11 (/opt/ros/humble/share/rclpy/cmake)
[0.407s] -- Found std_msgs: 4.2.3 (/opt/ros/humble/share/std_msgs/cmake)
[0.437s] -- Found rosidl_generator_c: 3.1.5 (/opt/ros/humble/share/rosidl_generator_c/cmake)
[0.439s] -- Found rosidl_adapter: 3.1.5 (/opt/ros/humble/share/rosidl_adapter/cmake)
[0.445s] -- Found rosidl_generator_cpp: 3.1.5 (/opt/ros/humble/share/rosidl_generator_cpp/cmake)
[0.456s] -- Using all available rosidl_typesupport_c: rosidl_typesupport_fastrtps_c;rosidl_typesupport_introspection_c
[0.471s] -- Using all available rosidl_typesupport_cpp: rosidl_typesupport_fastrtps_cpp;rosidl_typesupport_introspection_cpp
[0.520s] -- Found geometry_msgs: 4.2.3 (/opt/ros/humble/share/geometry_msgs/cmake)
[0.617s] -- Found ament_lint_auto: 0.12.9 (/opt/ros/humble/share/ament_lint_auto/cmake)
[0.681s] -- Added test 'flake8' to check Python code syntax and style conventions
[0.682s] -- Added test 'lint_cmake' to check CMake code style
[0.682s] -- Added test 'pep257' to check Python code against some of the docstring style conventions in PEP 257
[0.684s] -- Added test 'xmllint' to check XML markup files
[0.685s] -- Configuring done
[0.691s] -- Generating done
[0.693s] -- Build files have been written to: /home/sarthak/bumperbot_ws/build/bumperbot_controller
[0.743s] Built target ament_cmake_python_copy_bumperbot_controller
[0.985s] running egg_info
[0.986s] writing bumperbot_controller.egg-info/PKG-INFO
[0.986s] writing dependency_links to bumperbot_controller.egg-info/dependency_links.txt
[0.986s] writing top-level names to bumperbot_controller.egg-info/top_level.txt
[0.988s] reading manifest file 'bumperbot_controller.egg-info/SOURCES.txt'
[0.988s] writing manifest file 'bumperbot_controller.egg-info/SOURCES.txt'
[1.020s] Built target ament_cmake_python_build_bumperbot_controller_egg
[1.109s] Invoked command in '/home/sarthak/bumperbot_ws/build/bumperbot_controller' returned '0': CMAKE_PREFIX_PATH=/opt/ros/humble /usr/bin/cmake --build /home/sarthak/bumperbot_ws/build/bumperbot_controller -- -j12 -l12
[1.207s] Invoking command in '/home/sarthak/bumperbot_ws/build/bumperbot_controller': CMAKE_PREFIX_PATH=/opt/ros/humble /usr/bin/cmake --install /home/sarthak/bumperbot_ws/build/bumperbot_controller
[1.222s] -- Install configuration: ""
[1.223s] -- Up-to-date: /home/sarthak/bumperbot_ws/install/bumperbot_controller/share/bumperbot_controller/environment/pythonpath.sh
[1.223s] -- Installing: /home/sarthak/bumperbot_ws/install/bumperbot_controller/share/bumperbot_controller/environment/pythonpath.dsv
[1.223s] -- Up-to-date: /home/sarthak/bumperbot_ws/install/bumperbot_controller/local/lib/python3.10/dist-packages/bumperbot_controller-0.0.0-py3.10.egg-info
[1.223s] -- Installing: /home/sarthak/bumperbot_ws/install/bumperbot_controller/local/lib/python3.10/dist-packages/bumperbot_controller-0.0.0-py3.10.egg-info/dependency_links.txt
[1.224s] -- Installing: /home/sarthak/bumperbot_ws/install/bumperbot_controller/local/lib/python3.10/dist-packages/bumperbot_controller-0.0.0-py3.10.egg-info/SOURCES.txt
[1.224s] -- Installing: /home/sarthak/bumperbot_ws/install/bumperbot_controller/local/lib/python3.10/dist-packages/bumperbot_controller-0.0.0-py3.10.egg-info/PKG-INFO
[1.224s] -- Installing: /home/sarthak/bumperbot_ws/install/bumperbot_controller/local/lib/python3.10/dist-packages/bumperbot_controller-0.0.0-py3.10.egg-info/top_level.txt
[1.225s] -- Up-to-date: /home/sarthak/bumperbot_ws/install/bumperbot_controller/local/lib/python3.10/dist-packages/bumperbot_controller
[1.225s] -- Installing: /home/sarthak/bumperbot_ws/install/bumperbot_controller/local/lib/python3.10/dist-packages/bumperbot_controller/__init__.py
[1.225s] -- Installing: /home/sarthak/bumperbot_ws/install/bumperbot_controller/local/lib/python3.10/dist-packages/bumperbot_controller/simple_controller.py
[1.264s] Listing '/home/sarthak/bumperbot_ws/install/bumperbot_controller/local/lib/python3.10/dist-packages/bumperbot_controller'...
[1.268s] -- Up-to-date: /home/sarthak/bumperbot_ws/install/bumperbot_controller/share/bumperbot_controller/config
[1.268s] -- Installing: /home/sarthak/bumperbot_ws/install/bumperbot_controller/share/bumperbot_controller/config/joy_config.yaml
[1.281s] -- Up-to-date: /home/sarthak/bumperbot_ws/install/bumperbot_controller/share/bumperbot_controller/config/bumperbot_controllers.yaml
[1.281s] -- Installing: /home/sarthak/bumperbot_ws/install/bumperbot_controller/share/bumperbot_controller/config/joy_teleop_config.yaml
[1.290s] -- Up-to-date: /home/sarthak/bumperbot_ws/install/bumperbot_controller/share/bumperbot_controller/launch
[1.290s] -- Up-to-date: /home/sarthak/bumperbot_ws/install/bumperbot_controller/share/bumperbot_controller/launch/controller.launch.py
[1.291s] -- Installing: /home/sarthak/bumperbot_ws/install/bumperbot_controller/share/bumperbot_controller/launch/joystick_teleop.launch.py
[1.291s] -- Installing: /home/sarthak/bumperbot_ws/install/bumperbot_controller/lib/bumperbot_controller/simple_controller.py
[1.291s] -- Installing: /home/sarthak/bumperbot_ws/install/bumperbot_controller/share/ament_index/resource_index/package_run_dependencies/bumperbot_controller
[1.292s] -- Installing: /home/sarthak/bumperbot_ws/install/bumperbot_controller/share/ament_index/resource_index/parent_prefix_path/bumperbot_controller
[1.292s] -- Installing: /home/sarthak/bumperbot_ws/install/bumperbot_controller/share/bumperbot_controller/environment/ament_prefix_path.sh
[1.293s] -- Installing: /home/sarthak/bumperbot_ws/install/bumperbot_controller/share/bumperbot_controller/environment/ament_prefix_path.dsv
[1.293s] -- Installing: /home/sarthak/bumperbot_ws/install/bumperbot_controller/share/bumperbot_controller/environment/path.sh
[1.294s] -- Installing: /home/sarthak/bumperbot_ws/install/bumperbot_controller/share/bumperbot_controller/environment/path.dsv
[1.294s] -- Up-to-date: /home/sarthak/bumperbot_ws/install/bumperbot_controller/share/bumperbot_controller/local_setup.bash
[1.294s] -- Up-to-date: /home/sarthak/bumperbot_ws/install/bumperbot_controller/share/bumperbot_controller/local_setup.sh
[1.294s] -- Up-to-date: /home/sarthak/bumperbot_ws/install/bumperbot_controller/share/bumperbot_controller/local_setup.zsh
[1.295s] -- Installing: /home/sarthak/bumperbot_ws/install/bumperbot_controller/share/bumperbot_controller/local_setup.dsv
[1.295s] -- Installing: /home/sarthak/bumperbot_ws/install/bumperbot_controller/share/bumperbot_controller/package.dsv
[1.295s] -- Installing: /home/sarthak/bumperbot_ws/install/bumperbot_controller/share/ament_index/resource_index/packages/bumperbot_controller
[1.296s] -- Up-to-date: /home/sarthak/bumperbot_ws/install/bumperbot_controller/share/bumperbot_controller/cmake/bumperbot_controllerConfig.cmake
[1.296s] -- Up-to-date: /home/sarthak/bumperbot_ws/install/bumperbot_controller/share/bumperbot_controller/cmake/bumperbot_controllerConfig-version.cmake
[1.296s] -- Installing: /home/sarthak/bumperbot_ws/install/bumperbot_controller/share/bumperbot_controller/package.xml
[1.302s] Invoked command in '/home/sarthak/bumperbot_ws/build/bumperbot_controller' returned '0': CMAKE_PREFIX_PATH=/opt/ros/humble /usr/bin/cmake --install /home/sarthak/bumperbot_ws/build/bumperbot_controller
