[0.053s] Invoking command in '/home/sarthak/bumperbot_ws/build/bumperbot_controller': CMAKE_PREFIX_PATH=/opt/ros/humble /usr/bin/cmake --build /home/sarthak/bumperbot_ws/build/bumperbot_controller -- -j12 -l12
[0.511s] Built target ament_cmake_python_copy_bumperbot_controller
[0.862s] running egg_info
[0.863s] writing bumperbot_controller.egg-info/PKG-INFO
[0.863s] writing dependency_links to bumperbot_controller.egg-info/dependency_links.txt
[0.874s] writing top-level names to bumperbot_controller.egg-info/top_level.txt
[0.898s] reading manifest file 'bumperbot_controller.egg-info/SOURCES.txt'
[0.899s] writing manifest file 'bumperbot_controller.egg-info/SOURCES.txt'
[0.952s] Built target ament_cmake_python_build_bumperbot_controller_egg
[0.965s] Invoked command in '/home/sarthak/bumperbot_ws/build/bumperbot_controller' returned '0': CMAKE_PREFIX_PATH=/opt/ros/humble /usr/bin/cmake --build /home/sarthak/bumperbot_ws/build/bumperbot_controller -- -j12 -l12
[0.991s] Invoking command in '/home/sarthak/bumperbot_ws/build/bumperbot_controller': CMAKE_PREFIX_PATH=/opt/ros/humble /usr/bin/cmake --install /home/sarthak/bumperbot_ws/build/bumperbot_controller
[1.026s] -- Install configuration: ""
[1.026s] -- Up-to-date: /home/sarthak/bumperbot_ws/install/bumperbot_controller/share/bumperbot_controller/environment/pythonpath.sh
[1.027s] -- Up-to-date: /home/sarthak/bumperbot_ws/install/bumperbot_controller/share/bumperbot_controller/environment/pythonpath.dsv
[1.027s] -- Up-to-date: /home/sarthak/bumperbot_ws/install/bumperbot_controller/local/lib/python3.10/dist-packages/bumperbot_controller-0.0.0-py3.10.egg-info
[1.027s] -- Installing: /home/sarthak/bumperbot_ws/install/bumperbot_controller/local/lib/python3.10/dist-packages/bumperbot_controller-0.0.0-py3.10.egg-info/dependency_links.txt
[1.027s] -- Installing: /home/sarthak/bumperbot_ws/install/bumperbot_controller/local/lib/python3.10/dist-packages/bumperbot_controller-0.0.0-py3.10.egg-info/SOURCES.txt
[1.027s] -- Installing: /home/sarthak/bumperbot_ws/install/bumperbot_controller/local/lib/python3.10/dist-packages/bumperbot_controller-0.0.0-py3.10.egg-info/PKG-INFO
[1.027s] -- Installing: /home/sarthak/bumperbot_ws/install/bumperbot_controller/local/lib/python3.10/dist-packages/bumperbot_controller-0.0.0-py3.10.egg-info/top_level.txt
[1.028s] -- Up-to-date: /home/sarthak/bumperbot_ws/install/bumperbot_controller/local/lib/python3.10/dist-packages/bumperbot_controller
[1.028s] -- Up-to-date: /home/sarthak/bumperbot_ws/install/bumperbot_controller/local/lib/python3.10/dist-packages/bumperbot_controller/__init__.py
[1.028s] -- Installing: /home/sarthak/bumperbot_ws/install/bumperbot_controller/local/lib/python3.10/dist-packages/bumperbot_controller/simple_controller.py
[1.099s] Listing '/home/sarthak/bumperbot_ws/install/bumperbot_controller/local/lib/python3.10/dist-packages/bumperbot_controller'...
[1.100s] Compiling '/home/sarthak/bumperbot_ws/install/bumperbot_controller/local/lib/python3.10/dist-packages/bumperbot_controller/simple_controller.py'...
[1.107s] -- Up-to-date: /home/sarthak/bumperbot_ws/install/bumperbot_controller/share/bumperbot_controller/config
[1.107s] -- Up-to-date: /home/sarthak/bumperbot_ws/install/bumperbot_controller/share/bumperbot_controller/config/joy_config.yaml
[1.107s] -- Up-to-date: /home/sarthak/bumperbot_ws/install/bumperbot_controller/share/bumperbot_controller/config/bumperbot_controllers.yaml
[1.107s] -- Up-to-date: /home/sarthak/bumperbot_ws/install/bumperbot_controller/share/bumperbot_controller/config/joy_teleop_config.yaml
[1.107s] -- Up-to-date: /home/sarthak/bumperbot_ws/install/bumperbot_controller/share/bumperbot_controller/launch
[1.107s] -- Up-to-date: /home/sarthak/bumperbot_ws/install/bumperbot_controller/share/bumperbot_controller/launch/controller.launch.py
[1.107s] -- Up-to-date: /home/sarthak/bumperbot_ws/install/bumperbot_controller/share/bumperbot_controller/launch/joystick_teleop.launch.py
[1.107s] -- Installing: /home/sarthak/bumperbot_ws/install/bumperbot_controller/lib/bumperbot_controller/simple_controller.py
[1.108s] -- Up-to-date: /home/sarthak/bumperbot_ws/install/bumperbot_controller/share/ament_index/resource_index/package_run_dependencies/bumperbot_controller
[1.108s] -- Up-to-date: /home/sarthak/bumperbot_ws/install/bumperbot_controller/share/ament_index/resource_index/parent_prefix_path/bumperbot_controller
[1.108s] -- Up-to-date: /home/sarthak/bumperbot_ws/install/bumperbot_controller/share/bumperbot_controller/environment/ament_prefix_path.sh
[1.108s] -- Up-to-date: /home/sarthak/bumperbot_ws/install/bumperbot_controller/share/bumperbot_controller/environment/ament_prefix_path.dsv
[1.108s] -- Up-to-date: /home/sarthak/bumperbot_ws/install/bumperbot_controller/share/bumperbot_controller/environment/path.sh
[1.108s] -- Up-to-date: /home/sarthak/bumperbot_ws/install/bumperbot_controller/share/bumperbot_controller/environment/path.dsv
[1.109s] -- Up-to-date: /home/sarthak/bumperbot_ws/install/bumperbot_controller/share/bumperbot_controller/local_setup.bash
[1.109s] -- Up-to-date: /home/sarthak/bumperbot_ws/install/bumperbot_controller/share/bumperbot_controller/local_setup.sh
[1.109s] -- Up-to-date: /home/sarthak/bumperbot_ws/install/bumperbot_controller/share/bumperbot_controller/local_setup.zsh
[1.109s] -- Up-to-date: /home/sarthak/bumperbot_ws/install/bumperbot_controller/share/bumperbot_controller/local_setup.dsv
[1.109s] -- Up-to-date: /home/sarthak/bumperbot_ws/install/bumperbot_controller/share/bumperbot_controller/package.dsv
[1.109s] -- Up-to-date: /home/sarthak/bumperbot_ws/install/bumperbot_controller/share/ament_index/resource_index/packages/bumperbot_controller
[1.109s] -- Up-to-date: /home/sarthak/bumperbot_ws/install/bumperbot_controller/share/bumperbot_controller/cmake/bumperbot_controllerConfig.cmake
[1.110s] -- Up-to-date: /home/sarthak/bumperbot_ws/install/bumperbot_controller/share/bumperbot_controller/cmake/bumperbot_controllerConfig-version.cmake
[1.110s] -- Up-to-date: /home/sarthak/bumperbot_ws/install/bumperbot_controller/share/bumperbot_controller/package.xml
[1.115s] Invoked command in '/home/sarthak/bumperbot_ws/build/bumperbot_controller' returned '0': CMAKE_PREFIX_PATH=/opt/ros/humble /usr/bin/cmake --install /home/sarthak/bumperbot_ws/build/bumperbot_controller
