[0.158s] Invoking command in '/home/sarthak/bumperbot_ws/build/bumperbot_controller': CMAKE_PREFIX_PATH=/opt/ros/humble /usr/bin/cmake --build /home/sarthak/bumperbot_ws/build/bumperbot_controller -- -j12 -l12
[0.625s] Built target ament_cmake_python_copy_bumperbot_controller
[0.926s] running egg_info
[0.927s] writing bumperbot_controller.egg-info/PKG-INFO
[0.927s] writing dependency_links to bumperbot_controller.egg-info/dependency_links.txt
[0.927s] writing top-level names to bumperbot_controller.egg-info/top_level.txt
[0.962s] reading manifest file 'bumperbot_controller.egg-info/SOURCES.txt'
[0.962s] writing manifest file 'bumperbot_controller.egg-info/SOURCES.txt'
[0.996s] Built target ament_cmake_python_build_bumperbot_controller_egg
[1.009s] Invoked command in '/home/sarthak/bumperbot_ws/build/bumperbot_controller' returned '0': CMAKE_PREFIX_PATH=/opt/ros/humble /usr/bin/cmake --build /home/sarthak/bumperbot_ws/build/bumperbot_controller -- -j12 -l12
[1.038s] Invoking command in '/home/sarthak/bumperbot_ws/build/bumperbot_controller': CMAKE_PREFIX_PATH=/opt/ros/humble /usr/bin/cmake --install /home/sarthak/bumperbot_ws/build/bumperbot_controller
[1.062s] -- Install configuration: ""
[1.062s] -- Up-to-date: /home/sarthak/bumperbot_ws/install/bumperbot_controller/share/bumperbot_controller/environment/pythonpath.sh
[1.062s] -- Up-to-date: /home/sarthak/bumperbot_ws/install/bumperbot_controller/share/bumperbot_controller/environment/pythonpath.dsv
[1.063s] -- Up-to-date: /home/sarthak/bumperbot_ws/install/bumperbot_controller/local/lib/python3.10/dist-packages/bumperbot_controller-0.0.0-py3.10.egg-info
[1.063s] -- Installing: /home/sarthak/bumperbot_ws/install/bumperbot_controller/local/lib/python3.10/dist-packages/bumperbot_controller-0.0.0-py3.10.egg-info/dependency_links.txt
[1.063s] -- Installing: /home/sarthak/bumperbot_ws/install/bumperbot_controller/local/lib/python3.10/dist-packages/bumperbot_controller-0.0.0-py3.10.egg-info/SOURCES.txt
[1.063s] -- Installing: /home/sarthak/bumperbot_ws/install/bumperbot_controller/local/lib/python3.10/dist-packages/bumperbot_controller-0.0.0-py3.10.egg-info/PKG-INFO
[1.063s] -- Installing: /home/sarthak/bumperbot_ws/install/bumperbot_controller/local/lib/python3.10/dist-packages/bumperbot_controller-0.0.0-py3.10.egg-info/top_level.txt
[1.063s] -- Up-to-date: /home/sarthak/bumperbot_ws/install/bumperbot_controller/local/lib/python3.10/dist-packages/bumperbot_controller
[1.064s] -- Up-to-date: /home/sarthak/bumperbot_ws/install/bumperbot_controller/local/lib/python3.10/dist-packages/bumperbot_controller/__init__.py
[1.064s] -- Up-to-date: /home/sarthak/bumperbot_ws/install/bumperbot_controller/local/lib/python3.10/dist-packages/bumperbot_controller/simple_controller.py
[1.153s] Listing '/home/sarthak/bumperbot_ws/install/bumperbot_controller/local/lib/python3.10/dist-packages/bumperbot_controller'...
[1.160s] -- Up-to-date: /home/sarthak/bumperbot_ws/install/bumperbot_controller/share/bumperbot_controller/config
[1.161s] -- Up-to-date: /home/sarthak/bumperbot_ws/install/bumperbot_controller/share/bumperbot_controller/config/joy_config.yaml
[1.161s] -- Up-to-date: /home/sarthak/bumperbot_ws/install/bumperbot_controller/share/bumperbot_controller/config/bumperbot_controllers.yaml
[1.161s] -- Up-to-date: /home/sarthak/bumperbot_ws/install/bumperbot_controller/share/bumperbot_controller/config/joy_teleop_config.yaml
[1.161s] -- Up-to-date: /home/sarthak/bumperbot_ws/install/bumperbot_controller/share/bumperbot_controller/launch
[1.162s] -- Up-to-date: /home/sarthak/bumperbot_ws/install/bumperbot_controller/share/bumperbot_controller/launch/controller.launch.py
[1.162s] -- Up-to-date: /home/sarthak/bumperbot_ws/install/bumperbot_controller/share/bumperbot_controller/launch/joystick_teleop.launch.py
[1.162s] -- Up-to-date: /home/sarthak/bumperbot_ws/install/bumperbot_controller/lib/bumperbot_controller/simple_controller.py
[1.162s] -- Up-to-date: /home/sarthak/bumperbot_ws/install/bumperbot_controller/share/ament_index/resource_index/package_run_dependencies/bumperbot_controller
[1.162s] -- Up-to-date: /home/sarthak/bumperbot_ws/install/bumperbot_controller/share/ament_index/resource_index/parent_prefix_path/bumperbot_controller
[1.162s] -- Up-to-date: /home/sarthak/bumperbot_ws/install/bumperbot_controller/share/bumperbot_controller/environment/ament_prefix_path.sh
[1.162s] -- Up-to-date: /home/sarthak/bumperbot_ws/install/bumperbot_controller/share/bumperbot_controller/environment/ament_prefix_path.dsv
[1.162s] -- Up-to-date: /home/sarthak/bumperbot_ws/install/bumperbot_controller/share/bumperbot_controller/environment/path.sh
[1.163s] -- Up-to-date: /home/sarthak/bumperbot_ws/install/bumperbot_controller/share/bumperbot_controller/environment/path.dsv
[1.163s] -- Up-to-date: /home/sarthak/bumperbot_ws/install/bumperbot_controller/share/bumperbot_controller/local_setup.bash
[1.163s] -- Up-to-date: /home/sarthak/bumperbot_ws/install/bumperbot_controller/share/bumperbot_controller/local_setup.sh
[1.163s] -- Up-to-date: /home/sarthak/bumperbot_ws/install/bumperbot_controller/share/bumperbot_controller/local_setup.zsh
[1.163s] -- Up-to-date: /home/sarthak/bumperbot_ws/install/bumperbot_controller/share/bumperbot_controller/local_setup.dsv
[1.164s] -- Installing: /home/sarthak/bumperbot_ws/install/bumperbot_controller/share/bumperbot_controller/package.dsv
[1.166s] -- Up-to-date: /home/sarthak/bumperbot_ws/install/bumperbot_controller/share/ament_index/resource_index/packages/bumperbot_controller
[1.166s] -- Up-to-date: /home/sarthak/bumperbot_ws/install/bumperbot_controller/share/bumperbot_controller/cmake/bumperbot_controllerConfig.cmake
[1.167s] -- Up-to-date: /home/sarthak/bumperbot_ws/install/bumperbot_controller/share/bumperbot_controller/cmake/bumperbot_controllerConfig-version.cmake
[1.167s] -- Up-to-date: /home/sarthak/bumperbot_ws/install/bumperbot_controller/share/bumperbot_controller/package.xml
[1.169s] Invoked command in '/home/sarthak/bumperbot_ws/build/bumperbot_controller' returned '0': CMAKE_PREFIX_PATH=/opt/ros/humble /usr/bin/cmake --install /home/sarthak/bumperbot_ws/build/bumperbot_controller
