[0.890s] DEBUG:colcon:Command line arguments: ['/usr/bin/colcon', 'build']
[0.891s] DEBUG:colcon:Parsed command line arguments: Namespace(log_base=None, log_level=None, verb_name='build', build_base='build', install_base='install', merge_install=False, symlink_install=False, test_result_base=None, continue_on_error=False, executor='parallel', parallel_workers=12, event_handlers=None, ignore_user_meta=False, metas=['./colcon.meta'], base_paths=['.'], packages_ignore=None, packages_ignore_regex=None, paths=None, packages_up_to=None, packages_up_to_regex=None, packages_above=None, packages_above_and_dependencies=None, packages_above_depth=None, packages_select_by_dep=None, packages_skip_by_dep=None, packages_skip_up_to=None, packages_select_build_failed=False, packages_skip_build_finished=False, packages_select_test_failures=False, packages_skip_test_passed=False, packages_select=None, packages_skip=None, packages_select_regex=None, packages_skip_regex=None, packages_start=None, packages_end=None, allow_overriding=[], cmake_args=None, cmake_target=None, cmake_target_skip_unavailable=False, cmake_clean_cache=False, cmake_clean_first=False, cmake_force_configure=False, ament_cmake_args=None, catkin_cmake_args=None, catkin_skip_building_tests=False, verb_parser=<colcon_defaults.argument_parser.defaults.DefaultArgumentsDecorator object at 0x7fce0f8885e0>, verb_extension=<colcon_core.verb.build.BuildVerb object at 0x7fce0f889ed0>, main=<bound method BuildVerb.main of <colcon_core.verb.build.BuildVerb object at 0x7fce0f889ed0>>)
[0.931s] Level 1:colcon.colcon_core.package_discovery:discover_packages(colcon_meta) check parameters
[0.931s] Level 1:colcon.colcon_core.package_discovery:discover_packages(recursive) check parameters
[0.931s] Level 1:colcon.colcon_core.package_discovery:discover_packages(ignore) check parameters
[0.931s] Level 1:colcon.colcon_core.package_discovery:discover_packages(path) check parameters
[0.931s] Level 1:colcon.colcon_core.package_discovery:discover_packages(colcon_meta) discover
[0.931s] Level 1:colcon.colcon_core.package_discovery:discover_packages(recursive) discover
[0.931s] INFO:colcon.colcon_core.package_discovery:Crawling recursively for packages in '/home/sarthak/bumperbot_ws'
[0.931s] Level 1:colcon.colcon_core.package_identification:_identify(.) by extensions ['ignore', 'ignore_ament_install']
[0.932s] Level 1:colcon.colcon_core.package_identification:_identify(.) by extension 'ignore'
[0.932s] Level 1:colcon.colcon_core.package_identification:_identify(.) by extension 'ignore_ament_install'
[0.932s] Level 1:colcon.colcon_core.package_identification:_identify(.) by extensions ['colcon_pkg']
[0.932s] Level 1:colcon.colcon_core.package_identification:_identify(.) by extension 'colcon_pkg'
[0.932s] Level 1:colcon.colcon_core.package_identification:_identify(.) by extensions ['colcon_meta']
[0.932s] Level 1:colcon.colcon_core.package_identification:_identify(.) by extension 'colcon_meta'
[0.932s] Level 1:colcon.colcon_core.package_identification:_identify(.) by extensions ['ros']
[0.932s] Level 1:colcon.colcon_core.package_identification:_identify(.) by extension 'ros'
[0.941s] Level 1:colcon.colcon_core.package_identification:_identify(.) by extensions ['cmake', 'python']
[0.941s] Level 1:colcon.colcon_core.package_identification:_identify(.) by extension 'cmake'
[0.941s] Level 1:colcon.colcon_core.package_identification:_identify(.) by extension 'python'
[0.941s] Level 1:colcon.colcon_core.package_identification:_identify(.) by extensions ['python_setup_py']
[0.941s] Level 1:colcon.colcon_core.package_identification:_identify(.) by extension 'python_setup_py'
[0.941s] Level 1:colcon.colcon_core.package_identification:_identify(build) by extensions ['ignore', 'ignore_ament_install']
[0.941s] Level 1:colcon.colcon_core.package_identification:_identify(build) by extension 'ignore'
[0.941s] Level 1:colcon.colcon_core.package_identification:_identify(build) ignored
[0.941s] Level 1:colcon.colcon_core.package_identification:_identify(install) by extensions ['ignore', 'ignore_ament_install']
[0.941s] Level 1:colcon.colcon_core.package_identification:_identify(install) by extension 'ignore'
[0.941s] Level 1:colcon.colcon_core.package_identification:_identify(install) ignored
[0.942s] Level 1:colcon.colcon_core.package_identification:_identify(log) by extensions ['ignore', 'ignore_ament_install']
[0.942s] Level 1:colcon.colcon_core.package_identification:_identify(log) by extension 'ignore'
[0.942s] Level 1:colcon.colcon_core.package_identification:_identify(log) ignored
[0.942s] Level 1:colcon.colcon_core.package_identification:_identify(src) by extensions ['ignore', 'ignore_ament_install']
[0.942s] Level 1:colcon.colcon_core.package_identification:_identify(src) by extension 'ignore'
[0.942s] Level 1:colcon.colcon_core.package_identification:_identify(src) by extension 'ignore_ament_install'
[0.942s] Level 1:colcon.colcon_core.package_identification:_identify(src) by extensions ['colcon_pkg']
[0.942s] Level 1:colcon.colcon_core.package_identification:_identify(src) by extension 'colcon_pkg'
[0.942s] Level 1:colcon.colcon_core.package_identification:_identify(src) by extensions ['colcon_meta']
[0.942s] Level 1:colcon.colcon_core.package_identification:_identify(src) by extension 'colcon_meta'
[0.942s] Level 1:colcon.colcon_core.package_identification:_identify(src) by extensions ['ros']
[0.942s] Level 1:colcon.colcon_core.package_identification:_identify(src) by extension 'ros'
[0.942s] Level 1:colcon.colcon_core.package_identification:_identify(src) by extensions ['cmake', 'python']
[0.942s] Level 1:colcon.colcon_core.package_identification:_identify(src) by extension 'cmake'
[0.942s] Level 1:colcon.colcon_core.package_identification:_identify(src) by extension 'python'
[0.942s] Level 1:colcon.colcon_core.package_identification:_identify(src) by extensions ['python_setup_py']
[0.942s] Level 1:colcon.colcon_core.package_identification:_identify(src) by extension 'python_setup_py'
[0.942s] Level 1:colcon.colcon_core.package_identification:_identify(src/bumperbot_controller) by extensions ['ignore', 'ignore_ament_install']
[0.942s] Level 1:colcon.colcon_core.package_identification:_identify(src/bumperbot_controller) by extension 'ignore'
[0.942s] Level 1:colcon.colcon_core.package_identification:_identify(src/bumperbot_controller) by extension 'ignore_ament_install'
[0.943s] Level 1:colcon.colcon_core.package_identification:_identify(src/bumperbot_controller) by extensions ['colcon_pkg']
[0.943s] Level 1:colcon.colcon_core.package_identification:_identify(src/bumperbot_controller) by extension 'colcon_pkg'
[0.943s] Level 1:colcon.colcon_core.package_identification:_identify(src/bumperbot_controller) by extensions ['colcon_meta']
[0.943s] Level 1:colcon.colcon_core.package_identification:_identify(src/bumperbot_controller) by extension 'colcon_meta'
[0.943s] Level 1:colcon.colcon_core.package_identification:_identify(src/bumperbot_controller) by extensions ['ros']
[0.943s] Level 1:colcon.colcon_core.package_identification:_identify(src/bumperbot_controller) by extension 'ros'
[0.945s] DEBUG:colcon.colcon_core.package_identification:Package 'src/bumperbot_controller' with type 'ros.ament_cmake' and name 'bumperbot_controller'
[0.945s] Level 1:colcon.colcon_core.package_identification:_identify(src/bumperbot_cpp_examples) by extensions ['ignore', 'ignore_ament_install']
[0.945s] Level 1:colcon.colcon_core.package_identification:_identify(src/bumperbot_cpp_examples) by extension 'ignore'
[0.945s] Level 1:colcon.colcon_core.package_identification:_identify(src/bumperbot_cpp_examples) by extension 'ignore_ament_install'
[0.945s] Level 1:colcon.colcon_core.package_identification:_identify(src/bumperbot_cpp_examples) by extensions ['colcon_pkg']
[0.945s] Level 1:colcon.colcon_core.package_identification:_identify(src/bumperbot_cpp_examples) by extension 'colcon_pkg'
[0.945s] Level 1:colcon.colcon_core.package_identification:_identify(src/bumperbot_cpp_examples) by extensions ['colcon_meta']
[0.945s] Level 1:colcon.colcon_core.package_identification:_identify(src/bumperbot_cpp_examples) by extension 'colcon_meta'
[0.945s] Level 1:colcon.colcon_core.package_identification:_identify(src/bumperbot_cpp_examples) by extensions ['ros']
[0.945s] Level 1:colcon.colcon_core.package_identification:_identify(src/bumperbot_cpp_examples) by extension 'ros'
[0.946s] DEBUG:colcon.colcon_core.package_identification:Package 'src/bumperbot_cpp_examples' with type 'ros.ament_cmake' and name 'bumperbot_cpp_examples'
[0.946s] Level 1:colcon.colcon_core.package_identification:_identify(src/bumperbot_description) by extensions ['ignore', 'ignore_ament_install']
[0.946s] Level 1:colcon.colcon_core.package_identification:_identify(src/bumperbot_description) by extension 'ignore'
[0.946s] Level 1:colcon.colcon_core.package_identification:_identify(src/bumperbot_description) by extension 'ignore_ament_install'
[0.946s] Level 1:colcon.colcon_core.package_identification:_identify(src/bumperbot_description) by extensions ['colcon_pkg']
[0.946s] Level 1:colcon.colcon_core.package_identification:_identify(src/bumperbot_description) by extension 'colcon_pkg'
[0.946s] Level 1:colcon.colcon_core.package_identification:_identify(src/bumperbot_description) by extensions ['colcon_meta']
[0.946s] Level 1:colcon.colcon_core.package_identification:_identify(src/bumperbot_description) by extension 'colcon_meta'
[0.946s] Level 1:colcon.colcon_core.package_identification:_identify(src/bumperbot_description) by extensions ['ros']
[0.946s] Level 1:colcon.colcon_core.package_identification:_identify(src/bumperbot_description) by extension 'ros'
[0.947s] DEBUG:colcon.colcon_core.package_identification:Package 'src/bumperbot_description' with type 'ros.ament_cmake' and name 'bumperbot_description'
[0.947s] Level 1:colcon.colcon_core.package_identification:_identify(src/bumperbot_py_examples) by extensions ['ignore', 'ignore_ament_install']
[0.947s] Level 1:colcon.colcon_core.package_identification:_identify(src/bumperbot_py_examples) by extension 'ignore'
[0.947s] Level 1:colcon.colcon_core.package_identification:_identify(src/bumperbot_py_examples) by extension 'ignore_ament_install'
[0.947s] Level 1:colcon.colcon_core.package_identification:_identify(src/bumperbot_py_examples) by extensions ['colcon_pkg']
[0.947s] Level 1:colcon.colcon_core.package_identification:_identify(src/bumperbot_py_examples) by extension 'colcon_pkg'
[0.947s] Level 1:colcon.colcon_core.package_identification:_identify(src/bumperbot_py_examples) by extensions ['colcon_meta']
[0.947s] Level 1:colcon.colcon_core.package_identification:_identify(src/bumperbot_py_examples) by extension 'colcon_meta'
[0.947s] Level 1:colcon.colcon_core.package_identification:_identify(src/bumperbot_py_examples) by extensions ['ros']
[0.947s] Level 1:colcon.colcon_core.package_identification:_identify(src/bumperbot_py_examples) by extension 'ros'
[0.947s] DEBUG:colcon.colcon_core.package_identification:Package 'src/bumperbot_py_examples' with type 'ros.ament_python' and name 'bumperbot_py_examples'
[0.947s] Level 1:colcon.colcon_core.package_discovery:discover_packages(recursive) using defaults
[0.947s] Level 1:colcon.colcon_core.package_discovery:discover_packages(ignore) discover
[0.947s] Level 1:colcon.colcon_core.package_discovery:discover_packages(ignore) using defaults
[0.947s] Level 1:colcon.colcon_core.package_discovery:discover_packages(path) discover
[0.947s] Level 1:colcon.colcon_core.package_discovery:discover_packages(path) using defaults
[1.028s] Level 1:colcon.colcon_core.package_discovery:discover_packages(prefix_path) check parameters
[1.028s] Level 1:colcon.colcon_core.package_discovery:discover_packages(prefix_path) discover
[1.056s] DEBUG:colcon.colcon_installed_package_information.package_discovery:Found 345 installed packages in /opt/ros/humble
[1.057s] Level 1:colcon.colcon_core.package_discovery:discover_packages(prefix_path) using defaults
[1.154s] Level 5:colcon.colcon_core.verb:set package 'bumperbot_controller' build argument 'cmake_args' from command line to 'None'
[1.154s] Level 5:colcon.colcon_core.verb:set package 'bumperbot_controller' build argument 'cmake_target' from command line to 'None'
[1.154s] Level 5:colcon.colcon_core.verb:set package 'bumperbot_controller' build argument 'cmake_target_skip_unavailable' from command line to 'False'
[1.154s] Level 5:colcon.colcon_core.verb:set package 'bumperbot_controller' build argument 'cmake_clean_cache' from command line to 'False'
[1.154s] Level 5:colcon.colcon_core.verb:set package 'bumperbot_controller' build argument 'cmake_clean_first' from command line to 'False'
[1.154s] Level 5:colcon.colcon_core.verb:set package 'bumperbot_controller' build argument 'cmake_force_configure' from command line to 'False'
[1.154s] Level 5:colcon.colcon_core.verb:set package 'bumperbot_controller' build argument 'ament_cmake_args' from command line to 'None'
[1.154s] Level 5:colcon.colcon_core.verb:set package 'bumperbot_controller' build argument 'catkin_cmake_args' from command line to 'None'
[1.154s] Level 5:colcon.colcon_core.verb:set package 'bumperbot_controller' build argument 'catkin_skip_building_tests' from command line to 'False'
[1.154s] DEBUG:colcon.colcon_core.verb:Building package 'bumperbot_controller' with the following arguments: {'ament_cmake_args': None, 'build_base': '/home/sarthak/bumperbot_ws/build/bumperbot_controller', 'catkin_cmake_args': None, 'catkin_skip_building_tests': False, 'cmake_args': None, 'cmake_clean_cache': False, 'cmake_clean_first': False, 'cmake_force_configure': False, 'cmake_target': None, 'cmake_target_skip_unavailable': False, 'install_base': '/home/sarthak/bumperbot_ws/install/bumperbot_controller', 'merge_install': False, 'path': '/home/sarthak/bumperbot_ws/src/bumperbot_controller', 'symlink_install': False, 'test_result_base': None}
[1.167s] Level 5:colcon.colcon_core.verb:set package 'bumperbot_cpp_examples' build argument 'cmake_args' from command line to 'None'
[1.167s] Level 5:colcon.colcon_core.verb:set package 'bumperbot_cpp_examples' build argument 'cmake_target' from command line to 'None'
[1.167s] Level 5:colcon.colcon_core.verb:set package 'bumperbot_cpp_examples' build argument 'cmake_target_skip_unavailable' from command line to 'False'
[1.167s] Level 5:colcon.colcon_core.verb:set package 'bumperbot_cpp_examples' build argument 'cmake_clean_cache' from command line to 'False'
[1.168s] Level 5:colcon.colcon_core.verb:set package 'bumperbot_cpp_examples' build argument 'cmake_clean_first' from command line to 'False'
[1.168s] Level 5:colcon.colcon_core.verb:set package 'bumperbot_cpp_examples' build argument 'cmake_force_configure' from command line to 'False'
[1.168s] Level 5:colcon.colcon_core.verb:set package 'bumperbot_cpp_examples' build argument 'ament_cmake_args' from command line to 'None'
[1.168s] Level 5:colcon.colcon_core.verb:set package 'bumperbot_cpp_examples' build argument 'catkin_cmake_args' from command line to 'None'
[1.168s] Level 5:colcon.colcon_core.verb:set package 'bumperbot_cpp_examples' build argument 'catkin_skip_building_tests' from command line to 'False'
[1.168s] DEBUG:colcon.colcon_core.verb:Building package 'bumperbot_cpp_examples' with the following arguments: {'ament_cmake_args': None, 'build_base': '/home/sarthak/bumperbot_ws/build/bumperbot_cpp_examples', 'catkin_cmake_args': None, 'catkin_skip_building_tests': False, 'cmake_args': None, 'cmake_clean_cache': False, 'cmake_clean_first': False, 'cmake_force_configure': False, 'cmake_target': None, 'cmake_target_skip_unavailable': False, 'install_base': '/home/sarthak/bumperbot_ws/install/bumperbot_cpp_examples', 'merge_install': False, 'path': '/home/sarthak/bumperbot_ws/src/bumperbot_cpp_examples', 'symlink_install': False, 'test_result_base': None}
[1.181s] Level 5:colcon.colcon_core.verb:set package 'bumperbot_description' build argument 'cmake_args' from command line to 'None'
[1.181s] Level 5:colcon.colcon_core.verb:set package 'bumperbot_description' build argument 'cmake_target' from command line to 'None'
[1.181s] Level 5:colcon.colcon_core.verb:set package 'bumperbot_description' build argument 'cmake_target_skip_unavailable' from command line to 'False'
[1.181s] Level 5:colcon.colcon_core.verb:set package 'bumperbot_description' build argument 'cmake_clean_cache' from command line to 'False'
[1.181s] Level 5:colcon.colcon_core.verb:set package 'bumperbot_description' build argument 'cmake_clean_first' from command line to 'False'
[1.181s] Level 5:colcon.colcon_core.verb:set package 'bumperbot_description' build argument 'cmake_force_configure' from command line to 'False'
[1.181s] Level 5:colcon.colcon_core.verb:set package 'bumperbot_description' build argument 'ament_cmake_args' from command line to 'None'
[1.181s] Level 5:colcon.colcon_core.verb:set package 'bumperbot_description' build argument 'catkin_cmake_args' from command line to 'None'
[1.181s] Level 5:colcon.colcon_core.verb:set package 'bumperbot_description' build argument 'catkin_skip_building_tests' from command line to 'False'
[1.181s] DEBUG:colcon.colcon_core.verb:Building package 'bumperbot_description' with the following arguments: {'ament_cmake_args': None, 'build_base': '/home/sarthak/bumperbot_ws/build/bumperbot_description', 'catkin_cmake_args': None, 'catkin_skip_building_tests': False, 'cmake_args': None, 'cmake_clean_cache': False, 'cmake_clean_first': False, 'cmake_force_configure': False, 'cmake_target': None, 'cmake_target_skip_unavailable': False, 'install_base': '/home/sarthak/bumperbot_ws/install/bumperbot_description', 'merge_install': False, 'path': '/home/sarthak/bumperbot_ws/src/bumperbot_description', 'symlink_install': False, 'test_result_base': None}
[1.194s] Level 5:colcon.colcon_core.verb:set package 'bumperbot_py_examples' build argument 'cmake_args' from command line to 'None'
[1.194s] Level 5:colcon.colcon_core.verb:set package 'bumperbot_py_examples' build argument 'cmake_target' from command line to 'None'
[1.194s] Level 5:colcon.colcon_core.verb:set package 'bumperbot_py_examples' build argument 'cmake_target_skip_unavailable' from command line to 'False'
[1.194s] Level 5:colcon.colcon_core.verb:set package 'bumperbot_py_examples' build argument 'cmake_clean_cache' from command line to 'False'
[1.195s] Level 5:colcon.colcon_core.verb:set package 'bumperbot_py_examples' build argument 'cmake_clean_first' from command line to 'False'
[1.195s] Level 5:colcon.colcon_core.verb:set package 'bumperbot_py_examples' build argument 'cmake_force_configure' from command line to 'False'
[1.195s] Level 5:colcon.colcon_core.verb:set package 'bumperbot_py_examples' build argument 'ament_cmake_args' from command line to 'None'
[1.195s] Level 5:colcon.colcon_core.verb:set package 'bumperbot_py_examples' build argument 'catkin_cmake_args' from command line to 'None'
[1.195s] Level 5:colcon.colcon_core.verb:set package 'bumperbot_py_examples' build argument 'catkin_skip_building_tests' from command line to 'False'
[1.195s] DEBUG:colcon.colcon_core.verb:Building package 'bumperbot_py_examples' with the following arguments: {'ament_cmake_args': None, 'build_base': '/home/sarthak/bumperbot_ws/build/bumperbot_py_examples', 'catkin_cmake_args': None, 'catkin_skip_building_tests': False, 'cmake_args': None, 'cmake_clean_cache': False, 'cmake_clean_first': False, 'cmake_force_configure': False, 'cmake_target': None, 'cmake_target_skip_unavailable': False, 'install_base': '/home/sarthak/bumperbot_ws/install/bumperbot_py_examples', 'merge_install': False, 'path': '/home/sarthak/bumperbot_ws/src/bumperbot_py_examples', 'symlink_install': False, 'test_result_base': None}
[1.208s] INFO:colcon.colcon_core.executor:Executing jobs using 'parallel' executor
[1.221s] DEBUG:colcon.colcon_parallel_executor.executor.parallel:run_until_complete
[1.222s] INFO:colcon.colcon_ros.task.ament_cmake.build:Building ROS package in '/home/sarthak/bumperbot_ws/src/bumperbot_controller' with build type 'ament_cmake'
[1.222s] INFO:colcon.colcon_cmake.task.cmake.build:Building CMake package in '/home/sarthak/bumperbot_ws/src/bumperbot_controller'
[1.236s] INFO:colcon.colcon_core.plugin_system:Skipping extension 'colcon_core.shell.bat': Not used on non-Windows systems
[1.236s] INFO:colcon.colcon_core.shell:Skip shell extension 'powershell' for command environment: Not usable outside of PowerShell
[1.236s] DEBUG:colcon.colcon_core.shell:Skip shell extension 'dsv' for command environment
[1.266s] INFO:colcon.colcon_ros.task.ament_cmake.build:Building ROS package in '/home/sarthak/bumperbot_ws/src/bumperbot_cpp_examples' with build type 'ament_cmake'
[1.266s] INFO:colcon.colcon_cmake.task.cmake.build:Building CMake package in '/home/sarthak/bumperbot_ws/src/bumperbot_cpp_examples'
[1.280s] INFO:colcon.colcon_core.shell:Skip shell extension 'powershell' for command environment: Not usable outside of PowerShell
[1.280s] DEBUG:colcon.colcon_core.shell:Skip shell extension 'dsv' for command environment
[1.309s] INFO:colcon.colcon_ros.task.ament_cmake.build:Building ROS package in '/home/sarthak/bumperbot_ws/src/bumperbot_description' with build type 'ament_cmake'
[1.309s] INFO:colcon.colcon_cmake.task.cmake.build:Building CMake package in '/home/sarthak/bumperbot_ws/src/bumperbot_description'
[1.323s] INFO:colcon.colcon_core.shell:Skip shell extension 'powershell' for command environment: Not usable outside of PowerShell
[1.323s] DEBUG:colcon.colcon_core.shell:Skip shell extension 'dsv' for command environment
[1.352s] INFO:colcon.colcon_ros.task.ament_python.build:Building ROS package in '/home/sarthak/bumperbot_ws/src/bumperbot_py_examples' with build type 'ament_python'
[1.352s] Level 1:colcon.colcon_core.shell:create_environment_hook('bumperbot_py_examples', 'ament_prefix_path')
[1.366s] INFO:colcon.colcon_core.shell:Creating environment hook '/home/sarthak/bumperbot_ws/install/bumperbot_py_examples/share/bumperbot_py_examples/hook/ament_prefix_path.ps1'
[1.366s] INFO:colcon.colcon_core.shell:Creating environment descriptor '/home/sarthak/bumperbot_ws/install/bumperbot_py_examples/share/bumperbot_py_examples/hook/ament_prefix_path.dsv'
[1.367s] INFO:colcon.colcon_core.shell:Creating environment hook '/home/sarthak/bumperbot_ws/install/bumperbot_py_examples/share/bumperbot_py_examples/hook/ament_prefix_path.sh'
[1.381s] INFO:colcon.colcon_core.shell:Skip shell extension 'powershell' for command environment: Not usable outside of PowerShell
[1.381s] DEBUG:colcon.colcon_core.shell:Skip shell extension 'dsv' for command environment
[1.416s] DEBUG:colcon.colcon_core.event_handler.log_command:Invoking command in '/home/sarthak/bumperbot_ws/build/bumperbot_controller': CMAKE_PREFIX_PATH=/opt/ros/humble /usr/bin/cmake --build /home/sarthak/bumperbot_ws/build/bumperbot_controller -- -j12 -l12
[1.421s] DEBUG:colcon.colcon_core.event_handler.log_command:Invoking command in '/home/sarthak/bumperbot_ws/build/bumperbot_cpp_examples': CMAKE_PREFIX_PATH=/opt/ros/humble /usr/bin/cmake --build /home/sarthak/bumperbot_ws/build/bumperbot_cpp_examples -- -j12 -l12
[1.424s] DEBUG:colcon.colcon_core.event_handler.log_command:Invoking command in '/home/sarthak/bumperbot_ws/build/bumperbot_description': CMAKE_PREFIX_PATH=/opt/ros/humble /usr/bin/cmake --build /home/sarthak/bumperbot_ws/build/bumperbot_description -- -j12 -l12
[1.667s] INFO:colcon.colcon_core.task.python.build:Building Python package in '/home/sarthak/bumperbot_ws/src/bumperbot_py_examples'
[1.695s] INFO:colcon.colcon_core.shell:Skip shell extension 'powershell' for command environment: Not usable outside of PowerShell
[1.695s] DEBUG:colcon.colcon_core.shell:Skip shell extension 'dsv' for command environment
[1.744s] DEBUG:colcon.colcon_core.event_handler.log_command:Invoked command in '/home/sarthak/bumperbot_ws/build/bumperbot_description' returned '0': CMAKE_PREFIX_PATH=/opt/ros/humble /usr/bin/cmake --build /home/sarthak/bumperbot_ws/build/bumperbot_description -- -j12 -l12
[1.746s] DEBUG:colcon.colcon_core.event_handler.log_command:Invoked command in '/home/sarthak/bumperbot_ws/build/bumperbot_cpp_examples' returned '0': CMAKE_PREFIX_PATH=/opt/ros/humble /usr/bin/cmake --build /home/sarthak/bumperbot_ws/build/bumperbot_cpp_examples -- -j12 -l12
[1.774s] DEBUG:colcon.colcon_core.event_handler.log_command:Invoked command in '/home/sarthak/bumperbot_ws/build/bumperbot_controller' returned '0': CMAKE_PREFIX_PATH=/opt/ros/humble /usr/bin/cmake --build /home/sarthak/bumperbot_ws/build/bumperbot_controller -- -j12 -l12
[1.794s] DEBUG:colcon.colcon_core.event_handler.log_command:Invoking command in '/home/sarthak/bumperbot_ws/build/bumperbot_description': CMAKE_PREFIX_PATH=/opt/ros/humble /usr/bin/cmake --install /home/sarthak/bumperbot_ws/build/bumperbot_description
[1.797s] DEBUG:colcon.colcon_core.event_handler.log_command:Invoking command in '/home/sarthak/bumperbot_ws/build/bumperbot_cpp_examples': CMAKE_PREFIX_PATH=/opt/ros/humble /usr/bin/cmake --install /home/sarthak/bumperbot_ws/build/bumperbot_cpp_examples
[1.802s] DEBUG:colcon.colcon_core.event_handler.log_command:Invoking command in '/home/sarthak/bumperbot_ws/build/bumperbot_controller': CMAKE_PREFIX_PATH=/opt/ros/humble /usr/bin/cmake --install /home/sarthak/bumperbot_ws/build/bumperbot_controller
[1.805s] Level 1:colcon.colcon_core.environment:create_environment_scripts_only(bumperbot_description)
[1.808s] DEBUG:colcon.colcon_core.event_handler.log_command:Invoked command in '/home/sarthak/bumperbot_ws/build/bumperbot_description' returned '0': CMAKE_PREFIX_PATH=/opt/ros/humble /usr/bin/cmake --install /home/sarthak/bumperbot_ws/build/bumperbot_description
[1.847s] Level 1:colcon.colcon_core.environment:checking '/home/sarthak/bumperbot_ws/install/bumperbot_description' for CMake module files
[1.848s] Level 1:colcon.colcon_core.environment:checking '/home/sarthak/bumperbot_ws/install/bumperbot_description' for CMake config files
[1.848s] Level 1:colcon.colcon_core.shell:create_environment_hook('bumperbot_description', 'cmake_prefix_path')
[1.876s] INFO:colcon.colcon_core.shell:Creating environment hook '/home/sarthak/bumperbot_ws/install/bumperbot_description/share/bumperbot_description/hook/cmake_prefix_path.ps1'
[1.877s] INFO:colcon.colcon_core.shell:Creating environment descriptor '/home/sarthak/bumperbot_ws/install/bumperbot_description/share/bumperbot_description/hook/cmake_prefix_path.dsv'
[1.877s] INFO:colcon.colcon_core.shell:Creating environment hook '/home/sarthak/bumperbot_ws/install/bumperbot_description/share/bumperbot_description/hook/cmake_prefix_path.sh'
[1.878s] Level 1:colcon.colcon_core.environment:checking '/home/sarthak/bumperbot_ws/install/bumperbot_description/bin'
[1.878s] Level 1:colcon.colcon_core.environment:checking '/home/sarthak/bumperbot_ws/install/bumperbot_description/lib/pkgconfig/bumperbot_description.pc'
[1.878s] Level 1:colcon.colcon_core.environment:checking '/home/sarthak/bumperbot_ws/install/bumperbot_description/lib/python3.10/site-packages'
[1.878s] Level 1:colcon.colcon_core.environment:checking '/home/sarthak/bumperbot_ws/install/bumperbot_description/bin'
[1.891s] INFO:colcon.colcon_core.shell:Creating package script '/home/sarthak/bumperbot_ws/install/bumperbot_description/share/bumperbot_description/package.ps1'
[1.892s] INFO:colcon.colcon_core.shell:Creating package descriptor '/home/sarthak/bumperbot_ws/install/bumperbot_description/share/bumperbot_description/package.dsv'
[1.893s] INFO:colcon.colcon_core.shell:Creating package script '/home/sarthak/bumperbot_ws/install/bumperbot_description/share/bumperbot_description/package.sh'
[1.893s] INFO:colcon.colcon_core.shell:Creating package script '/home/sarthak/bumperbot_ws/install/bumperbot_description/share/bumperbot_description/package.bash'
[1.894s] INFO:colcon.colcon_core.shell:Creating package script '/home/sarthak/bumperbot_ws/install/bumperbot_description/share/bumperbot_description/package.zsh'
[1.895s] Level 1:colcon.colcon_core.environment:create_file_with_runtime_dependencies(/home/sarthak/bumperbot_ws/install/bumperbot_description/share/colcon-core/packages/bumperbot_description)
[1.897s] Level 1:colcon.colcon_core.environment:create_environment_scripts_only(bumperbot_controller)
[1.898s] DEBUG:colcon.colcon_core.event_handler.log_command:Invoked command in '/home/sarthak/bumperbot_ws/build/bumperbot_controller' returned '0': CMAKE_PREFIX_PATH=/opt/ros/humble /usr/bin/cmake --install /home/sarthak/bumperbot_ws/build/bumperbot_controller
[1.913s] Level 1:colcon.colcon_core.environment:checking '/home/sarthak/bumperbot_ws/install/bumperbot_controller' for CMake module files
[1.913s] Level 1:colcon.colcon_core.environment:checking '/home/sarthak/bumperbot_ws/install/bumperbot_controller' for CMake config files
[1.914s] Level 1:colcon.colcon_core.shell:create_environment_hook('bumperbot_controller', 'cmake_prefix_path')
[1.928s] INFO:colcon.colcon_core.shell:Creating environment hook '/home/sarthak/bumperbot_ws/install/bumperbot_controller/share/bumperbot_controller/hook/cmake_prefix_path.ps1'
[1.928s] INFO:colcon.colcon_core.shell:Creating environment descriptor '/home/sarthak/bumperbot_ws/install/bumperbot_controller/share/bumperbot_controller/hook/cmake_prefix_path.dsv'
[1.928s] INFO:colcon.colcon_core.shell:Creating environment hook '/home/sarthak/bumperbot_ws/install/bumperbot_controller/share/bumperbot_controller/hook/cmake_prefix_path.sh'
[1.929s] Level 1:colcon.colcon_core.environment:checking '/home/sarthak/bumperbot_ws/install/bumperbot_controller/lib'
[1.929s] Level 1:colcon.colcon_core.environment:checking '/home/sarthak/bumperbot_ws/install/bumperbot_controller/bin'
[1.929s] Level 1:colcon.colcon_core.environment:checking '/home/sarthak/bumperbot_ws/install/bumperbot_controller/lib/pkgconfig/bumperbot_controller.pc'
[1.930s] Level 1:colcon.colcon_core.environment:checking '/home/sarthak/bumperbot_ws/install/bumperbot_controller/lib/python3.10/site-packages'
[1.930s] Level 1:colcon.colcon_core.environment:checking '/home/sarthak/bumperbot_ws/install/bumperbot_controller/bin'
[1.944s] INFO:colcon.colcon_core.shell:Creating package script '/home/sarthak/bumperbot_ws/install/bumperbot_controller/share/bumperbot_controller/package.ps1'
[1.944s] INFO:colcon.colcon_core.shell:Creating package descriptor '/home/sarthak/bumperbot_ws/install/bumperbot_controller/share/bumperbot_controller/package.dsv'
[1.945s] INFO:colcon.colcon_core.shell:Creating package script '/home/sarthak/bumperbot_ws/install/bumperbot_controller/share/bumperbot_controller/package.sh'
[1.945s] INFO:colcon.colcon_core.shell:Creating package script '/home/sarthak/bumperbot_ws/install/bumperbot_controller/share/bumperbot_controller/package.bash'
[1.946s] INFO:colcon.colcon_core.shell:Creating package script '/home/sarthak/bumperbot_ws/install/bumperbot_controller/share/bumperbot_controller/package.zsh'
[1.946s] Level 1:colcon.colcon_core.environment:create_file_with_runtime_dependencies(/home/sarthak/bumperbot_ws/install/bumperbot_controller/share/colcon-core/packages/bumperbot_controller)
[1.947s] Level 1:colcon.colcon_core.environment:create_environment_scripts_only(bumperbot_cpp_examples)
[1.948s] DEBUG:colcon.colcon_core.event_handler.log_command:Invoked command in '/home/sarthak/bumperbot_ws/build/bumperbot_cpp_examples' returned '0': CMAKE_PREFIX_PATH=/opt/ros/humble /usr/bin/cmake --install /home/sarthak/bumperbot_ws/build/bumperbot_cpp_examples
[1.961s] Level 1:colcon.colcon_core.environment:checking '/home/sarthak/bumperbot_ws/install/bumperbot_cpp_examples' for CMake module files
[1.962s] Level 1:colcon.colcon_core.environment:checking '/home/sarthak/bumperbot_ws/install/bumperbot_cpp_examples' for CMake config files
[1.962s] Level 1:colcon.colcon_core.shell:create_environment_hook('bumperbot_cpp_examples', 'cmake_prefix_path')
[1.975s] INFO:colcon.colcon_core.shell:Creating environment hook '/home/sarthak/bumperbot_ws/install/bumperbot_cpp_examples/share/bumperbot_cpp_examples/hook/cmake_prefix_path.ps1'
[1.976s] INFO:colcon.colcon_core.shell:Creating environment descriptor '/home/sarthak/bumperbot_ws/install/bumperbot_cpp_examples/share/bumperbot_cpp_examples/hook/cmake_prefix_path.dsv'
[1.976s] INFO:colcon.colcon_core.shell:Creating environment hook '/home/sarthak/bumperbot_ws/install/bumperbot_cpp_examples/share/bumperbot_cpp_examples/hook/cmake_prefix_path.sh'
[1.976s] Level 1:colcon.colcon_core.environment:checking '/home/sarthak/bumperbot_ws/install/bumperbot_cpp_examples/bin'
[1.976s] Level 1:colcon.colcon_core.environment:checking '/home/sarthak/bumperbot_ws/install/bumperbot_cpp_examples/lib/pkgconfig/bumperbot_cpp_examples.pc'
[1.977s] Level 1:colcon.colcon_core.environment:checking '/home/sarthak/bumperbot_ws/install/bumperbot_cpp_examples/lib/python3.10/site-packages'
[1.977s] Level 1:colcon.colcon_core.environment:checking '/home/sarthak/bumperbot_ws/install/bumperbot_cpp_examples/bin'
[1.990s] INFO:colcon.colcon_core.shell:Creating package script '/home/sarthak/bumperbot_ws/install/bumperbot_cpp_examples/share/bumperbot_cpp_examples/package.ps1'
[1.991s] INFO:colcon.colcon_core.shell:Creating package descriptor '/home/sarthak/bumperbot_ws/install/bumperbot_cpp_examples/share/bumperbot_cpp_examples/package.dsv'
[1.991s] INFO:colcon.colcon_core.shell:Creating package script '/home/sarthak/bumperbot_ws/install/bumperbot_cpp_examples/share/bumperbot_cpp_examples/package.sh'
[1.992s] INFO:colcon.colcon_core.shell:Creating package script '/home/sarthak/bumperbot_ws/install/bumperbot_cpp_examples/share/bumperbot_cpp_examples/package.bash'
[1.992s] INFO:colcon.colcon_core.shell:Creating package script '/home/sarthak/bumperbot_ws/install/bumperbot_cpp_examples/share/bumperbot_cpp_examples/package.zsh'
[1.992s] Level 1:colcon.colcon_core.environment:create_file_with_runtime_dependencies(/home/sarthak/bumperbot_ws/install/bumperbot_cpp_examples/share/colcon-core/packages/bumperbot_cpp_examples)
[2.008s] Level 1:colcon.colcon_core.environment:create_environment_scripts_only(bumperbot_description)
[2.022s] Level 1:colcon.colcon_core.environment:checking '/home/sarthak/bumperbot_ws/install/bumperbot_description' for CMake module files
[2.022s] Level 1:colcon.colcon_core.environment:checking '/home/sarthak/bumperbot_ws/install/bumperbot_description' for CMake config files
[2.022s] Level 1:colcon.colcon_core.shell:create_environment_hook('bumperbot_description', 'cmake_prefix_path')
[2.037s] INFO:colcon.colcon_core.shell:Creating environment hook '/home/sarthak/bumperbot_ws/install/bumperbot_description/share/bumperbot_description/hook/cmake_prefix_path.ps1'
[2.037s] INFO:colcon.colcon_core.shell:Creating environment descriptor '/home/sarthak/bumperbot_ws/install/bumperbot_description/share/bumperbot_description/hook/cmake_prefix_path.dsv'
[2.038s] INFO:colcon.colcon_core.shell:Creating environment hook '/home/sarthak/bumperbot_ws/install/bumperbot_description/share/bumperbot_description/hook/cmake_prefix_path.sh'
[2.038s] Level 1:colcon.colcon_core.environment:checking '/home/sarthak/bumperbot_ws/install/bumperbot_description/bin'
[2.038s] Level 1:colcon.colcon_core.environment:checking '/home/sarthak/bumperbot_ws/install/bumperbot_description/lib/pkgconfig/bumperbot_description.pc'
[2.038s] Level 1:colcon.colcon_core.environment:checking '/home/sarthak/bumperbot_ws/install/bumperbot_description/lib/python3.10/site-packages'
[2.038s] Level 1:colcon.colcon_core.environment:checking '/home/sarthak/bumperbot_ws/install/bumperbot_description/bin'
[2.052s] INFO:colcon.colcon_core.shell:Creating package script '/home/sarthak/bumperbot_ws/install/bumperbot_description/share/bumperbot_description/package.ps1'
[2.053s] INFO:colcon.colcon_core.shell:Creating package descriptor '/home/sarthak/bumperbot_ws/install/bumperbot_description/share/bumperbot_description/package.dsv'
[2.053s] INFO:colcon.colcon_core.shell:Creating package script '/home/sarthak/bumperbot_ws/install/bumperbot_description/share/bumperbot_description/package.sh'
[2.054s] INFO:colcon.colcon_core.shell:Creating package script '/home/sarthak/bumperbot_ws/install/bumperbot_description/share/bumperbot_description/package.bash'
[2.054s] INFO:colcon.colcon_core.shell:Creating package script '/home/sarthak/bumperbot_ws/install/bumperbot_description/share/bumperbot_description/package.zsh'
[2.055s] Level 1:colcon.colcon_core.environment:create_file_with_runtime_dependencies(/home/sarthak/bumperbot_ws/install/bumperbot_description/share/colcon-core/packages/bumperbot_description)
[2.070s] Level 1:colcon.colcon_core.environment:create_environment_scripts_only(bumperbot_controller)
[2.084s] Level 1:colcon.colcon_core.environment:checking '/home/sarthak/bumperbot_ws/install/bumperbot_controller' for CMake module files
[2.085s] Level 1:colcon.colcon_core.environment:checking '/home/sarthak/bumperbot_ws/install/bumperbot_controller' for CMake config files
[2.085s] Level 1:colcon.colcon_core.shell:create_environment_hook('bumperbot_controller', 'cmake_prefix_path')
[2.098s] INFO:colcon.colcon_core.shell:Creating environment hook '/home/sarthak/bumperbot_ws/install/bumperbot_controller/share/bumperbot_controller/hook/cmake_prefix_path.ps1'
[2.099s] INFO:colcon.colcon_core.shell:Creating environment descriptor '/home/sarthak/bumperbot_ws/install/bumperbot_controller/share/bumperbot_controller/hook/cmake_prefix_path.dsv'
[2.099s] INFO:colcon.colcon_core.shell:Creating environment hook '/home/sarthak/bumperbot_ws/install/bumperbot_controller/share/bumperbot_controller/hook/cmake_prefix_path.sh'
[2.100s] Level 1:colcon.colcon_core.environment:checking '/home/sarthak/bumperbot_ws/install/bumperbot_controller/lib'
[2.100s] Level 1:colcon.colcon_core.environment:checking '/home/sarthak/bumperbot_ws/install/bumperbot_controller/bin'
[2.100s] Level 1:colcon.colcon_core.environment:checking '/home/sarthak/bumperbot_ws/install/bumperbot_controller/lib/pkgconfig/bumperbot_controller.pc'
[2.100s] Level 1:colcon.colcon_core.environment:checking '/home/sarthak/bumperbot_ws/install/bumperbot_controller/lib/python3.10/site-packages'
[2.100s] Level 1:colcon.colcon_core.environment:checking '/home/sarthak/bumperbot_ws/install/bumperbot_controller/bin'
[2.113s] INFO:colcon.colcon_core.shell:Creating package script '/home/sarthak/bumperbot_ws/install/bumperbot_controller/share/bumperbot_controller/package.ps1'
[2.114s] INFO:colcon.colcon_core.shell:Creating package descriptor '/home/sarthak/bumperbot_ws/install/bumperbot_controller/share/bumperbot_controller/package.dsv'
[2.114s] INFO:colcon.colcon_core.shell:Creating package script '/home/sarthak/bumperbot_ws/install/bumperbot_controller/share/bumperbot_controller/package.sh'
[2.114s] INFO:colcon.colcon_core.shell:Creating package script '/home/sarthak/bumperbot_ws/install/bumperbot_controller/share/bumperbot_controller/package.bash'
[2.115s] INFO:colcon.colcon_core.shell:Creating package script '/home/sarthak/bumperbot_ws/install/bumperbot_controller/share/bumperbot_controller/package.zsh'
[2.115s] Level 1:colcon.colcon_core.environment:create_file_with_runtime_dependencies(/home/sarthak/bumperbot_ws/install/bumperbot_controller/share/colcon-core/packages/bumperbot_controller)
[2.130s] Level 1:colcon.colcon_core.environment:create_environment_scripts_only(bumperbot_cpp_examples)
[2.143s] Level 1:colcon.colcon_core.environment:checking '/home/sarthak/bumperbot_ws/install/bumperbot_cpp_examples' for CMake module files
[2.144s] Level 1:colcon.colcon_core.environment:checking '/home/sarthak/bumperbot_ws/install/bumperbot_cpp_examples' for CMake config files
[2.144s] Level 1:colcon.colcon_core.shell:create_environment_hook('bumperbot_cpp_examples', 'cmake_prefix_path')
[2.157s] INFO:colcon.colcon_core.shell:Creating environment hook '/home/sarthak/bumperbot_ws/install/bumperbot_cpp_examples/share/bumperbot_cpp_examples/hook/cmake_prefix_path.ps1'
[2.157s] INFO:colcon.colcon_core.shell:Creating environment descriptor '/home/sarthak/bumperbot_ws/install/bumperbot_cpp_examples/share/bumperbot_cpp_examples/hook/cmake_prefix_path.dsv'
[2.158s] INFO:colcon.colcon_core.shell:Creating environment hook '/home/sarthak/bumperbot_ws/install/bumperbot_cpp_examples/share/bumperbot_cpp_examples/hook/cmake_prefix_path.sh'
[2.158s] Level 1:colcon.colcon_core.environment:checking '/home/sarthak/bumperbot_ws/install/bumperbot_cpp_examples/bin'
[2.158s] Level 1:colcon.colcon_core.environment:checking '/home/sarthak/bumperbot_ws/install/bumperbot_cpp_examples/lib/pkgconfig/bumperbot_cpp_examples.pc'
[2.158s] Level 1:colcon.colcon_core.environment:checking '/home/sarthak/bumperbot_ws/install/bumperbot_cpp_examples/lib/python3.10/site-packages'
[2.158s] Level 1:colcon.colcon_core.environment:checking '/home/sarthak/bumperbot_ws/install/bumperbot_cpp_examples/bin'
[2.172s] INFO:colcon.colcon_core.shell:Creating package script '/home/sarthak/bumperbot_ws/install/bumperbot_cpp_examples/share/bumperbot_cpp_examples/package.ps1'
[2.172s] INFO:colcon.colcon_core.shell:Creating package descriptor '/home/sarthak/bumperbot_ws/install/bumperbot_cpp_examples/share/bumperbot_cpp_examples/package.dsv'
[2.173s] INFO:colcon.colcon_core.shell:Creating package script '/home/sarthak/bumperbot_ws/install/bumperbot_cpp_examples/share/bumperbot_cpp_examples/package.sh'
[2.173s] INFO:colcon.colcon_core.shell:Creating package script '/home/sarthak/bumperbot_ws/install/bumperbot_cpp_examples/share/bumperbot_cpp_examples/package.bash'
[2.173s] INFO:colcon.colcon_core.shell:Creating package script '/home/sarthak/bumperbot_ws/install/bumperbot_cpp_examples/share/bumperbot_cpp_examples/package.zsh'
[2.174s] Level 1:colcon.colcon_core.environment:create_file_with_runtime_dependencies(/home/sarthak/bumperbot_ws/install/bumperbot_cpp_examples/share/colcon-core/packages/bumperbot_cpp_examples)
[2.177s] DEBUG:colcon.colcon_core.event_handler.log_command:Invoking command in '/home/sarthak/bumperbot_ws/src/bumperbot_py_examples': PYTHONPATH=/home/sarthak/bumperbot_ws/build/bumperbot_py_examples/prefix_override:/home/sarthak/bumperbot_ws/install/bumperbot_py_examples/lib/python3.10/site-packages:${PYTHONPATH} /usr/bin/python3 setup.py egg_info --egg-base ../../build/bumperbot_py_examples build --build-base /home/sarthak/bumperbot_ws/build/bumperbot_py_examples/build install --record /home/sarthak/bumperbot_ws/build/bumperbot_py_examples/install.log --single-version-externally-managed
[2.461s] DEBUG:colcon.colcon_core.event_handler.log_command:Invoked command in '/home/sarthak/bumperbot_ws/src/bumperbot_py_examples' returned '0': PYTHONPATH=/home/sarthak/bumperbot_ws/build/bumperbot_py_examples/prefix_override:/home/sarthak/bumperbot_ws/install/bumperbot_py_examples/lib/python3.10/site-packages:${PYTHONPATH} /usr/bin/python3 setup.py egg_info --egg-base ../../build/bumperbot_py_examples build --build-base /home/sarthak/bumperbot_ws/build/bumperbot_py_examples/build install --record /home/sarthak/bumperbot_ws/build/bumperbot_py_examples/install.log --single-version-externally-managed
[2.474s] Level 1:colcon.colcon_core.environment:checking '/home/sarthak/bumperbot_ws/install/bumperbot_py_examples' for CMake module files
[2.475s] Level 1:colcon.colcon_core.environment:checking '/home/sarthak/bumperbot_ws/install/bumperbot_py_examples' for CMake config files
[2.475s] Level 1:colcon.colcon_core.environment:checking '/home/sarthak/bumperbot_ws/install/bumperbot_py_examples/lib'
[2.475s] Level 1:colcon.colcon_core.environment:checking '/home/sarthak/bumperbot_ws/install/bumperbot_py_examples/bin'
[2.475s] Level 1:colcon.colcon_core.environment:checking '/home/sarthak/bumperbot_ws/install/bumperbot_py_examples/lib/pkgconfig/bumperbot_py_examples.pc'
[2.475s] Level 1:colcon.colcon_core.environment:checking '/home/sarthak/bumperbot_ws/install/bumperbot_py_examples/lib/python3.10/site-packages'
[2.476s] Level 1:colcon.colcon_core.shell:create_environment_hook('bumperbot_py_examples', 'pythonpath')
[2.489s] INFO:colcon.colcon_core.shell:Creating environment hook '/home/sarthak/bumperbot_ws/install/bumperbot_py_examples/share/bumperbot_py_examples/hook/pythonpath.ps1'
[2.489s] INFO:colcon.colcon_core.shell:Creating environment descriptor '/home/sarthak/bumperbot_ws/install/bumperbot_py_examples/share/bumperbot_py_examples/hook/pythonpath.dsv'
[2.490s] INFO:colcon.colcon_core.shell:Creating environment hook '/home/sarthak/bumperbot_ws/install/bumperbot_py_examples/share/bumperbot_py_examples/hook/pythonpath.sh'
[2.490s] Level 1:colcon.colcon_core.environment:checking '/home/sarthak/bumperbot_ws/install/bumperbot_py_examples/bin'
[2.490s] Level 1:colcon.colcon_core.environment:create_environment_scripts_only(bumperbot_py_examples)
[2.503s] INFO:colcon.colcon_core.shell:Creating package script '/home/sarthak/bumperbot_ws/install/bumperbot_py_examples/share/bumperbot_py_examples/package.ps1'
[2.504s] INFO:colcon.colcon_core.shell:Creating package descriptor '/home/sarthak/bumperbot_ws/install/bumperbot_py_examples/share/bumperbot_py_examples/package.dsv'
[2.504s] INFO:colcon.colcon_core.shell:Creating package script '/home/sarthak/bumperbot_ws/install/bumperbot_py_examples/share/bumperbot_py_examples/package.sh'
[2.504s] INFO:colcon.colcon_core.shell:Creating package script '/home/sarthak/bumperbot_ws/install/bumperbot_py_examples/share/bumperbot_py_examples/package.bash'
[2.505s] INFO:colcon.colcon_core.shell:Creating package script '/home/sarthak/bumperbot_ws/install/bumperbot_py_examples/share/bumperbot_py_examples/package.zsh'
[2.505s] Level 1:colcon.colcon_core.environment:create_file_with_runtime_dependencies(/home/sarthak/bumperbot_ws/install/bumperbot_py_examples/share/colcon-core/packages/bumperbot_py_examples)
[2.505s] DEBUG:colcon.colcon_parallel_executor.executor.parallel:closing loop
[2.505s] DEBUG:colcon.colcon_parallel_executor.executor.parallel:loop closed
[2.506s] DEBUG:colcon.colcon_parallel_executor.executor.parallel:run_until_complete finished with '0'
[2.506s] DEBUG:colcon.colcon_core.event_reactor:joining thread
[2.549s] INFO:colcon.colcon_core.plugin_system:Skipping extension 'colcon_notification.desktop_notification.terminal_notifier': Not used on non-Darwin systems
[2.549s] INFO:colcon.colcon_core.plugin_system:Skipping extension 'colcon_notification.desktop_notification.win32': Not used on non-Windows systems
[2.550s] INFO:colcon.colcon_notification.desktop_notification:Sending desktop notification using 'notify2'
[2.574s] DEBUG:colcon.colcon_core.event_reactor:joined thread
[2.587s] INFO:colcon.colcon_core.shell:Creating prefix script '/home/sarthak/bumperbot_ws/install/local_setup.ps1'
[2.588s] INFO:colcon.colcon_core.shell:Creating prefix util module '/home/sarthak/bumperbot_ws/install/_local_setup_util_ps1.py'
[2.589s] INFO:colcon.colcon_core.shell:Creating prefix chain script '/home/sarthak/bumperbot_ws/install/setup.ps1'
[2.602s] INFO:colcon.colcon_core.shell:Creating prefix script '/home/sarthak/bumperbot_ws/install/local_setup.sh'
[2.603s] INFO:colcon.colcon_core.shell:Creating prefix util module '/home/sarthak/bumperbot_ws/install/_local_setup_util_sh.py'
[2.603s] INFO:colcon.colcon_core.shell:Creating prefix chain script '/home/sarthak/bumperbot_ws/install/setup.sh'
[2.617s] INFO:colcon.colcon_core.shell:Creating prefix script '/home/sarthak/bumperbot_ws/install/local_setup.bash'
[2.617s] INFO:colcon.colcon_core.shell:Creating prefix chain script '/home/sarthak/bumperbot_ws/install/setup.bash'
[2.644s] INFO:colcon.colcon_core.shell:Creating prefix script '/home/sarthak/bumperbot_ws/install/local_setup.zsh'
[2.644s] INFO:colcon.colcon_core.shell:Creating prefix chain script '/home/sarthak/bumperbot_ws/install/setup.zsh'
