[0.927s] DEBUG:colcon:Command line arguments: ['/usr/bin/colcon', 'build']
[0.927s] DEBUG:colcon:Parsed command line arguments: Namespace(log_base=None, log_level=None, verb_name='build', build_base='build', install_base='install', merge_install=False, symlink_install=False, test_result_base=None, continue_on_error=False, executor='parallel', parallel_workers=12, event_handlers=None, ignore_user_meta=False, metas=['./colcon.meta'], base_paths=['.'], packages_ignore=None, packages_ignore_regex=None, paths=None, packages_up_to=None, packages_up_to_regex=None, packages_above=None, packages_above_and_dependencies=None, packages_above_depth=None, packages_select_by_dep=None, packages_skip_by_dep=None, packages_skip_up_to=None, packages_select_build_failed=False, packages_skip_build_finished=False, packages_select_test_failures=False, packages_skip_test_passed=False, packages_select=None, packages_skip=None, packages_select_regex=None, packages_skip_regex=None, packages_start=None, packages_end=None, allow_overriding=[], cmake_args=None, cmake_target=None, cmake_target_skip_unavailable=False, cmake_clean_cache=False, cmake_clean_first=False, cmake_force_configure=False, ament_cmake_args=None, catkin_cmake_args=None, catkin_skip_building_tests=False, verb_parser=<colcon_defaults.argument_parser.defaults.DefaultArgumentsDecorator object at 0x7f3fe52705e0>, verb_extension=<colcon_core.verb.build.BuildVerb object at 0x7f3fe5532020>, main=<bound method BuildVerb.main of <colcon_core.verb.build.BuildVerb object at 0x7f3fe5532020>>)
[0.973s] Level 1:colcon.colcon_core.package_discovery:discover_packages(colcon_meta) check parameters
[0.973s] Level 1:colcon.colcon_core.package_discovery:discover_packages(recursive) check parameters
[0.974s] Level 1:colcon.colcon_core.package_discovery:discover_packages(ignore) check parameters
[0.974s] Level 1:colcon.colcon_core.package_discovery:discover_packages(path) check parameters
[0.974s] Level 1:colcon.colcon_core.package_discovery:discover_packages(colcon_meta) discover
[0.974s] Level 1:colcon.colcon_core.package_discovery:discover_packages(recursive) discover
[0.974s] INFO:colcon.colcon_core.package_discovery:Crawling recursively for packages in '/home/sarthak/bumperbot_ws'
[0.974s] Level 1:colcon.colcon_core.package_identification:_identify(.) by extensions ['ignore', 'ignore_ament_install']
[0.974s] Level 1:colcon.colcon_core.package_identification:_identify(.) by extension 'ignore'
[0.974s] Level 1:colcon.colcon_core.package_identification:_identify(.) by extension 'ignore_ament_install'
[0.974s] Level 1:colcon.colcon_core.package_identification:_identify(.) by extensions ['colcon_pkg']
[0.974s] Level 1:colcon.colcon_core.package_identification:_identify(.) by extension 'colcon_pkg'
[0.974s] Level 1:colcon.colcon_core.package_identification:_identify(.) by extensions ['colcon_meta']
[0.974s] Level 1:colcon.colcon_core.package_identification:_identify(.) by extension 'colcon_meta'
[0.974s] Level 1:colcon.colcon_core.package_identification:_identify(.) by extensions ['ros']
[0.974s] Level 1:colcon.colcon_core.package_identification:_identify(.) by extension 'ros'
[0.984s] Level 1:colcon.colcon_core.package_identification:_identify(.) by extensions ['cmake', 'python']
[0.984s] Level 1:colcon.colcon_core.package_identification:_identify(.) by extension 'cmake'
[0.984s] Level 1:colcon.colcon_core.package_identification:_identify(.) by extension 'python'
[0.984s] Level 1:colcon.colcon_core.package_identification:_identify(.) by extensions ['python_setup_py']
[0.984s] Level 1:colcon.colcon_core.package_identification:_identify(.) by extension 'python_setup_py'
[0.985s] Level 1:colcon.colcon_core.package_identification:_identify(build) by extensions ['ignore', 'ignore_ament_install']
[0.985s] Level 1:colcon.colcon_core.package_identification:_identify(build) by extension 'ignore'
[0.985s] Level 1:colcon.colcon_core.package_identification:_identify(build) ignored
[0.985s] Level 1:colcon.colcon_core.package_identification:_identify(install) by extensions ['ignore', 'ignore_ament_install']
[0.985s] Level 1:colcon.colcon_core.package_identification:_identify(install) by extension 'ignore'
[0.985s] Level 1:colcon.colcon_core.package_identification:_identify(install) ignored
[0.985s] Level 1:colcon.colcon_core.package_identification:_identify(log) by extensions ['ignore', 'ignore_ament_install']
[0.985s] Level 1:colcon.colcon_core.package_identification:_identify(log) by extension 'ignore'
[0.985s] Level 1:colcon.colcon_core.package_identification:_identify(log) ignored
[0.985s] Level 1:colcon.colcon_core.package_identification:_identify(src) by extensions ['ignore', 'ignore_ament_install']
[0.985s] Level 1:colcon.colcon_core.package_identification:_identify(src) by extension 'ignore'
[0.985s] Level 1:colcon.colcon_core.package_identification:_identify(src) by extension 'ignore_ament_install'
[0.985s] Level 1:colcon.colcon_core.package_identification:_identify(src) by extensions ['colcon_pkg']
[0.985s] Level 1:colcon.colcon_core.package_identification:_identify(src) by extension 'colcon_pkg'
[0.985s] Level 1:colcon.colcon_core.package_identification:_identify(src) by extensions ['colcon_meta']
[0.986s] Level 1:colcon.colcon_core.package_identification:_identify(src) by extension 'colcon_meta'
[0.986s] Level 1:colcon.colcon_core.package_identification:_identify(src) by extensions ['ros']
[0.986s] Level 1:colcon.colcon_core.package_identification:_identify(src) by extension 'ros'
[0.986s] Level 1:colcon.colcon_core.package_identification:_identify(src) by extensions ['cmake', 'python']
[0.986s] Level 1:colcon.colcon_core.package_identification:_identify(src) by extension 'cmake'
[0.986s] Level 1:colcon.colcon_core.package_identification:_identify(src) by extension 'python'
[0.986s] Level 1:colcon.colcon_core.package_identification:_identify(src) by extensions ['python_setup_py']
[0.986s] Level 1:colcon.colcon_core.package_identification:_identify(src) by extension 'python_setup_py'
[0.986s] Level 1:colcon.colcon_core.package_identification:_identify(src/bumperbot_controller) by extensions ['ignore', 'ignore_ament_install']
[0.986s] Level 1:colcon.colcon_core.package_identification:_identify(src/bumperbot_controller) by extension 'ignore'
[0.986s] Level 1:colcon.colcon_core.package_identification:_identify(src/bumperbot_controller) by extension 'ignore_ament_install'
[0.986s] Level 1:colcon.colcon_core.package_identification:_identify(src/bumperbot_controller) by extensions ['colcon_pkg']
[0.986s] Level 1:colcon.colcon_core.package_identification:_identify(src/bumperbot_controller) by extension 'colcon_pkg'
[0.986s] Level 1:colcon.colcon_core.package_identification:_identify(src/bumperbot_controller) by extensions ['colcon_meta']
[0.986s] Level 1:colcon.colcon_core.package_identification:_identify(src/bumperbot_controller) by extension 'colcon_meta'
[0.986s] Level 1:colcon.colcon_core.package_identification:_identify(src/bumperbot_controller) by extensions ['ros']
[0.986s] Level 1:colcon.colcon_core.package_identification:_identify(src/bumperbot_controller) by extension 'ros'
[0.989s] DEBUG:colcon.colcon_core.package_identification:Package 'src/bumperbot_controller' with type 'ros.ament_cmake' and name 'bumperbot_controller'
[0.989s] Level 1:colcon.colcon_core.package_identification:_identify(src/bumperbot_cpp_examples) by extensions ['ignore', 'ignore_ament_install']
[0.989s] Level 1:colcon.colcon_core.package_identification:_identify(src/bumperbot_cpp_examples) by extension 'ignore'
[0.989s] Level 1:colcon.colcon_core.package_identification:_identify(src/bumperbot_cpp_examples) by extension 'ignore_ament_install'
[0.989s] Level 1:colcon.colcon_core.package_identification:_identify(src/bumperbot_cpp_examples) by extensions ['colcon_pkg']
[0.990s] Level 1:colcon.colcon_core.package_identification:_identify(src/bumperbot_cpp_examples) by extension 'colcon_pkg'
[0.990s] Level 1:colcon.colcon_core.package_identification:_identify(src/bumperbot_cpp_examples) by extensions ['colcon_meta']
[0.990s] Level 1:colcon.colcon_core.package_identification:_identify(src/bumperbot_cpp_examples) by extension 'colcon_meta'
[0.990s] Level 1:colcon.colcon_core.package_identification:_identify(src/bumperbot_cpp_examples) by extensions ['ros']
[0.990s] Level 1:colcon.colcon_core.package_identification:_identify(src/bumperbot_cpp_examples) by extension 'ros'
[0.990s] DEBUG:colcon.colcon_core.package_identification:Package 'src/bumperbot_cpp_examples' with type 'ros.ament_cmake' and name 'bumperbot_cpp_examples'
[0.990s] Level 1:colcon.colcon_core.package_identification:_identify(src/bumperbot_description) by extensions ['ignore', 'ignore_ament_install']
[0.990s] Level 1:colcon.colcon_core.package_identification:_identify(src/bumperbot_description) by extension 'ignore'
[0.990s] Level 1:colcon.colcon_core.package_identification:_identify(src/bumperbot_description) by extension 'ignore_ament_install'
[0.990s] Level 1:colcon.colcon_core.package_identification:_identify(src/bumperbot_description) by extensions ['colcon_pkg']
[0.990s] Level 1:colcon.colcon_core.package_identification:_identify(src/bumperbot_description) by extension 'colcon_pkg'
[0.990s] Level 1:colcon.colcon_core.package_identification:_identify(src/bumperbot_description) by extensions ['colcon_meta']
[0.990s] Level 1:colcon.colcon_core.package_identification:_identify(src/bumperbot_description) by extension 'colcon_meta'
[0.990s] Level 1:colcon.colcon_core.package_identification:_identify(src/bumperbot_description) by extensions ['ros']
[0.990s] Level 1:colcon.colcon_core.package_identification:_identify(src/bumperbot_description) by extension 'ros'
[0.991s] DEBUG:colcon.colcon_core.package_identification:Package 'src/bumperbot_description' with type 'ros.ament_cmake' and name 'bumperbot_description'
[0.991s] Level 1:colcon.colcon_core.package_identification:_identify(src/bumperbot_py_examples) by extensions ['ignore', 'ignore_ament_install']
[0.991s] Level 1:colcon.colcon_core.package_identification:_identify(src/bumperbot_py_examples) by extension 'ignore'
[0.991s] Level 1:colcon.colcon_core.package_identification:_identify(src/bumperbot_py_examples) by extension 'ignore_ament_install'
[0.991s] Level 1:colcon.colcon_core.package_identification:_identify(src/bumperbot_py_examples) by extensions ['colcon_pkg']
[0.991s] Level 1:colcon.colcon_core.package_identification:_identify(src/bumperbot_py_examples) by extension 'colcon_pkg'
[0.991s] Level 1:colcon.colcon_core.package_identification:_identify(src/bumperbot_py_examples) by extensions ['colcon_meta']
[0.991s] Level 1:colcon.colcon_core.package_identification:_identify(src/bumperbot_py_examples) by extension 'colcon_meta'
[0.991s] Level 1:colcon.colcon_core.package_identification:_identify(src/bumperbot_py_examples) by extensions ['ros']
[0.991s] Level 1:colcon.colcon_core.package_identification:_identify(src/bumperbot_py_examples) by extension 'ros'
[0.992s] DEBUG:colcon.colcon_core.package_identification:Package 'src/bumperbot_py_examples' with type 'ros.ament_python' and name 'bumperbot_py_examples'
[0.992s] Level 1:colcon.colcon_core.package_discovery:discover_packages(recursive) using defaults
[0.992s] Level 1:colcon.colcon_core.package_discovery:discover_packages(ignore) discover
[0.992s] Level 1:colcon.colcon_core.package_discovery:discover_packages(ignore) using defaults
[0.992s] Level 1:colcon.colcon_core.package_discovery:discover_packages(path) discover
[0.992s] Level 1:colcon.colcon_core.package_discovery:discover_packages(path) using defaults
[1.082s] Level 1:colcon.colcon_core.package_discovery:discover_packages(prefix_path) check parameters
[1.082s] Level 1:colcon.colcon_core.package_discovery:discover_packages(prefix_path) discover
[1.113s] DEBUG:colcon.colcon_installed_package_information.package_discovery:Found 345 installed packages in /opt/ros/humble
[1.114s] Level 1:colcon.colcon_core.package_discovery:discover_packages(prefix_path) using defaults
[1.227s] Level 5:colcon.colcon_core.verb:set package 'bumperbot_controller' build argument 'cmake_args' from command line to 'None'
[1.227s] Level 5:colcon.colcon_core.verb:set package 'bumperbot_controller' build argument 'cmake_target' from command line to 'None'
[1.227s] Level 5:colcon.colcon_core.verb:set package 'bumperbot_controller' build argument 'cmake_target_skip_unavailable' from command line to 'False'
[1.227s] Level 5:colcon.colcon_core.verb:set package 'bumperbot_controller' build argument 'cmake_clean_cache' from command line to 'False'
[1.227s] Level 5:colcon.colcon_core.verb:set package 'bumperbot_controller' build argument 'cmake_clean_first' from command line to 'False'
[1.227s] Level 5:colcon.colcon_core.verb:set package 'bumperbot_controller' build argument 'cmake_force_configure' from command line to 'False'
[1.227s] Level 5:colcon.colcon_core.verb:set package 'bumperbot_controller' build argument 'ament_cmake_args' from command line to 'None'
[1.227s] Level 5:colcon.colcon_core.verb:set package 'bumperbot_controller' build argument 'catkin_cmake_args' from command line to 'None'
[1.227s] Level 5:colcon.colcon_core.verb:set package 'bumperbot_controller' build argument 'catkin_skip_building_tests' from command line to 'False'
[1.227s] DEBUG:colcon.colcon_core.verb:Building package 'bumperbot_controller' with the following arguments: {'ament_cmake_args': None, 'build_base': '/home/sarthak/bumperbot_ws/build/bumperbot_controller', 'catkin_cmake_args': None, 'catkin_skip_building_tests': False, 'cmake_args': None, 'cmake_clean_cache': False, 'cmake_clean_first': False, 'cmake_force_configure': False, 'cmake_target': None, 'cmake_target_skip_unavailable': False, 'install_base': '/home/sarthak/bumperbot_ws/install/bumperbot_controller', 'merge_install': False, 'path': '/home/sarthak/bumperbot_ws/src/bumperbot_controller', 'symlink_install': False, 'test_result_base': None}
[1.241s] Level 5:colcon.colcon_core.verb:set package 'bumperbot_cpp_examples' build argument 'cmake_args' from command line to 'None'
[1.241s] Level 5:colcon.colcon_core.verb:set package 'bumperbot_cpp_examples' build argument 'cmake_target' from command line to 'None'
[1.241s] Level 5:colcon.colcon_core.verb:set package 'bumperbot_cpp_examples' build argument 'cmake_target_skip_unavailable' from command line to 'False'
[1.241s] Level 5:colcon.colcon_core.verb:set package 'bumperbot_cpp_examples' build argument 'cmake_clean_cache' from command line to 'False'
[1.241s] Level 5:colcon.colcon_core.verb:set package 'bumperbot_cpp_examples' build argument 'cmake_clean_first' from command line to 'False'
[1.241s] Level 5:colcon.colcon_core.verb:set package 'bumperbot_cpp_examples' build argument 'cmake_force_configure' from command line to 'False'
[1.241s] Level 5:colcon.colcon_core.verb:set package 'bumperbot_cpp_examples' build argument 'ament_cmake_args' from command line to 'None'
[1.241s] Level 5:colcon.colcon_core.verb:set package 'bumperbot_cpp_examples' build argument 'catkin_cmake_args' from command line to 'None'
[1.241s] Level 5:colcon.colcon_core.verb:set package 'bumperbot_cpp_examples' build argument 'catkin_skip_building_tests' from command line to 'False'
[1.241s] DEBUG:colcon.colcon_core.verb:Building package 'bumperbot_cpp_examples' with the following arguments: {'ament_cmake_args': None, 'build_base': '/home/sarthak/bumperbot_ws/build/bumperbot_cpp_examples', 'catkin_cmake_args': None, 'catkin_skip_building_tests': False, 'cmake_args': None, 'cmake_clean_cache': False, 'cmake_clean_first': False, 'cmake_force_configure': False, 'cmake_target': None, 'cmake_target_skip_unavailable': False, 'install_base': '/home/sarthak/bumperbot_ws/install/bumperbot_cpp_examples', 'merge_install': False, 'path': '/home/sarthak/bumperbot_ws/src/bumperbot_cpp_examples', 'symlink_install': False, 'test_result_base': None}
[1.255s] Level 5:colcon.colcon_core.verb:set package 'bumperbot_description' build argument 'cmake_args' from command line to 'None'
[1.255s] Level 5:colcon.colcon_core.verb:set package 'bumperbot_description' build argument 'cmake_target' from command line to 'None'
[1.255s] Level 5:colcon.colcon_core.verb:set package 'bumperbot_description' build argument 'cmake_target_skip_unavailable' from command line to 'False'
[1.255s] Level 5:colcon.colcon_core.verb:set package 'bumperbot_description' build argument 'cmake_clean_cache' from command line to 'False'
[1.255s] Level 5:colcon.colcon_core.verb:set package 'bumperbot_description' build argument 'cmake_clean_first' from command line to 'False'
[1.255s] Level 5:colcon.colcon_core.verb:set package 'bumperbot_description' build argument 'cmake_force_configure' from command line to 'False'
[1.255s] Level 5:colcon.colcon_core.verb:set package 'bumperbot_description' build argument 'ament_cmake_args' from command line to 'None'
[1.255s] Level 5:colcon.colcon_core.verb:set package 'bumperbot_description' build argument 'catkin_cmake_args' from command line to 'None'
[1.255s] Level 5:colcon.colcon_core.verb:set package 'bumperbot_description' build argument 'catkin_skip_building_tests' from command line to 'False'
[1.255s] DEBUG:colcon.colcon_core.verb:Building package 'bumperbot_description' with the following arguments: {'ament_cmake_args': None, 'build_base': '/home/sarthak/bumperbot_ws/build/bumperbot_description', 'catkin_cmake_args': None, 'catkin_skip_building_tests': False, 'cmake_args': None, 'cmake_clean_cache': False, 'cmake_clean_first': False, 'cmake_force_configure': False, 'cmake_target': None, 'cmake_target_skip_unavailable': False, 'install_base': '/home/sarthak/bumperbot_ws/install/bumperbot_description', 'merge_install': False, 'path': '/home/sarthak/bumperbot_ws/src/bumperbot_description', 'symlink_install': False, 'test_result_base': None}
[1.270s] Level 5:colcon.colcon_core.verb:set package 'bumperbot_py_examples' build argument 'cmake_args' from command line to 'None'
[1.270s] Level 5:colcon.colcon_core.verb:set package 'bumperbot_py_examples' build argument 'cmake_target' from command line to 'None'
[1.270s] Level 5:colcon.colcon_core.verb:set package 'bumperbot_py_examples' build argument 'cmake_target_skip_unavailable' from command line to 'False'
[1.270s] Level 5:colcon.colcon_core.verb:set package 'bumperbot_py_examples' build argument 'cmake_clean_cache' from command line to 'False'
[1.270s] Level 5:colcon.colcon_core.verb:set package 'bumperbot_py_examples' build argument 'cmake_clean_first' from command line to 'False'
[1.270s] Level 5:colcon.colcon_core.verb:set package 'bumperbot_py_examples' build argument 'cmake_force_configure' from command line to 'False'
[1.270s] Level 5:colcon.colcon_core.verb:set package 'bumperbot_py_examples' build argument 'ament_cmake_args' from command line to 'None'
[1.270s] Level 5:colcon.colcon_core.verb:set package 'bumperbot_py_examples' build argument 'catkin_cmake_args' from command line to 'None'
[1.270s] Level 5:colcon.colcon_core.verb:set package 'bumperbot_py_examples' build argument 'catkin_skip_building_tests' from command line to 'False'
[1.270s] DEBUG:colcon.colcon_core.verb:Building package 'bumperbot_py_examples' with the following arguments: {'ament_cmake_args': None, 'build_base': '/home/sarthak/bumperbot_ws/build/bumperbot_py_examples', 'catkin_cmake_args': None, 'catkin_skip_building_tests': False, 'cmake_args': None, 'cmake_clean_cache': False, 'cmake_clean_first': False, 'cmake_force_configure': False, 'cmake_target': None, 'cmake_target_skip_unavailable': False, 'install_base': '/home/sarthak/bumperbot_ws/install/bumperbot_py_examples', 'merge_install': False, 'path': '/home/sarthak/bumperbot_ws/src/bumperbot_py_examples', 'symlink_install': False, 'test_result_base': None}
[1.283s] INFO:colcon.colcon_core.executor:Executing jobs using 'parallel' executor
[1.298s] DEBUG:colcon.colcon_parallel_executor.executor.parallel:run_until_complete
[1.299s] INFO:colcon.colcon_ros.task.ament_cmake.build:Building ROS package in '/home/sarthak/bumperbot_ws/src/bumperbot_controller' with build type 'ament_cmake'
[1.299s] INFO:colcon.colcon_cmake.task.cmake.build:Building CMake package in '/home/sarthak/bumperbot_ws/src/bumperbot_controller'
[1.315s] INFO:colcon.colcon_core.plugin_system:Skipping extension 'colcon_core.shell.bat': Not used on non-Windows systems
[1.315s] INFO:colcon.colcon_core.shell:Skip shell extension 'powershell' for command environment: Not usable outside of PowerShell
[1.315s] DEBUG:colcon.colcon_core.shell:Skip shell extension 'dsv' for command environment
[1.346s] INFO:colcon.colcon_ros.task.ament_cmake.build:Building ROS package in '/home/sarthak/bumperbot_ws/src/bumperbot_cpp_examples' with build type 'ament_cmake'
[1.346s] INFO:colcon.colcon_cmake.task.cmake.build:Building CMake package in '/home/sarthak/bumperbot_ws/src/bumperbot_cpp_examples'
[1.361s] INFO:colcon.colcon_core.shell:Skip shell extension 'powershell' for command environment: Not usable outside of PowerShell
[1.361s] DEBUG:colcon.colcon_core.shell:Skip shell extension 'dsv' for command environment
[1.393s] INFO:colcon.colcon_ros.task.ament_cmake.build:Building ROS package in '/home/sarthak/bumperbot_ws/src/bumperbot_description' with build type 'ament_cmake'
[1.393s] INFO:colcon.colcon_cmake.task.cmake.build:Building CMake package in '/home/sarthak/bumperbot_ws/src/bumperbot_description'
[1.408s] INFO:colcon.colcon_core.shell:Skip shell extension 'powershell' for command environment: Not usable outside of PowerShell
[1.408s] DEBUG:colcon.colcon_core.shell:Skip shell extension 'dsv' for command environment
[1.439s] INFO:colcon.colcon_ros.task.ament_python.build:Building ROS package in '/home/sarthak/bumperbot_ws/src/bumperbot_py_examples' with build type 'ament_python'
[1.440s] Level 1:colcon.colcon_core.shell:create_environment_hook('bumperbot_py_examples', 'ament_prefix_path')
[1.455s] INFO:colcon.colcon_core.shell:Creating environment hook '/home/sarthak/bumperbot_ws/install/bumperbot_py_examples/share/bumperbot_py_examples/hook/ament_prefix_path.ps1'
[1.456s] INFO:colcon.colcon_core.shell:Creating environment descriptor '/home/sarthak/bumperbot_ws/install/bumperbot_py_examples/share/bumperbot_py_examples/hook/ament_prefix_path.dsv'
[1.456s] INFO:colcon.colcon_core.shell:Creating environment hook '/home/sarthak/bumperbot_ws/install/bumperbot_py_examples/share/bumperbot_py_examples/hook/ament_prefix_path.sh'
[1.471s] INFO:colcon.colcon_core.shell:Skip shell extension 'powershell' for command environment: Not usable outside of PowerShell
[1.471s] DEBUG:colcon.colcon_core.shell:Skip shell extension 'dsv' for command environment
[1.509s] DEBUG:colcon.colcon_core.event_handler.log_command:Invoking command in '/home/sarthak/bumperbot_ws/build/bumperbot_controller': CMAKE_PREFIX_PATH=/opt/ros/humble /usr/bin/cmake --build /home/sarthak/bumperbot_ws/build/bumperbot_controller -- -j12 -l12
[1.515s] DEBUG:colcon.colcon_core.event_handler.log_command:Invoking command in '/home/sarthak/bumperbot_ws/build/bumperbot_cpp_examples': CMAKE_PREFIX_PATH=/opt/ros/humble /usr/bin/cmake --build /home/sarthak/bumperbot_ws/build/bumperbot_cpp_examples -- -j12 -l12
[1.519s] DEBUG:colcon.colcon_core.event_handler.log_command:Invoking command in '/home/sarthak/bumperbot_ws/build/bumperbot_description': CMAKE_PREFIX_PATH=/opt/ros/humble /usr/bin/cmake --build /home/sarthak/bumperbot_ws/build/bumperbot_description -- -j12 -l12
[1.814s] INFO:colcon.colcon_core.task.python.build:Building Python package in '/home/sarthak/bumperbot_ws/src/bumperbot_py_examples'
[1.828s] INFO:colcon.colcon_core.shell:Skip shell extension 'powershell' for command environment: Not usable outside of PowerShell
[1.828s] DEBUG:colcon.colcon_core.shell:Skip shell extension 'dsv' for command environment
[1.860s] DEBUG:colcon.colcon_core.event_handler.log_command:Invoked command in '/home/sarthak/bumperbot_ws/build/bumperbot_description' returned '0': CMAKE_PREFIX_PATH=/opt/ros/humble /usr/bin/cmake --build /home/sarthak/bumperbot_ws/build/bumperbot_description -- -j12 -l12
[1.862s] DEBUG:colcon.colcon_core.event_handler.log_command:Invoked command in '/home/sarthak/bumperbot_ws/build/bumperbot_cpp_examples' returned '0': CMAKE_PREFIX_PATH=/opt/ros/humble /usr/bin/cmake --build /home/sarthak/bumperbot_ws/build/bumperbot_cpp_examples -- -j12 -l12
[1.905s] DEBUG:colcon.colcon_core.event_handler.log_command:Invoking command in '/home/sarthak/bumperbot_ws/build/bumperbot_cpp_examples': CMAKE_PREFIX_PATH=/opt/ros/humble /usr/bin/cmake --install /home/sarthak/bumperbot_ws/build/bumperbot_cpp_examples
[1.908s] DEBUG:colcon.colcon_core.event_handler.log_command:Invoking command in '/home/sarthak/bumperbot_ws/build/bumperbot_description': CMAKE_PREFIX_PATH=/opt/ros/humble /usr/bin/cmake --install /home/sarthak/bumperbot_ws/build/bumperbot_description
[1.918s] Level 1:colcon.colcon_core.environment:create_environment_scripts_only(bumperbot_cpp_examples)
[1.919s] DEBUG:colcon.colcon_core.event_handler.log_command:Invoked command in '/home/sarthak/bumperbot_ws/build/bumperbot_cpp_examples' returned '0': CMAKE_PREFIX_PATH=/opt/ros/humble /usr/bin/cmake --install /home/sarthak/bumperbot_ws/build/bumperbot_cpp_examples
[1.939s] Level 1:colcon.colcon_core.environment:checking '/home/sarthak/bumperbot_ws/install/bumperbot_cpp_examples' for CMake module files
[1.939s] Level 1:colcon.colcon_core.environment:checking '/home/sarthak/bumperbot_ws/install/bumperbot_cpp_examples' for CMake config files
[1.939s] Level 1:colcon.colcon_core.shell:create_environment_hook('bumperbot_cpp_examples', 'cmake_prefix_path')
[1.953s] INFO:colcon.colcon_core.shell:Creating environment hook '/home/sarthak/bumperbot_ws/install/bumperbot_cpp_examples/share/bumperbot_cpp_examples/hook/cmake_prefix_path.ps1'
[1.954s] INFO:colcon.colcon_core.shell:Creating environment descriptor '/home/sarthak/bumperbot_ws/install/bumperbot_cpp_examples/share/bumperbot_cpp_examples/hook/cmake_prefix_path.dsv'
[1.954s] INFO:colcon.colcon_core.shell:Creating environment hook '/home/sarthak/bumperbot_ws/install/bumperbot_cpp_examples/share/bumperbot_cpp_examples/hook/cmake_prefix_path.sh'
[1.955s] Level 1:colcon.colcon_core.environment:checking '/home/sarthak/bumperbot_ws/install/bumperbot_cpp_examples/bin'
[1.955s] Level 1:colcon.colcon_core.environment:checking '/home/sarthak/bumperbot_ws/install/bumperbot_cpp_examples/lib/pkgconfig/bumperbot_cpp_examples.pc'
[1.955s] Level 1:colcon.colcon_core.environment:checking '/home/sarthak/bumperbot_ws/install/bumperbot_cpp_examples/lib/python3.10/site-packages'
[1.955s] Level 1:colcon.colcon_core.environment:checking '/home/sarthak/bumperbot_ws/install/bumperbot_cpp_examples/bin'
[1.969s] INFO:colcon.colcon_core.shell:Creating package script '/home/sarthak/bumperbot_ws/install/bumperbot_cpp_examples/share/bumperbot_cpp_examples/package.ps1'
[1.970s] INFO:colcon.colcon_core.shell:Creating package descriptor '/home/sarthak/bumperbot_ws/install/bumperbot_cpp_examples/share/bumperbot_cpp_examples/package.dsv'
[1.971s] INFO:colcon.colcon_core.shell:Creating package script '/home/sarthak/bumperbot_ws/install/bumperbot_cpp_examples/share/bumperbot_cpp_examples/package.sh'
[1.971s] INFO:colcon.colcon_core.shell:Creating package script '/home/sarthak/bumperbot_ws/install/bumperbot_cpp_examples/share/bumperbot_cpp_examples/package.bash'
[1.972s] INFO:colcon.colcon_core.shell:Creating package script '/home/sarthak/bumperbot_ws/install/bumperbot_cpp_examples/share/bumperbot_cpp_examples/package.zsh'
[1.973s] Level 1:colcon.colcon_core.environment:create_file_with_runtime_dependencies(/home/sarthak/bumperbot_ws/install/bumperbot_cpp_examples/share/colcon-core/packages/bumperbot_cpp_examples)
[1.974s] Level 1:colcon.colcon_core.environment:create_environment_scripts_only(bumperbot_description)
[1.975s] DEBUG:colcon.colcon_core.event_handler.log_command:Invoked command in '/home/sarthak/bumperbot_ws/build/bumperbot_description' returned '0': CMAKE_PREFIX_PATH=/opt/ros/humble /usr/bin/cmake --install /home/sarthak/bumperbot_ws/build/bumperbot_description
[1.989s] Level 1:colcon.colcon_core.environment:checking '/home/sarthak/bumperbot_ws/install/bumperbot_description' for CMake module files
[1.991s] Level 1:colcon.colcon_core.environment:checking '/home/sarthak/bumperbot_ws/install/bumperbot_description' for CMake config files
[1.991s] Level 1:colcon.colcon_core.shell:create_environment_hook('bumperbot_description', 'cmake_prefix_path')
[2.006s] INFO:colcon.colcon_core.shell:Creating environment hook '/home/sarthak/bumperbot_ws/install/bumperbot_description/share/bumperbot_description/hook/cmake_prefix_path.ps1'
[2.006s] INFO:colcon.colcon_core.shell:Creating environment descriptor '/home/sarthak/bumperbot_ws/install/bumperbot_description/share/bumperbot_description/hook/cmake_prefix_path.dsv'
[2.006s] INFO:colcon.colcon_core.shell:Creating environment hook '/home/sarthak/bumperbot_ws/install/bumperbot_description/share/bumperbot_description/hook/cmake_prefix_path.sh'
[2.007s] Level 1:colcon.colcon_core.environment:checking '/home/sarthak/bumperbot_ws/install/bumperbot_description/bin'
[2.007s] Level 1:colcon.colcon_core.environment:checking '/home/sarthak/bumperbot_ws/install/bumperbot_description/lib/pkgconfig/bumperbot_description.pc'
[2.007s] Level 1:colcon.colcon_core.environment:checking '/home/sarthak/bumperbot_ws/install/bumperbot_description/lib/python3.10/site-packages'
[2.007s] Level 1:colcon.colcon_core.environment:checking '/home/sarthak/bumperbot_ws/install/bumperbot_description/bin'
[2.021s] INFO:colcon.colcon_core.shell:Creating package script '/home/sarthak/bumperbot_ws/install/bumperbot_description/share/bumperbot_description/package.ps1'
[2.022s] INFO:colcon.colcon_core.shell:Creating package descriptor '/home/sarthak/bumperbot_ws/install/bumperbot_description/share/bumperbot_description/package.dsv'
[2.022s] INFO:colcon.colcon_core.shell:Creating package script '/home/sarthak/bumperbot_ws/install/bumperbot_description/share/bumperbot_description/package.sh'
[2.022s] INFO:colcon.colcon_core.shell:Creating package script '/home/sarthak/bumperbot_ws/install/bumperbot_description/share/bumperbot_description/package.bash'
[2.022s] INFO:colcon.colcon_core.shell:Creating package script '/home/sarthak/bumperbot_ws/install/bumperbot_description/share/bumperbot_description/package.zsh'
[2.023s] Level 1:colcon.colcon_core.environment:create_file_with_runtime_dependencies(/home/sarthak/bumperbot_ws/install/bumperbot_description/share/colcon-core/packages/bumperbot_description)
[2.025s] DEBUG:colcon.colcon_core.event_handler.log_command:Invoked command in '/home/sarthak/bumperbot_ws/build/bumperbot_controller' returned '0': CMAKE_PREFIX_PATH=/opt/ros/humble /usr/bin/cmake --build /home/sarthak/bumperbot_ws/build/bumperbot_controller -- -j12 -l12
[2.041s] Level 1:colcon.colcon_core.environment:create_environment_scripts_only(bumperbot_cpp_examples)
[2.056s] Level 1:colcon.colcon_core.environment:checking '/home/sarthak/bumperbot_ws/install/bumperbot_cpp_examples' for CMake module files
[2.056s] Level 1:colcon.colcon_core.environment:checking '/home/sarthak/bumperbot_ws/install/bumperbot_cpp_examples' for CMake config files
[2.057s] Level 1:colcon.colcon_core.shell:create_environment_hook('bumperbot_cpp_examples', 'cmake_prefix_path')
[2.070s] INFO:colcon.colcon_core.shell:Creating environment hook '/home/sarthak/bumperbot_ws/install/bumperbot_cpp_examples/share/bumperbot_cpp_examples/hook/cmake_prefix_path.ps1'
[2.071s] INFO:colcon.colcon_core.shell:Creating environment descriptor '/home/sarthak/bumperbot_ws/install/bumperbot_cpp_examples/share/bumperbot_cpp_examples/hook/cmake_prefix_path.dsv'
[2.071s] INFO:colcon.colcon_core.shell:Creating environment hook '/home/sarthak/bumperbot_ws/install/bumperbot_cpp_examples/share/bumperbot_cpp_examples/hook/cmake_prefix_path.sh'
[2.072s] Level 1:colcon.colcon_core.environment:checking '/home/sarthak/bumperbot_ws/install/bumperbot_cpp_examples/bin'
[2.072s] Level 1:colcon.colcon_core.environment:checking '/home/sarthak/bumperbot_ws/install/bumperbot_cpp_examples/lib/pkgconfig/bumperbot_cpp_examples.pc'
[2.072s] Level 1:colcon.colcon_core.environment:checking '/home/sarthak/bumperbot_ws/install/bumperbot_cpp_examples/lib/python3.10/site-packages'
[2.073s] Level 1:colcon.colcon_core.environment:checking '/home/sarthak/bumperbot_ws/install/bumperbot_cpp_examples/bin'
[2.087s] INFO:colcon.colcon_core.shell:Creating package script '/home/sarthak/bumperbot_ws/install/bumperbot_cpp_examples/share/bumperbot_cpp_examples/package.ps1'
[2.088s] INFO:colcon.colcon_core.shell:Creating package descriptor '/home/sarthak/bumperbot_ws/install/bumperbot_cpp_examples/share/bumperbot_cpp_examples/package.dsv'
[2.088s] INFO:colcon.colcon_core.shell:Creating package script '/home/sarthak/bumperbot_ws/install/bumperbot_cpp_examples/share/bumperbot_cpp_examples/package.sh'
[2.089s] INFO:colcon.colcon_core.shell:Creating package script '/home/sarthak/bumperbot_ws/install/bumperbot_cpp_examples/share/bumperbot_cpp_examples/package.bash'
[2.090s] INFO:colcon.colcon_core.shell:Creating package script '/home/sarthak/bumperbot_ws/install/bumperbot_cpp_examples/share/bumperbot_cpp_examples/package.zsh'
[2.090s] Level 1:colcon.colcon_core.environment:create_file_with_runtime_dependencies(/home/sarthak/bumperbot_ws/install/bumperbot_cpp_examples/share/colcon-core/packages/bumperbot_cpp_examples)
[2.108s] Level 1:colcon.colcon_core.environment:create_environment_scripts_only(bumperbot_description)
[2.124s] Level 1:colcon.colcon_core.environment:checking '/home/sarthak/bumperbot_ws/install/bumperbot_description' for CMake module files
[2.124s] Level 1:colcon.colcon_core.environment:checking '/home/sarthak/bumperbot_ws/install/bumperbot_description' for CMake config files
[2.124s] Level 1:colcon.colcon_core.shell:create_environment_hook('bumperbot_description', 'cmake_prefix_path')
[2.138s] INFO:colcon.colcon_core.shell:Creating environment hook '/home/sarthak/bumperbot_ws/install/bumperbot_description/share/bumperbot_description/hook/cmake_prefix_path.ps1'
[2.139s] INFO:colcon.colcon_core.shell:Creating environment descriptor '/home/sarthak/bumperbot_ws/install/bumperbot_description/share/bumperbot_description/hook/cmake_prefix_path.dsv'
[2.140s] INFO:colcon.colcon_core.shell:Creating environment hook '/home/sarthak/bumperbot_ws/install/bumperbot_description/share/bumperbot_description/hook/cmake_prefix_path.sh'
[2.140s] Level 1:colcon.colcon_core.environment:checking '/home/sarthak/bumperbot_ws/install/bumperbot_description/bin'
[2.140s] Level 1:colcon.colcon_core.environment:checking '/home/sarthak/bumperbot_ws/install/bumperbot_description/lib/pkgconfig/bumperbot_description.pc'
[2.141s] Level 1:colcon.colcon_core.environment:checking '/home/sarthak/bumperbot_ws/install/bumperbot_description/lib/python3.10/site-packages'
[2.141s] Level 1:colcon.colcon_core.environment:checking '/home/sarthak/bumperbot_ws/install/bumperbot_description/bin'
[2.155s] INFO:colcon.colcon_core.shell:Creating package script '/home/sarthak/bumperbot_ws/install/bumperbot_description/share/bumperbot_description/package.ps1'
[2.156s] INFO:colcon.colcon_core.shell:Creating package descriptor '/home/sarthak/bumperbot_ws/install/bumperbot_description/share/bumperbot_description/package.dsv'
[2.156s] INFO:colcon.colcon_core.shell:Creating package script '/home/sarthak/bumperbot_ws/install/bumperbot_description/share/bumperbot_description/package.sh'
[2.157s] INFO:colcon.colcon_core.shell:Creating package script '/home/sarthak/bumperbot_ws/install/bumperbot_description/share/bumperbot_description/package.bash'
[2.157s] INFO:colcon.colcon_core.shell:Creating package script '/home/sarthak/bumperbot_ws/install/bumperbot_description/share/bumperbot_description/package.zsh'
[2.157s] Level 1:colcon.colcon_core.environment:create_file_with_runtime_dependencies(/home/sarthak/bumperbot_ws/install/bumperbot_description/share/colcon-core/packages/bumperbot_description)
[2.161s] DEBUG:colcon.colcon_core.event_handler.log_command:Invoking command in '/home/sarthak/bumperbot_ws/build/bumperbot_controller': CMAKE_PREFIX_PATH=/opt/ros/humble /usr/bin/cmake --install /home/sarthak/bumperbot_ws/build/bumperbot_controller
[2.216s] Level 1:colcon.colcon_core.environment:create_environment_scripts_only(bumperbot_controller)
[2.216s] DEBUG:colcon.colcon_core.event_handler.log_command:Invoked command in '/home/sarthak/bumperbot_ws/build/bumperbot_controller' returned '0': CMAKE_PREFIX_PATH=/opt/ros/humble /usr/bin/cmake --install /home/sarthak/bumperbot_ws/build/bumperbot_controller
[2.231s] Level 1:colcon.colcon_core.environment:checking '/home/sarthak/bumperbot_ws/install/bumperbot_controller' for CMake module files
[2.232s] Level 1:colcon.colcon_core.environment:checking '/home/sarthak/bumperbot_ws/install/bumperbot_controller' for CMake config files
[2.232s] Level 1:colcon.colcon_core.shell:create_environment_hook('bumperbot_controller', 'cmake_prefix_path')
[2.246s] INFO:colcon.colcon_core.shell:Creating environment hook '/home/sarthak/bumperbot_ws/install/bumperbot_controller/share/bumperbot_controller/hook/cmake_prefix_path.ps1'
[2.247s] INFO:colcon.colcon_core.shell:Creating environment descriptor '/home/sarthak/bumperbot_ws/install/bumperbot_controller/share/bumperbot_controller/hook/cmake_prefix_path.dsv'
[2.247s] INFO:colcon.colcon_core.shell:Creating environment hook '/home/sarthak/bumperbot_ws/install/bumperbot_controller/share/bumperbot_controller/hook/cmake_prefix_path.sh'
[2.248s] Level 1:colcon.colcon_core.environment:checking '/home/sarthak/bumperbot_ws/install/bumperbot_controller/lib'
[2.248s] Level 1:colcon.colcon_core.environment:checking '/home/sarthak/bumperbot_ws/install/bumperbot_controller/bin'
[2.248s] Level 1:colcon.colcon_core.environment:checking '/home/sarthak/bumperbot_ws/install/bumperbot_controller/lib/pkgconfig/bumperbot_controller.pc'
[2.248s] Level 1:colcon.colcon_core.environment:checking '/home/sarthak/bumperbot_ws/install/bumperbot_controller/lib/python3.10/site-packages'
[2.248s] Level 1:colcon.colcon_core.environment:checking '/home/sarthak/bumperbot_ws/install/bumperbot_controller/bin'
[2.263s] INFO:colcon.colcon_core.shell:Creating package script '/home/sarthak/bumperbot_ws/install/bumperbot_controller/share/bumperbot_controller/package.ps1'
[2.264s] INFO:colcon.colcon_core.shell:Creating package descriptor '/home/sarthak/bumperbot_ws/install/bumperbot_controller/share/bumperbot_controller/package.dsv'
[2.265s] INFO:colcon.colcon_core.shell:Creating package script '/home/sarthak/bumperbot_ws/install/bumperbot_controller/share/bumperbot_controller/package.sh'
[2.265s] INFO:colcon.colcon_core.shell:Creating package script '/home/sarthak/bumperbot_ws/install/bumperbot_controller/share/bumperbot_controller/package.bash'
[2.266s] INFO:colcon.colcon_core.shell:Creating package script '/home/sarthak/bumperbot_ws/install/bumperbot_controller/share/bumperbot_controller/package.zsh'
[2.266s] Level 1:colcon.colcon_core.environment:create_file_with_runtime_dependencies(/home/sarthak/bumperbot_ws/install/bumperbot_controller/share/colcon-core/packages/bumperbot_controller)
[2.271s] DEBUG:colcon.colcon_core.event_handler.log_command:Invoking command in '/home/sarthak/bumperbot_ws/src/bumperbot_py_examples': PYTHONPATH=/home/sarthak/bumperbot_ws/build/bumperbot_py_examples/prefix_override:/home/sarthak/bumperbot_ws/install/bumperbot_py_examples/lib/python3.10/site-packages:${PYTHONPATH} /usr/bin/python3 setup.py egg_info --egg-base ../../build/bumperbot_py_examples build --build-base /home/sarthak/bumperbot_ws/build/bumperbot_py_examples/build install --record /home/sarthak/bumperbot_ws/build/bumperbot_py_examples/install.log --single-version-externally-managed
[2.308s] Level 1:colcon.colcon_core.environment:create_environment_scripts_only(bumperbot_controller)
[2.323s] Level 1:colcon.colcon_core.environment:checking '/home/sarthak/bumperbot_ws/install/bumperbot_controller' for CMake module files
[2.323s] Level 1:colcon.colcon_core.environment:checking '/home/sarthak/bumperbot_ws/install/bumperbot_controller' for CMake config files
[2.324s] Level 1:colcon.colcon_core.shell:create_environment_hook('bumperbot_controller', 'cmake_prefix_path')
[2.338s] INFO:colcon.colcon_core.shell:Creating environment hook '/home/sarthak/bumperbot_ws/install/bumperbot_controller/share/bumperbot_controller/hook/cmake_prefix_path.ps1'
[2.339s] INFO:colcon.colcon_core.shell:Creating environment descriptor '/home/sarthak/bumperbot_ws/install/bumperbot_controller/share/bumperbot_controller/hook/cmake_prefix_path.dsv'
[2.339s] INFO:colcon.colcon_core.shell:Creating environment hook '/home/sarthak/bumperbot_ws/install/bumperbot_controller/share/bumperbot_controller/hook/cmake_prefix_path.sh'
[2.340s] Level 1:colcon.colcon_core.environment:checking '/home/sarthak/bumperbot_ws/install/bumperbot_controller/lib'
[2.340s] Level 1:colcon.colcon_core.environment:checking '/home/sarthak/bumperbot_ws/install/bumperbot_controller/bin'
[2.340s] Level 1:colcon.colcon_core.environment:checking '/home/sarthak/bumperbot_ws/install/bumperbot_controller/lib/pkgconfig/bumperbot_controller.pc'
[2.340s] Level 1:colcon.colcon_core.environment:checking '/home/sarthak/bumperbot_ws/install/bumperbot_controller/lib/python3.10/site-packages'
[2.340s] Level 1:colcon.colcon_core.environment:checking '/home/sarthak/bumperbot_ws/install/bumperbot_controller/bin'
[2.356s] INFO:colcon.colcon_core.shell:Creating package script '/home/sarthak/bumperbot_ws/install/bumperbot_controller/share/bumperbot_controller/package.ps1'
[2.357s] INFO:colcon.colcon_core.shell:Creating package descriptor '/home/sarthak/bumperbot_ws/install/bumperbot_controller/share/bumperbot_controller/package.dsv'
[2.357s] INFO:colcon.colcon_core.shell:Creating package script '/home/sarthak/bumperbot_ws/install/bumperbot_controller/share/bumperbot_controller/package.sh'
[2.358s] INFO:colcon.colcon_core.shell:Creating package script '/home/sarthak/bumperbot_ws/install/bumperbot_controller/share/bumperbot_controller/package.bash'
[2.358s] INFO:colcon.colcon_core.shell:Creating package script '/home/sarthak/bumperbot_ws/install/bumperbot_controller/share/bumperbot_controller/package.zsh'
[2.359s] Level 1:colcon.colcon_core.environment:create_file_with_runtime_dependencies(/home/sarthak/bumperbot_ws/install/bumperbot_controller/share/colcon-core/packages/bumperbot_controller)
[2.597s] DEBUG:colcon.colcon_core.event_handler.log_command:Invoked command in '/home/sarthak/bumperbot_ws/src/bumperbot_py_examples' returned '0': PYTHONPATH=/home/sarthak/bumperbot_ws/build/bumperbot_py_examples/prefix_override:/home/sarthak/bumperbot_ws/install/bumperbot_py_examples/lib/python3.10/site-packages:${PYTHONPATH} /usr/bin/python3 setup.py egg_info --egg-base ../../build/bumperbot_py_examples build --build-base /home/sarthak/bumperbot_ws/build/bumperbot_py_examples/build install --record /home/sarthak/bumperbot_ws/build/bumperbot_py_examples/install.log --single-version-externally-managed
[2.627s] Level 1:colcon.colcon_core.environment:checking '/home/sarthak/bumperbot_ws/install/bumperbot_py_examples' for CMake module files
[2.628s] Level 1:colcon.colcon_core.environment:checking '/home/sarthak/bumperbot_ws/install/bumperbot_py_examples' for CMake config files
[2.629s] Level 1:colcon.colcon_core.environment:checking '/home/sarthak/bumperbot_ws/install/bumperbot_py_examples/lib'
[2.629s] Level 1:colcon.colcon_core.environment:checking '/home/sarthak/bumperbot_ws/install/bumperbot_py_examples/bin'
[2.629s] Level 1:colcon.colcon_core.environment:checking '/home/sarthak/bumperbot_ws/install/bumperbot_py_examples/lib/pkgconfig/bumperbot_py_examples.pc'
[2.630s] Level 1:colcon.colcon_core.environment:checking '/home/sarthak/bumperbot_ws/install/bumperbot_py_examples/lib/python3.10/site-packages'
[2.630s] Level 1:colcon.colcon_core.shell:create_environment_hook('bumperbot_py_examples', 'pythonpath')
[2.659s] INFO:colcon.colcon_core.shell:Creating environment hook '/home/sarthak/bumperbot_ws/install/bumperbot_py_examples/share/bumperbot_py_examples/hook/pythonpath.ps1'
[2.660s] INFO:colcon.colcon_core.shell:Creating environment descriptor '/home/sarthak/bumperbot_ws/install/bumperbot_py_examples/share/bumperbot_py_examples/hook/pythonpath.dsv'
[2.660s] INFO:colcon.colcon_core.shell:Creating environment hook '/home/sarthak/bumperbot_ws/install/bumperbot_py_examples/share/bumperbot_py_examples/hook/pythonpath.sh'
[2.661s] Level 1:colcon.colcon_core.environment:checking '/home/sarthak/bumperbot_ws/install/bumperbot_py_examples/bin'
[2.661s] Level 1:colcon.colcon_core.environment:create_environment_scripts_only(bumperbot_py_examples)
[2.684s] INFO:colcon.colcon_core.shell:Creating package script '/home/sarthak/bumperbot_ws/install/bumperbot_py_examples/share/bumperbot_py_examples/package.ps1'
[2.684s] INFO:colcon.colcon_core.shell:Creating package descriptor '/home/sarthak/bumperbot_ws/install/bumperbot_py_examples/share/bumperbot_py_examples/package.dsv'
[2.685s] INFO:colcon.colcon_core.shell:Creating package script '/home/sarthak/bumperbot_ws/install/bumperbot_py_examples/share/bumperbot_py_examples/package.sh'
[2.685s] INFO:colcon.colcon_core.shell:Creating package script '/home/sarthak/bumperbot_ws/install/bumperbot_py_examples/share/bumperbot_py_examples/package.bash'
[2.686s] INFO:colcon.colcon_core.shell:Creating package script '/home/sarthak/bumperbot_ws/install/bumperbot_py_examples/share/bumperbot_py_examples/package.zsh'
[2.686s] Level 1:colcon.colcon_core.environment:create_file_with_runtime_dependencies(/home/sarthak/bumperbot_ws/install/bumperbot_py_examples/share/colcon-core/packages/bumperbot_py_examples)
[2.686s] DEBUG:colcon.colcon_parallel_executor.executor.parallel:closing loop
[2.687s] DEBUG:colcon.colcon_parallel_executor.executor.parallel:loop closed
[2.687s] DEBUG:colcon.colcon_parallel_executor.executor.parallel:run_until_complete finished with '0'
[2.687s] DEBUG:colcon.colcon_core.event_reactor:joining thread
[2.708s] INFO:colcon.colcon_core.plugin_system:Skipping extension 'colcon_notification.desktop_notification.terminal_notifier': Not used on non-Darwin systems
[2.708s] INFO:colcon.colcon_core.plugin_system:Skipping extension 'colcon_notification.desktop_notification.win32': Not used on non-Windows systems
[2.708s] INFO:colcon.colcon_notification.desktop_notification:Sending desktop notification using 'notify2'
[2.723s] DEBUG:colcon.colcon_core.event_reactor:joined thread
[2.737s] INFO:colcon.colcon_core.shell:Creating prefix script '/home/sarthak/bumperbot_ws/install/local_setup.ps1'
[2.738s] INFO:colcon.colcon_core.shell:Creating prefix util module '/home/sarthak/bumperbot_ws/install/_local_setup_util_ps1.py'
[2.739s] INFO:colcon.colcon_core.shell:Creating prefix chain script '/home/sarthak/bumperbot_ws/install/setup.ps1'
[2.754s] INFO:colcon.colcon_core.shell:Creating prefix script '/home/sarthak/bumperbot_ws/install/local_setup.sh'
[2.754s] INFO:colcon.colcon_core.shell:Creating prefix util module '/home/sarthak/bumperbot_ws/install/_local_setup_util_sh.py'
[2.755s] INFO:colcon.colcon_core.shell:Creating prefix chain script '/home/sarthak/bumperbot_ws/install/setup.sh'
[2.769s] INFO:colcon.colcon_core.shell:Creating prefix script '/home/sarthak/bumperbot_ws/install/local_setup.bash'
[2.769s] INFO:colcon.colcon_core.shell:Creating prefix chain script '/home/sarthak/bumperbot_ws/install/setup.bash'
[2.813s] INFO:colcon.colcon_core.shell:Creating prefix script '/home/sarthak/bumperbot_ws/install/local_setup.zsh'
[2.814s] INFO:colcon.colcon_core.shell:Creating prefix chain script '/home/sarthak/bumperbot_ws/install/setup.zsh'
