[0.694s] Invoking command in '/home/sarthak/bumperbot_ws/build/bumperbot_py_examples': PYTHONPATH=/home/sarthak/bumperbot_ws/build/bumperbot_py_examples/prefix_override:/home/sarthak/bumperbot_ws/install/bumperbot_py_examples/lib/python3.10/site-packages:${PYTHONPATH} /usr/bin/python3 setup.py develop --editable --build-directory /home/sarthak/bumperbot_ws/build/bumperbot_py_examples/build --no-deps install_data
[0.922s] running develop
[0.961s] /usr/lib/python3/dist-packages/setuptools/command/easy_install.py:158: EasyInstallDeprecationWarning: easy_install command is deprecated. Use build and pip and other standards-based tools.
[0.961s]   warnings.warn(
[0.962s] /usr/lib/python3/dist-packages/setuptools/command/install.py:34: SetuptoolsDeprecationWarning: setup.py install is deprecated. Use build and pip and other standards-based tools.
[0.963s]   warnings.warn(
[1.111s] running egg_info
[1.111s] writing bumperbot_py_examples.egg-info/PKG-INFO
[1.111s] writing dependency_links to bumperbot_py_examples.egg-info/dependency_links.txt
[1.111s] writing entry points to bumperbot_py_examples.egg-info/entry_points.txt
[1.111s] writing requirements to bumperbot_py_examples.egg-info/requires.txt
[1.111s] writing top-level names to bumperbot_py_examples.egg-info/top_level.txt
[1.113s] reading manifest file 'bumperbot_py_examples.egg-info/SOURCES.txt'
[1.114s] writing manifest file 'bumperbot_py_examples.egg-info/SOURCES.txt'
[1.115s] running build_ext
[1.115s] Creating /home/sarthak/bumperbot_ws/install/bumperbot_py_examples/lib/python3.10/site-packages/bumperbot-py-examples.egg-link (link to .)
[1.116s] Installing simple_parameter script to /home/sarthak/bumperbot_ws/install/bumperbot_py_examples/lib/bumperbot_py_examples
[1.116s] Installing simple_publisher script to /home/sarthak/bumperbot_ws/install/bumperbot_py_examples/lib/bumperbot_py_examples
[1.116s] Installing simple_subscriber script to /home/sarthak/bumperbot_ws/install/bumperbot_py_examples/lib/bumperbot_py_examples
[1.116s] Installing simple_tf_kinematics script to /home/sarthak/bumperbot_ws/install/bumperbot_py_examples/lib/bumperbot_py_examples
[1.117s] 
[1.117s] Installed /home/sarthak/bumperbot_ws/build/bumperbot_py_examples
[1.117s] running install_data
[1.157s] Invoked command in '/home/sarthak/bumperbot_ws/build/bumperbot_py_examples' returned '0': PYTHONPATH=/home/sarthak/bumperbot_ws/build/bumperbot_py_examples/prefix_override:/home/sarthak/bumperbot_ws/install/bumperbot_py_examples/lib/python3.10/site-packages:${PYTHONPATH} /usr/bin/python3 setup.py develop --editable --build-directory /home/sarthak/bumperbot_ws/build/bumperbot_py_examples/build --no-deps install_data
