[0.113s] Invoking command in '/home/sarthak/bumperbot_ws/build/bumperbot_description': CMAKE_PREFIX_PATH=/opt/ros/humble /usr/bin/cmake --build /home/sarthak/bumperbot_ws/build/bumperbot_description -- -j12 -l12
[0.139s] -- Found ament_cmake: 1.3.5 (/opt/ros/humble/share/ament_cmake/cmake)
[0.310s] -- Found ament_lint_auto: 0.12.8 (/opt/ros/humble/share/ament_lint_auto/cmake)
[0.391s] -- Added test 'lint_cmake' to check CMake code style
[0.395s] -- Added test 'xmllint' to check XML markup files
[0.397s] -- Configuring done
[0.406s] -- Generating done
[0.409s] -- Build files have been written to: /home/sarthak/bumperbot_ws/build/bumperbot_description
[0.440s] Invoked command in '/home/sarthak/bumperbot_ws/build/bumperbot_description' returned '0': CMAKE_PREFIX_PATH=/opt/ros/humble /usr/bin/cmake --build /home/sarthak/bumperbot_ws/build/bumperbot_description -- -j12 -l12
[0.478s] Invoking command in '/home/sarthak/bumperbot_ws/build/bumperbot_description': CMAKE_PREFIX_PATH=/opt/ros/humble /usr/bin/cmake --install /home/sarthak/bumperbot_ws/build/bumperbot_description
[0.485s] -- Install configuration: ""
[0.486s] -- Installing: /home/sarthak/bumperbot_ws/install/bumperbot_description/share/bumperbot_description/meshes
[0.486s] -- Installing: /home/sarthak/bumperbot_ws/install/bumperbot_description/share/bumperbot_description/meshes/wheel_left_link.STL
[0.488s] -- Installing: /home/sarthak/bumperbot_ws/install/bumperbot_description/share/bumperbot_description/meshes/caster_front_link.STL
[0.489s] -- Installing: /home/sarthak/bumperbot_ws/install/bumperbot_description/share/bumperbot_description/meshes/imu_link.STL
[0.489s] -- Installing: /home/sarthak/bumperbot_ws/install/bumperbot_description/share/bumperbot_description/meshes/wheel_right_link.STL
[0.491s] -- Installing: /home/sarthak/bumperbot_ws/install/bumperbot_description/share/bumperbot_description/meshes/caster_rear_link.STL
[0.492s] -- Installing: /home/sarthak/bumperbot_ws/install/bumperbot_description/share/bumperbot_description/meshes/base_link.STL
[0.513s] -- Installing: /home/sarthak/bumperbot_ws/install/bumperbot_description/share/bumperbot_description/urdf
[0.514s] -- Installing: /home/sarthak/bumperbot_ws/install/bumperbot_description/share/bumperbot_description/urdf/bumperbot.urdf.xacro
[0.514s] -- Up-to-date: /home/sarthak/bumperbot_ws/install/bumperbot_description/share/ament_index/resource_index/package_run_dependencies/bumperbot_description
[0.514s] -- Up-to-date: /home/sarthak/bumperbot_ws/install/bumperbot_description/share/ament_index/resource_index/parent_prefix_path/bumperbot_description
[0.514s] -- Up-to-date: /home/sarthak/bumperbot_ws/install/bumperbot_description/share/bumperbot_description/environment/ament_prefix_path.sh
[0.514s] -- Installing: /home/sarthak/bumperbot_ws/install/bumperbot_description/share/bumperbot_description/environment/ament_prefix_path.dsv
[0.514s] -- Up-to-date: /home/sarthak/bumperbot_ws/install/bumperbot_description/share/bumperbot_description/environment/path.sh
[0.514s] -- Installing: /home/sarthak/bumperbot_ws/install/bumperbot_description/share/bumperbot_description/environment/path.dsv
[0.514s] -- Up-to-date: /home/sarthak/bumperbot_ws/install/bumperbot_description/share/bumperbot_description/local_setup.bash
[0.514s] -- Up-to-date: /home/sarthak/bumperbot_ws/install/bumperbot_description/share/bumperbot_description/local_setup.sh
[0.514s] -- Up-to-date: /home/sarthak/bumperbot_ws/install/bumperbot_description/share/bumperbot_description/local_setup.zsh
[0.515s] -- Installing: /home/sarthak/bumperbot_ws/install/bumperbot_description/share/bumperbot_description/local_setup.dsv
[0.515s] -- Installing: /home/sarthak/bumperbot_ws/install/bumperbot_description/share/bumperbot_description/package.dsv
[0.515s] -- Up-to-date: /home/sarthak/bumperbot_ws/install/bumperbot_description/share/ament_index/resource_index/packages/bumperbot_description
[0.515s] -- Up-to-date: /home/sarthak/bumperbot_ws/install/bumperbot_description/share/bumperbot_description/cmake/bumperbot_descriptionConfig.cmake
[0.515s] -- Up-to-date: /home/sarthak/bumperbot_ws/install/bumperbot_description/share/bumperbot_description/cmake/bumperbot_descriptionConfig-version.cmake
[0.515s] -- Up-to-date: /home/sarthak/bumperbot_ws/install/bumperbot_description/share/bumperbot_description/package.xml
[0.550s] Invoked command in '/home/sarthak/bumperbot_ws/build/bumperbot_description' returned '0': CMAKE_PREFIX_PATH=/opt/ros/humble /usr/bin/cmake --install /home/sarthak/bumperbot_ws/build/bumperbot_description
