[0.731s] Invoking command in '/home/sarthak/bumperbot_ws/src/bumperbot_py_examples': AMENT_PREFIX_PATH=/home/sarthak/bumperbot_ws/install/bumperbot_msgs:${AMENT_PREFIX_PATH} CMAKE_PREFIX_PATH=/home/sarthak/bumperbot_ws/install/bumperbot_msgs LD_LIBRARY_PATH=/home/sarthak/bumperbot_ws/install/bumperbot_msgs/lib:${LD_LIBRARY_PATH} PYTHONPATH=/home/sarthak/bumperbot_ws/build/bumperbot_py_examples/prefix_override:/home/sarthak/bumperbot_ws/install/bumperbot_py_examples/lib/python3.10/site-packages:/home/sarthak/bumperbot_ws/install/bumperbot_msgs/local/lib/python3.10/dist-packages:${PYTHONPATH} /usr/bin/python3 setup.py egg_info --egg-base ../../build/bumperbot_py_examples build --build-base /home/sarthak/bumperbot_ws/build/bumperbot_py_examples/build install --record /home/sarthak/bumperbot_ws/build/bumperbot_py_examples/install.log --single-version-externally-managed
[0.959s] running egg_info
[0.960s] writing ../../build/bumperbot_py_examples/bumperbot_py_examples.egg-info/PKG-INFO
[0.960s] writing dependency_links to ../../build/bumperbot_py_examples/bumperbot_py_examples.egg-info/dependency_links.txt
[0.960s] writing entry points to ../../build/bumperbot_py_examples/bumperbot_py_examples.egg-info/entry_points.txt
[0.960s] writing requirements to ../../build/bumperbot_py_examples/bumperbot_py_examples.egg-info/requires.txt
[0.960s] writing top-level names to ../../build/bumperbot_py_examples/bumperbot_py_examples.egg-info/top_level.txt
[0.962s] reading manifest file '../../build/bumperbot_py_examples/bumperbot_py_examples.egg-info/SOURCES.txt'
[0.963s] writing manifest file '../../build/bumperbot_py_examples/bumperbot_py_examples.egg-info/SOURCES.txt'
[0.963s] running build
[0.963s] running build_py
[0.964s] copying bumperbot_py_examples/simple_service_client.py -> /home/sarthak/bumperbot_ws/build/bumperbot_py_examples/build/lib/bumperbot_py_examples
[0.964s] running install
[0.964s] /usr/lib/python3/dist-packages/setuptools/command/install.py:34: SetuptoolsDeprecationWarning: setup.py install is deprecated. Use build and pip and other standards-based tools.
[0.964s]   warnings.warn(
[0.964s] running install_lib
[0.965s] copying /home/sarthak/bumperbot_ws/build/bumperbot_py_examples/build/lib/bumperbot_py_examples/simple_service_client.py -> /home/sarthak/bumperbot_ws/install/bumperbot_py_examples/lib/python3.10/site-packages/bumperbot_py_examples
[0.966s] byte-compiling /home/sarthak/bumperbot_ws/install/bumperbot_py_examples/lib/python3.10/site-packages/bumperbot_py_examples/simple_service_client.py to simple_service_client.cpython-310.pyc
[0.966s] running install_data
[0.967s] running install_egg_info
[0.969s] removing '/home/sarthak/bumperbot_ws/install/bumperbot_py_examples/lib/python3.10/site-packages/bumperbot_py_examples-0.0.0-py3.10.egg-info' (and everything under it)
[0.969s] Copying ../../build/bumperbot_py_examples/bumperbot_py_examples.egg-info to /home/sarthak/bumperbot_ws/install/bumperbot_py_examples/lib/python3.10/site-packages/bumperbot_py_examples-0.0.0-py3.10.egg-info
[0.970s] running install_scripts
[0.989s] Installing simple_parameter script to /home/sarthak/bumperbot_ws/install/bumperbot_py_examples/lib/bumperbot_py_examples
[0.990s] Installing simple_publisher script to /home/sarthak/bumperbot_ws/install/bumperbot_py_examples/lib/bumperbot_py_examples
[0.990s] Installing simple_service_client script to /home/sarthak/bumperbot_ws/install/bumperbot_py_examples/lib/bumperbot_py_examples
[0.990s] Installing simple_service_server script to /home/sarthak/bumperbot_ws/install/bumperbot_py_examples/lib/bumperbot_py_examples
[0.990s] Installing simple_subscriber script to /home/sarthak/bumperbot_ws/install/bumperbot_py_examples/lib/bumperbot_py_examples
[0.990s] Installing simple_tf_kinematics script to /home/sarthak/bumperbot_ws/install/bumperbot_py_examples/lib/bumperbot_py_examples
[0.990s] writing list of installed files to '/home/sarthak/bumperbot_ws/build/bumperbot_py_examples/install.log'
[1.025s] Invoked command in '/home/sarthak/bumperbot_ws/src/bumperbot_py_examples' returned '0': AMENT_PREFIX_PATH=/home/sarthak/bumperbot_ws/install/bumperbot_msgs:${AMENT_PREFIX_PATH} CMAKE_PREFIX_PATH=/home/sarthak/bumperbot_ws/install/bumperbot_msgs LD_LIBRARY_PATH=/home/sarthak/bumperbot_ws/install/bumperbot_msgs/lib:${LD_LIBRARY_PATH} PYTHONPATH=/home/sarthak/bumperbot_ws/build/bumperbot_py_examples/prefix_override:/home/sarthak/bumperbot_ws/install/bumperbot_py_examples/lib/python3.10/site-packages:/home/sarthak/bumperbot_ws/install/bumperbot_msgs/local/lib/python3.10/dist-packages:${PYTHONPATH} /usr/bin/python3 setup.py egg_info --egg-base ../../build/bumperbot_py_examples build --build-base /home/sarthak/bumperbot_ws/build/bumperbot_py_examples/build install --record /home/sarthak/bumperbot_ws/build/bumperbot_py_examples/install.log --single-version-externally-managed
