[0.189s] Invoking command in '/home/sarthak/bumperbot_ws/build/bumperbot_controller': CMAKE_PREFIX_PATH=/opt/ros/humble /usr/bin/cmake --build /home/sarthak/bumperbot_ws/build/bumperbot_controller -- -j12 -l12
[0.276s] Built target ament_cmake_python_copy_bumperbot_controller
[0.502s] running egg_info
[0.503s] writing bumperbot_controller.egg-info/PKG-INFO
[0.503s] writing dependency_links to bumperbot_controller.egg-info/dependency_links.txt
[0.503s] writing top-level names to bumperbot_controller.egg-info/top_level.txt
[0.506s] reading manifest file 'bumperbot_controller.egg-info/SOURCES.txt'
[0.506s] writing manifest file 'bumperbot_controller.egg-info/SOURCES.txt'
[0.543s] Built target ament_cmake_python_build_bumperbot_controller_egg
[0.634s] Invoked command in '/home/sarthak/bumperbot_ws/build/bumperbot_controller' returned '0': CMAKE_PREFIX_PATH=/opt/ros/humble /usr/bin/cmake --build /home/sarthak/bumperbot_ws/build/bumperbot_controller -- -j12 -l12
[0.758s] Invoking command in '/home/sarthak/bumperbot_ws/build/bumperbot_controller': CMAKE_PREFIX_PATH=/opt/ros/humble /usr/bin/cmake --install /home/sarthak/bumperbot_ws/build/bumperbot_controller
[0.774s] -- Install configuration: ""
[0.774s] -- Up-to-date: /home/sarthak/bumperbot_ws/install/bumperbot_controller/share/bumperbot_controller/environment/pythonpath.sh
[0.775s] -- Up-to-date: /home/sarthak/bumperbot_ws/install/bumperbot_controller/share/bumperbot_controller/environment/pythonpath.dsv
[0.775s] -- Up-to-date: /home/sarthak/bumperbot_ws/install/bumperbot_controller/local/lib/python3.10/dist-packages/bumperbot_controller-0.0.0-py3.10.egg-info
[0.775s] -- Installing: /home/sarthak/bumperbot_ws/install/bumperbot_controller/local/lib/python3.10/dist-packages/bumperbot_controller-0.0.0-py3.10.egg-info/dependency_links.txt
[0.775s] -- Installing: /home/sarthak/bumperbot_ws/install/bumperbot_controller/local/lib/python3.10/dist-packages/bumperbot_controller-0.0.0-py3.10.egg-info/SOURCES.txt
[0.775s] -- Installing: /home/sarthak/bumperbot_ws/install/bumperbot_controller/local/lib/python3.10/dist-packages/bumperbot_controller-0.0.0-py3.10.egg-info/PKG-INFO
[0.775s] -- Installing: /home/sarthak/bumperbot_ws/install/bumperbot_controller/local/lib/python3.10/dist-packages/bumperbot_controller-0.0.0-py3.10.egg-info/top_level.txt
[0.776s] -- Up-to-date: /home/sarthak/bumperbot_ws/install/bumperbot_controller/local/lib/python3.10/dist-packages/bumperbot_controller
[0.776s] -- Up-to-date: /home/sarthak/bumperbot_ws/install/bumperbot_controller/local/lib/python3.10/dist-packages/bumperbot_controller/__init__.py
[0.776s] -- Up-to-date: /home/sarthak/bumperbot_ws/install/bumperbot_controller/local/lib/python3.10/dist-packages/bumperbot_controller/simple_controller.py
[0.827s] Listing '/home/sarthak/bumperbot_ws/install/bumperbot_controller/local/lib/python3.10/dist-packages/bumperbot_controller'...
[0.832s] -- Up-to-date: /home/sarthak/bumperbot_ws/install/bumperbot_controller/share/bumperbot_controller/config
[0.832s] -- Up-to-date: /home/sarthak/bumperbot_ws/install/bumperbot_controller/share/bumperbot_controller/config/joy_config.yaml
[0.832s] -- Up-to-date: /home/sarthak/bumperbot_ws/install/bumperbot_controller/share/bumperbot_controller/config/bumperbot_controllers.yaml
[0.832s] -- Up-to-date: /home/sarthak/bumperbot_ws/install/bumperbot_controller/share/bumperbot_controller/config/joy_teleop_config.yaml
[0.832s] -- Up-to-date: /home/sarthak/bumperbot_ws/install/bumperbot_controller/share/bumperbot_controller/launch
[0.832s] -- Up-to-date: /home/sarthak/bumperbot_ws/install/bumperbot_controller/share/bumperbot_controller/launch/controller.launch.py
[0.832s] -- Up-to-date: /home/sarthak/bumperbot_ws/install/bumperbot_controller/share/bumperbot_controller/launch/joystick_teleop.launch.py
[0.832s] -- Up-to-date: /home/sarthak/bumperbot_ws/install/bumperbot_controller/lib/bumperbot_controller/simple_controller.py
[0.833s] -- Up-to-date: /home/sarthak/bumperbot_ws/install/bumperbot_controller/share/ament_index/resource_index/package_run_dependencies/bumperbot_controller
[0.833s] -- Up-to-date: /home/sarthak/bumperbot_ws/install/bumperbot_controller/share/ament_index/resource_index/parent_prefix_path/bumperbot_controller
[0.833s] -- Up-to-date: /home/sarthak/bumperbot_ws/install/bumperbot_controller/share/bumperbot_controller/environment/ament_prefix_path.sh
[0.833s] -- Up-to-date: /home/sarthak/bumperbot_ws/install/bumperbot_controller/share/bumperbot_controller/environment/ament_prefix_path.dsv
[0.833s] -- Up-to-date: /home/sarthak/bumperbot_ws/install/bumperbot_controller/share/bumperbot_controller/environment/path.sh
[0.833s] -- Up-to-date: /home/sarthak/bumperbot_ws/install/bumperbot_controller/share/bumperbot_controller/environment/path.dsv
[0.833s] -- Up-to-date: /home/sarthak/bumperbot_ws/install/bumperbot_controller/share/bumperbot_controller/local_setup.bash
[0.833s] -- Up-to-date: /home/sarthak/bumperbot_ws/install/bumperbot_controller/share/bumperbot_controller/local_setup.sh
[0.833s] -- Up-to-date: /home/sarthak/bumperbot_ws/install/bumperbot_controller/share/bumperbot_controller/local_setup.zsh
[0.833s] -- Up-to-date: /home/sarthak/bumperbot_ws/install/bumperbot_controller/share/bumperbot_controller/local_setup.dsv
[0.833s] -- Installing: /home/sarthak/bumperbot_ws/install/bumperbot_controller/share/bumperbot_controller/package.dsv
[0.834s] -- Up-to-date: /home/sarthak/bumperbot_ws/install/bumperbot_controller/share/ament_index/resource_index/packages/bumperbot_controller
[0.834s] -- Up-to-date: /home/sarthak/bumperbot_ws/install/bumperbot_controller/share/bumperbot_controller/cmake/bumperbot_controllerConfig.cmake
[0.834s] -- Up-to-date: /home/sarthak/bumperbot_ws/install/bumperbot_controller/share/bumperbot_controller/cmake/bumperbot_controllerConfig-version.cmake
[0.834s] -- Up-to-date: /home/sarthak/bumperbot_ws/install/bumperbot_controller/share/bumperbot_controller/package.xml
[0.838s] Invoked command in '/home/sarthak/bumperbot_ws/build/bumperbot_controller' returned '0': CMAKE_PREFIX_PATH=/opt/ros/humble /usr/bin/cmake --install /home/sarthak/bumperbot_ws/build/bumperbot_controller
