[1.707s] DEBUG:colcon:Command line arguments: ['/usr/bin/colcon', 'build']
[1.707s] DEBUG:colcon:Parsed command line arguments: Namespace(log_base=None, log_level=None, verb_name='build', build_base='build', install_base='install', merge_install=False, symlink_install=False, test_result_base=None, continue_on_error=False, executor='parallel', parallel_workers=12, event_handlers=None, ignore_user_meta=False, metas=['./colcon.meta'], base_paths=['.'], packages_ignore=None, packages_ignore_regex=None, paths=None, packages_up_to=None, packages_up_to_regex=None, packages_above=None, packages_above_and_dependencies=None, packages_above_depth=None, packages_select_by_dep=None, packages_skip_by_dep=None, packages_skip_up_to=None, packages_select_build_failed=False, packages_skip_build_finished=False, packages_select_test_failures=False, packages_skip_test_passed=False, packages_select=None, packages_skip=None, packages_select_regex=None, packages_skip_regex=None, packages_start=None, packages_end=None, allow_overriding=[], cmake_args=None, cmake_target=None, cmake_target_skip_unavailable=False, cmake_clean_cache=False, cmake_clean_first=False, cmake_force_configure=False, ament_cmake_args=None, catkin_cmake_args=None, catkin_skip_building_tests=False, verb_parser=<colcon_defaults.argument_parser.defaults.DefaultArgumentsDecorator object at 0x7fd408aa3550>, verb_extension=<colcon_core.verb.build.BuildVerb object at 0x7fd408aa1480>, main=<bound method BuildVerb.main of <colcon_core.verb.build.BuildVerb object at 0x7fd408aa1480>>)
[1.775s] Level 1:colcon.colcon_core.package_discovery:discover_packages(colcon_meta) check parameters
[1.775s] Level 1:colcon.colcon_core.package_discovery:discover_packages(recursive) check parameters
[1.776s] Level 1:colcon.colcon_core.package_discovery:discover_packages(ignore) check parameters
[1.776s] Level 1:colcon.colcon_core.package_discovery:discover_packages(path) check parameters
[1.776s] Level 1:colcon.colcon_core.package_discovery:discover_packages(colcon_meta) discover
[1.776s] Level 1:colcon.colcon_core.package_discovery:discover_packages(recursive) discover
[1.776s] INFO:colcon.colcon_core.package_discovery:Crawling recursively for packages in '/home/sarthak/bumperbot_ws'
[1.776s] Level 1:colcon.colcon_core.package_identification:_identify(.) by extensions ['ignore', 'ignore_ament_install']
[1.776s] Level 1:colcon.colcon_core.package_identification:_identify(.) by extension 'ignore'
[1.776s] Level 1:colcon.colcon_core.package_identification:_identify(.) by extension 'ignore_ament_install'
[1.776s] Level 1:colcon.colcon_core.package_identification:_identify(.) by extensions ['colcon_pkg']
[1.776s] Level 1:colcon.colcon_core.package_identification:_identify(.) by extension 'colcon_pkg'
[1.776s] Level 1:colcon.colcon_core.package_identification:_identify(.) by extensions ['colcon_meta']
[1.776s] Level 1:colcon.colcon_core.package_identification:_identify(.) by extension 'colcon_meta'
[1.776s] Level 1:colcon.colcon_core.package_identification:_identify(.) by extensions ['ros']
[1.777s] Level 1:colcon.colcon_core.package_identification:_identify(.) by extension 'ros'
[1.792s] Level 1:colcon.colcon_core.package_identification:_identify(.) by extensions ['cmake', 'python']
[1.792s] Level 1:colcon.colcon_core.package_identification:_identify(.) by extension 'cmake'
[1.792s] Level 1:colcon.colcon_core.package_identification:_identify(.) by extension 'python'
[1.792s] Level 1:colcon.colcon_core.package_identification:_identify(.) by extensions ['python_setup_py']
[1.792s] Level 1:colcon.colcon_core.package_identification:_identify(.) by extension 'python_setup_py'
[1.792s] Level 1:colcon.colcon_core.package_identification:_identify(build) by extensions ['ignore', 'ignore_ament_install']
[1.792s] Level 1:colcon.colcon_core.package_identification:_identify(build) by extension 'ignore'
[1.793s] Level 1:colcon.colcon_core.package_identification:_identify(build) ignored
[1.793s] Level 1:colcon.colcon_core.package_identification:_identify(install) by extensions ['ignore', 'ignore_ament_install']
[1.793s] Level 1:colcon.colcon_core.package_identification:_identify(install) by extension 'ignore'
[1.793s] Level 1:colcon.colcon_core.package_identification:_identify(install) ignored
[1.793s] Level 1:colcon.colcon_core.package_identification:_identify(log) by extensions ['ignore', 'ignore_ament_install']
[1.793s] Level 1:colcon.colcon_core.package_identification:_identify(log) by extension 'ignore'
[1.793s] Level 1:colcon.colcon_core.package_identification:_identify(log) ignored
[1.793s] Level 1:colcon.colcon_core.package_identification:_identify(src) by extensions ['ignore', 'ignore_ament_install']
[1.793s] Level 1:colcon.colcon_core.package_identification:_identify(src) by extension 'ignore'
[1.794s] Level 1:colcon.colcon_core.package_identification:_identify(src) by extension 'ignore_ament_install'
[1.794s] Level 1:colcon.colcon_core.package_identification:_identify(src) by extensions ['colcon_pkg']
[1.794s] Level 1:colcon.colcon_core.package_identification:_identify(src) by extension 'colcon_pkg'
[1.794s] Level 1:colcon.colcon_core.package_identification:_identify(src) by extensions ['colcon_meta']
[1.794s] Level 1:colcon.colcon_core.package_identification:_identify(src) by extension 'colcon_meta'
[1.794s] Level 1:colcon.colcon_core.package_identification:_identify(src) by extensions ['ros']
[1.794s] Level 1:colcon.colcon_core.package_identification:_identify(src) by extension 'ros'
[1.794s] Level 1:colcon.colcon_core.package_identification:_identify(src) by extensions ['cmake', 'python']
[1.794s] Level 1:colcon.colcon_core.package_identification:_identify(src) by extension 'cmake'
[1.794s] Level 1:colcon.colcon_core.package_identification:_identify(src) by extension 'python'
[1.794s] Level 1:colcon.colcon_core.package_identification:_identify(src) by extensions ['python_setup_py']
[1.794s] Level 1:colcon.colcon_core.package_identification:_identify(src) by extension 'python_setup_py'
[1.794s] Level 1:colcon.colcon_core.package_identification:_identify(src/bumperbot_controller) by extensions ['ignore', 'ignore_ament_install']
[1.794s] Level 1:colcon.colcon_core.package_identification:_identify(src/bumperbot_controller) by extension 'ignore'
[1.794s] Level 1:colcon.colcon_core.package_identification:_identify(src/bumperbot_controller) by extension 'ignore_ament_install'
[1.795s] Level 1:colcon.colcon_core.package_identification:_identify(src/bumperbot_controller) by extensions ['colcon_pkg']
[1.795s] Level 1:colcon.colcon_core.package_identification:_identify(src/bumperbot_controller) by extension 'colcon_pkg'
[1.795s] Level 1:colcon.colcon_core.package_identification:_identify(src/bumperbot_controller) by extensions ['colcon_meta']
[1.795s] Level 1:colcon.colcon_core.package_identification:_identify(src/bumperbot_controller) by extension 'colcon_meta'
[1.795s] Level 1:colcon.colcon_core.package_identification:_identify(src/bumperbot_controller) by extensions ['ros']
[1.795s] Level 1:colcon.colcon_core.package_identification:_identify(src/bumperbot_controller) by extension 'ros'
[1.798s] DEBUG:colcon.colcon_core.package_identification:Package 'src/bumperbot_controller' with type 'ros.ament_cmake' and name 'bumperbot_controller'
[1.798s] Level 1:colcon.colcon_core.package_identification:_identify(src/bumperbot_cpp_examples) by extensions ['ignore', 'ignore_ament_install']
[1.798s] Level 1:colcon.colcon_core.package_identification:_identify(src/bumperbot_cpp_examples) by extension 'ignore'
[1.799s] Level 1:colcon.colcon_core.package_identification:_identify(src/bumperbot_cpp_examples) by extension 'ignore_ament_install'
[1.799s] Level 1:colcon.colcon_core.package_identification:_identify(src/bumperbot_cpp_examples) by extensions ['colcon_pkg']
[1.799s] Level 1:colcon.colcon_core.package_identification:_identify(src/bumperbot_cpp_examples) by extension 'colcon_pkg'
[1.799s] Level 1:colcon.colcon_core.package_identification:_identify(src/bumperbot_cpp_examples) by extensions ['colcon_meta']
[1.799s] Level 1:colcon.colcon_core.package_identification:_identify(src/bumperbot_cpp_examples) by extension 'colcon_meta'
[1.799s] Level 1:colcon.colcon_core.package_identification:_identify(src/bumperbot_cpp_examples) by extensions ['ros']
[1.799s] Level 1:colcon.colcon_core.package_identification:_identify(src/bumperbot_cpp_examples) by extension 'ros'
[1.799s] DEBUG:colcon.colcon_core.package_identification:Package 'src/bumperbot_cpp_examples' with type 'ros.ament_cmake' and name 'bumperbot_cpp_examples'
[1.800s] Level 1:colcon.colcon_core.package_identification:_identify(src/bumperbot_description) by extensions ['ignore', 'ignore_ament_install']
[1.800s] Level 1:colcon.colcon_core.package_identification:_identify(src/bumperbot_description) by extension 'ignore'
[1.800s] Level 1:colcon.colcon_core.package_identification:_identify(src/bumperbot_description) by extension 'ignore_ament_install'
[1.800s] Level 1:colcon.colcon_core.package_identification:_identify(src/bumperbot_description) by extensions ['colcon_pkg']
[1.800s] Level 1:colcon.colcon_core.package_identification:_identify(src/bumperbot_description) by extension 'colcon_pkg'
[1.800s] Level 1:colcon.colcon_core.package_identification:_identify(src/bumperbot_description) by extensions ['colcon_meta']
[1.800s] Level 1:colcon.colcon_core.package_identification:_identify(src/bumperbot_description) by extension 'colcon_meta'
[1.800s] Level 1:colcon.colcon_core.package_identification:_identify(src/bumperbot_description) by extensions ['ros']
[1.800s] Level 1:colcon.colcon_core.package_identification:_identify(src/bumperbot_description) by extension 'ros'
[1.801s] DEBUG:colcon.colcon_core.package_identification:Package 'src/bumperbot_description' with type 'ros.ament_cmake' and name 'bumperbot_description'
[1.801s] Level 1:colcon.colcon_core.package_identification:_identify(src/bumperbot_py_examples) by extensions ['ignore', 'ignore_ament_install']
[1.801s] Level 1:colcon.colcon_core.package_identification:_identify(src/bumperbot_py_examples) by extension 'ignore'
[1.801s] Level 1:colcon.colcon_core.package_identification:_identify(src/bumperbot_py_examples) by extension 'ignore_ament_install'
[1.801s] Level 1:colcon.colcon_core.package_identification:_identify(src/bumperbot_py_examples) by extensions ['colcon_pkg']
[1.801s] Level 1:colcon.colcon_core.package_identification:_identify(src/bumperbot_py_examples) by extension 'colcon_pkg'
[1.801s] Level 1:colcon.colcon_core.package_identification:_identify(src/bumperbot_py_examples) by extensions ['colcon_meta']
[1.801s] Level 1:colcon.colcon_core.package_identification:_identify(src/bumperbot_py_examples) by extension 'colcon_meta'
[1.801s] Level 1:colcon.colcon_core.package_identification:_identify(src/bumperbot_py_examples) by extensions ['ros']
[1.801s] Level 1:colcon.colcon_core.package_identification:_identify(src/bumperbot_py_examples) by extension 'ros'
[1.802s] DEBUG:colcon.colcon_core.package_identification:Package 'src/bumperbot_py_examples' with type 'ros.ament_python' and name 'bumperbot_py_examples'
[1.802s] Level 1:colcon.colcon_core.package_discovery:discover_packages(recursive) using defaults
[1.802s] Level 1:colcon.colcon_core.package_discovery:discover_packages(ignore) discover
[1.802s] Level 1:colcon.colcon_core.package_discovery:discover_packages(ignore) using defaults
[1.802s] Level 1:colcon.colcon_core.package_discovery:discover_packages(path) discover
[1.802s] Level 1:colcon.colcon_core.package_discovery:discover_packages(path) using defaults
[2.013s] Level 1:colcon.colcon_core.package_discovery:discover_packages(prefix_path) check parameters
[2.013s] Level 1:colcon.colcon_core.package_discovery:discover_packages(prefix_path) discover
[2.061s] DEBUG:colcon.colcon_installed_package_information.package_discovery:Found 346 installed packages in /opt/ros/humble
[2.063s] Level 1:colcon.colcon_core.package_discovery:discover_packages(prefix_path) using defaults
[2.255s] Level 5:colcon.colcon_core.verb:set package 'bumperbot_controller' build argument 'cmake_args' from command line to 'None'
[2.255s] Level 5:colcon.colcon_core.verb:set package 'bumperbot_controller' build argument 'cmake_target' from command line to 'None'
[2.255s] Level 5:colcon.colcon_core.verb:set package 'bumperbot_controller' build argument 'cmake_target_skip_unavailable' from command line to 'False'
[2.255s] Level 5:colcon.colcon_core.verb:set package 'bumperbot_controller' build argument 'cmake_clean_cache' from command line to 'False'
[2.256s] Level 5:colcon.colcon_core.verb:set package 'bumperbot_controller' build argument 'cmake_clean_first' from command line to 'False'
[2.256s] Level 5:colcon.colcon_core.verb:set package 'bumperbot_controller' build argument 'cmake_force_configure' from command line to 'False'
[2.256s] Level 5:colcon.colcon_core.verb:set package 'bumperbot_controller' build argument 'ament_cmake_args' from command line to 'None'
[2.256s] Level 5:colcon.colcon_core.verb:set package 'bumperbot_controller' build argument 'catkin_cmake_args' from command line to 'None'
[2.256s] Level 5:colcon.colcon_core.verb:set package 'bumperbot_controller' build argument 'catkin_skip_building_tests' from command line to 'False'
[2.256s] DEBUG:colcon.colcon_core.verb:Building package 'bumperbot_controller' with the following arguments: {'ament_cmake_args': None, 'build_base': '/home/sarthak/bumperbot_ws/build/bumperbot_controller', 'catkin_cmake_args': None, 'catkin_skip_building_tests': False, 'cmake_args': None, 'cmake_clean_cache': False, 'cmake_clean_first': False, 'cmake_force_configure': False, 'cmake_target': None, 'cmake_target_skip_unavailable': False, 'install_base': '/home/sarthak/bumperbot_ws/install/bumperbot_controller', 'merge_install': False, 'path': '/home/sarthak/bumperbot_ws/src/bumperbot_controller', 'symlink_install': False, 'test_result_base': None}
[2.277s] Level 5:colcon.colcon_core.verb:set package 'bumperbot_cpp_examples' build argument 'cmake_args' from command line to 'None'
[2.277s] Level 5:colcon.colcon_core.verb:set package 'bumperbot_cpp_examples' build argument 'cmake_target' from command line to 'None'
[2.277s] Level 5:colcon.colcon_core.verb:set package 'bumperbot_cpp_examples' build argument 'cmake_target_skip_unavailable' from command line to 'False'
[2.277s] Level 5:colcon.colcon_core.verb:set package 'bumperbot_cpp_examples' build argument 'cmake_clean_cache' from command line to 'False'
[2.277s] Level 5:colcon.colcon_core.verb:set package 'bumperbot_cpp_examples' build argument 'cmake_clean_first' from command line to 'False'
[2.277s] Level 5:colcon.colcon_core.verb:set package 'bumperbot_cpp_examples' build argument 'cmake_force_configure' from command line to 'False'
[2.277s] Level 5:colcon.colcon_core.verb:set package 'bumperbot_cpp_examples' build argument 'ament_cmake_args' from command line to 'None'
[2.278s] Level 5:colcon.colcon_core.verb:set package 'bumperbot_cpp_examples' build argument 'catkin_cmake_args' from command line to 'None'
[2.278s] Level 5:colcon.colcon_core.verb:set package 'bumperbot_cpp_examples' build argument 'catkin_skip_building_tests' from command line to 'False'
[2.278s] DEBUG:colcon.colcon_core.verb:Building package 'bumperbot_cpp_examples' with the following arguments: {'ament_cmake_args': None, 'build_base': '/home/sarthak/bumperbot_ws/build/bumperbot_cpp_examples', 'catkin_cmake_args': None, 'catkin_skip_building_tests': False, 'cmake_args': None, 'cmake_clean_cache': False, 'cmake_clean_first': False, 'cmake_force_configure': False, 'cmake_target': None, 'cmake_target_skip_unavailable': False, 'install_base': '/home/sarthak/bumperbot_ws/install/bumperbot_cpp_examples', 'merge_install': False, 'path': '/home/sarthak/bumperbot_ws/src/bumperbot_cpp_examples', 'symlink_install': False, 'test_result_base': None}
[2.299s] Level 5:colcon.colcon_core.verb:set package 'bumperbot_description' build argument 'cmake_args' from command line to 'None'
[2.299s] Level 5:colcon.colcon_core.verb:set package 'bumperbot_description' build argument 'cmake_target' from command line to 'None'
[2.299s] Level 5:colcon.colcon_core.verb:set package 'bumperbot_description' build argument 'cmake_target_skip_unavailable' from command line to 'False'
[2.299s] Level 5:colcon.colcon_core.verb:set package 'bumperbot_description' build argument 'cmake_clean_cache' from command line to 'False'
[2.299s] Level 5:colcon.colcon_core.verb:set package 'bumperbot_description' build argument 'cmake_clean_first' from command line to 'False'
[2.299s] Level 5:colcon.colcon_core.verb:set package 'bumperbot_description' build argument 'cmake_force_configure' from command line to 'False'
[2.299s] Level 5:colcon.colcon_core.verb:set package 'bumperbot_description' build argument 'ament_cmake_args' from command line to 'None'
[2.299s] Level 5:colcon.colcon_core.verb:set package 'bumperbot_description' build argument 'catkin_cmake_args' from command line to 'None'
[2.299s] Level 5:colcon.colcon_core.verb:set package 'bumperbot_description' build argument 'catkin_skip_building_tests' from command line to 'False'
[2.299s] DEBUG:colcon.colcon_core.verb:Building package 'bumperbot_description' with the following arguments: {'ament_cmake_args': None, 'build_base': '/home/sarthak/bumperbot_ws/build/bumperbot_description', 'catkin_cmake_args': None, 'catkin_skip_building_tests': False, 'cmake_args': None, 'cmake_clean_cache': False, 'cmake_clean_first': False, 'cmake_force_configure': False, 'cmake_target': None, 'cmake_target_skip_unavailable': False, 'install_base': '/home/sarthak/bumperbot_ws/install/bumperbot_description', 'merge_install': False, 'path': '/home/sarthak/bumperbot_ws/src/bumperbot_description', 'symlink_install': False, 'test_result_base': None}
[2.320s] Level 5:colcon.colcon_core.verb:set package 'bumperbot_py_examples' build argument 'cmake_args' from command line to 'None'
[2.320s] Level 5:colcon.colcon_core.verb:set package 'bumperbot_py_examples' build argument 'cmake_target' from command line to 'None'
[2.320s] Level 5:colcon.colcon_core.verb:set package 'bumperbot_py_examples' build argument 'cmake_target_skip_unavailable' from command line to 'False'
[2.320s] Level 5:colcon.colcon_core.verb:set package 'bumperbot_py_examples' build argument 'cmake_clean_cache' from command line to 'False'
[2.320s] Level 5:colcon.colcon_core.verb:set package 'bumperbot_py_examples' build argument 'cmake_clean_first' from command line to 'False'
[2.320s] Level 5:colcon.colcon_core.verb:set package 'bumperbot_py_examples' build argument 'cmake_force_configure' from command line to 'False'
[2.320s] Level 5:colcon.colcon_core.verb:set package 'bumperbot_py_examples' build argument 'ament_cmake_args' from command line to 'None'
[2.321s] Level 5:colcon.colcon_core.verb:set package 'bumperbot_py_examples' build argument 'catkin_cmake_args' from command line to 'None'
[2.321s] Level 5:colcon.colcon_core.verb:set package 'bumperbot_py_examples' build argument 'catkin_skip_building_tests' from command line to 'False'
[2.321s] DEBUG:colcon.colcon_core.verb:Building package 'bumperbot_py_examples' with the following arguments: {'ament_cmake_args': None, 'build_base': '/home/sarthak/bumperbot_ws/build/bumperbot_py_examples', 'catkin_cmake_args': None, 'catkin_skip_building_tests': False, 'cmake_args': None, 'cmake_clean_cache': False, 'cmake_clean_first': False, 'cmake_force_configure': False, 'cmake_target': None, 'cmake_target_skip_unavailable': False, 'install_base': '/home/sarthak/bumperbot_ws/install/bumperbot_py_examples', 'merge_install': False, 'path': '/home/sarthak/bumperbot_ws/src/bumperbot_py_examples', 'symlink_install': False, 'test_result_base': None}
[2.342s] INFO:colcon.colcon_core.executor:Executing jobs using 'parallel' executor
[2.364s] DEBUG:colcon.colcon_parallel_executor.executor.parallel:run_until_complete
[2.365s] INFO:colcon.colcon_ros.task.ament_cmake.build:Building ROS package in '/home/sarthak/bumperbot_ws/src/bumperbot_controller' with build type 'ament_cmake'
[2.365s] INFO:colcon.colcon_cmake.task.cmake.build:Building CMake package in '/home/sarthak/bumperbot_ws/src/bumperbot_controller'
[2.401s] INFO:colcon.colcon_core.plugin_system:Skipping extension 'colcon_core.shell.bat': Not used on non-Windows systems
[2.402s] INFO:colcon.colcon_core.shell:Skip shell extension 'powershell' for command environment: Not usable outside of PowerShell
[2.402s] DEBUG:colcon.colcon_core.shell:Skip shell extension 'dsv' for command environment
[2.461s] INFO:colcon.colcon_ros.task.ament_cmake.build:Building ROS package in '/home/sarthak/bumperbot_ws/src/bumperbot_cpp_examples' with build type 'ament_cmake'
[2.461s] INFO:colcon.colcon_cmake.task.cmake.build:Building CMake package in '/home/sarthak/bumperbot_ws/src/bumperbot_cpp_examples'
[2.491s] INFO:colcon.colcon_core.shell:Skip shell extension 'powershell' for command environment: Not usable outside of PowerShell
[2.491s] DEBUG:colcon.colcon_core.shell:Skip shell extension 'dsv' for command environment
[2.539s] INFO:colcon.colcon_ros.task.ament_cmake.build:Building ROS package in '/home/sarthak/bumperbot_ws/src/bumperbot_description' with build type 'ament_cmake'
[2.539s] INFO:colcon.colcon_cmake.task.cmake.build:Building CMake package in '/home/sarthak/bumperbot_ws/src/bumperbot_description'
[2.562s] INFO:colcon.colcon_core.shell:Skip shell extension 'powershell' for command environment: Not usable outside of PowerShell
[2.562s] DEBUG:colcon.colcon_core.shell:Skip shell extension 'dsv' for command environment
[2.611s] INFO:colcon.colcon_ros.task.ament_python.build:Building ROS package in '/home/sarthak/bumperbot_ws/src/bumperbot_py_examples' with build type 'ament_python'
[2.611s] Level 1:colcon.colcon_core.shell:create_environment_hook('bumperbot_py_examples', 'ament_prefix_path')
[2.634s] INFO:colcon.colcon_core.shell:Creating environment hook '/home/sarthak/bumperbot_ws/install/bumperbot_py_examples/share/bumperbot_py_examples/hook/ament_prefix_path.ps1'
[2.643s] INFO:colcon.colcon_core.shell:Creating environment descriptor '/home/sarthak/bumperbot_ws/install/bumperbot_py_examples/share/bumperbot_py_examples/hook/ament_prefix_path.dsv'
[2.644s] INFO:colcon.colcon_core.shell:Creating environment hook '/home/sarthak/bumperbot_ws/install/bumperbot_py_examples/share/bumperbot_py_examples/hook/ament_prefix_path.sh'
[2.667s] INFO:colcon.colcon_core.shell:Skip shell extension 'powershell' for command environment: Not usable outside of PowerShell
[2.667s] DEBUG:colcon.colcon_core.shell:Skip shell extension 'dsv' for command environment
[2.722s] DEBUG:colcon.colcon_core.event_handler.log_command:Invoking command in '/home/sarthak/bumperbot_ws/build/bumperbot_controller': CMAKE_PREFIX_PATH=/opt/ros/humble /usr/bin/cmake /home/sarthak/bumperbot_ws/src/bumperbot_controller -DCMAKE_INSTALL_PREFIX=/home/sarthak/bumperbot_ws/install/bumperbot_controller
[2.731s] DEBUG:colcon.colcon_core.event_handler.log_command:Invoking command in '/home/sarthak/bumperbot_ws/build/bumperbot_cpp_examples': CMAKE_PREFIX_PATH=/opt/ros/humble /usr/bin/cmake --build /home/sarthak/bumperbot_ws/build/bumperbot_cpp_examples -- -j12 -l12
[2.736s] DEBUG:colcon.colcon_core.event_handler.log_command:Invoking command in '/home/sarthak/bumperbot_ws/build/bumperbot_description': CMAKE_PREFIX_PATH=/opt/ros/humble /usr/bin/cmake --build /home/sarthak/bumperbot_ws/build/bumperbot_description -- -j12 -l12
[3.175s] INFO:colcon.colcon_core.task.python.build:Building Python package in '/home/sarthak/bumperbot_ws/src/bumperbot_py_examples'
[3.198s] INFO:colcon.colcon_core.shell:Skip shell extension 'powershell' for command environment: Not usable outside of PowerShell
[3.198s] DEBUG:colcon.colcon_core.shell:Skip shell extension 'dsv' for command environment
[3.247s] DEBUG:colcon.colcon_core.event_handler.log_command:Invoked command in '/home/sarthak/bumperbot_ws/build/bumperbot_description' returned '0': CMAKE_PREFIX_PATH=/opt/ros/humble /usr/bin/cmake --build /home/sarthak/bumperbot_ws/build/bumperbot_description -- -j12 -l12
[3.249s] DEBUG:colcon.colcon_core.event_handler.log_command:Invoked command in '/home/sarthak/bumperbot_ws/build/bumperbot_cpp_examples' returned '0': CMAKE_PREFIX_PATH=/opt/ros/humble /usr/bin/cmake --build /home/sarthak/bumperbot_ws/build/bumperbot_cpp_examples -- -j12 -l12
[3.314s] DEBUG:colcon.colcon_core.event_handler.log_command:Invoking command in '/home/sarthak/bumperbot_ws/build/bumperbot_description': CMAKE_PREFIX_PATH=/opt/ros/humble /usr/bin/cmake --install /home/sarthak/bumperbot_ws/build/bumperbot_description
[3.319s] DEBUG:colcon.colcon_core.event_handler.log_command:Invoking command in '/home/sarthak/bumperbot_ws/build/bumperbot_cpp_examples': CMAKE_PREFIX_PATH=/opt/ros/humble /usr/bin/cmake --install /home/sarthak/bumperbot_ws/build/bumperbot_cpp_examples
[3.337s] Level 1:colcon.colcon_core.environment:create_environment_scripts_only(bumperbot_description)
[3.339s] DEBUG:colcon.colcon_core.event_handler.log_command:Invoked command in '/home/sarthak/bumperbot_ws/build/bumperbot_description' returned '0': CMAKE_PREFIX_PATH=/opt/ros/humble /usr/bin/cmake --install /home/sarthak/bumperbot_ws/build/bumperbot_description
[3.452s] Level 1:colcon.colcon_core.environment:checking '/home/sarthak/bumperbot_ws/install/bumperbot_description' for CMake module files
[3.453s] Level 1:colcon.colcon_core.environment:checking '/home/sarthak/bumperbot_ws/install/bumperbot_description' for CMake config files
[3.455s] Level 1:colcon.colcon_core.shell:create_environment_hook('bumperbot_description', 'cmake_prefix_path')
[3.494s] INFO:colcon.colcon_core.shell:Creating environment hook '/home/sarthak/bumperbot_ws/install/bumperbot_description/share/bumperbot_description/hook/cmake_prefix_path.ps1'
[3.495s] INFO:colcon.colcon_core.shell:Creating environment descriptor '/home/sarthak/bumperbot_ws/install/bumperbot_description/share/bumperbot_description/hook/cmake_prefix_path.dsv'
[3.495s] INFO:colcon.colcon_core.shell:Creating environment hook '/home/sarthak/bumperbot_ws/install/bumperbot_description/share/bumperbot_description/hook/cmake_prefix_path.sh'
[3.497s] Level 1:colcon.colcon_core.environment:checking '/home/sarthak/bumperbot_ws/install/bumperbot_description/bin'
[3.497s] Level 1:colcon.colcon_core.environment:checking '/home/sarthak/bumperbot_ws/install/bumperbot_description/lib/pkgconfig/bumperbot_description.pc'
[3.498s] Level 1:colcon.colcon_core.environment:checking '/home/sarthak/bumperbot_ws/install/bumperbot_description/lib/python3.10/site-packages'
[3.498s] Level 1:colcon.colcon_core.environment:checking '/home/sarthak/bumperbot_ws/install/bumperbot_description/bin'
[3.531s] INFO:colcon.colcon_core.shell:Creating package script '/home/sarthak/bumperbot_ws/install/bumperbot_description/share/bumperbot_description/package.ps1'
[3.544s] INFO:colcon.colcon_core.shell:Creating package descriptor '/home/sarthak/bumperbot_ws/install/bumperbot_description/share/bumperbot_description/package.dsv'
[3.568s] INFO:colcon.colcon_core.shell:Creating package script '/home/sarthak/bumperbot_ws/install/bumperbot_description/share/bumperbot_description/package.sh'
[3.583s] INFO:colcon.colcon_core.shell:Creating package script '/home/sarthak/bumperbot_ws/install/bumperbot_description/share/bumperbot_description/package.bash'
[3.585s] INFO:colcon.colcon_core.shell:Creating package script '/home/sarthak/bumperbot_ws/install/bumperbot_description/share/bumperbot_description/package.zsh'
[3.608s] Level 1:colcon.colcon_core.environment:create_file_with_runtime_dependencies(/home/sarthak/bumperbot_ws/install/bumperbot_description/share/colcon-core/packages/bumperbot_description)
[3.611s] Level 1:colcon.colcon_core.environment:create_environment_scripts_only(bumperbot_cpp_examples)
[3.613s] DEBUG:colcon.colcon_core.event_handler.log_command:Invoked command in '/home/sarthak/bumperbot_ws/build/bumperbot_cpp_examples' returned '0': CMAKE_PREFIX_PATH=/opt/ros/humble /usr/bin/cmake --install /home/sarthak/bumperbot_ws/build/bumperbot_cpp_examples
[3.650s] Level 1:colcon.colcon_core.environment:checking '/home/sarthak/bumperbot_ws/install/bumperbot_cpp_examples' for CMake module files
[3.651s] Level 1:colcon.colcon_core.environment:checking '/home/sarthak/bumperbot_ws/install/bumperbot_cpp_examples' for CMake config files
[3.651s] Level 1:colcon.colcon_core.shell:create_environment_hook('bumperbot_cpp_examples', 'cmake_prefix_path')
[3.684s] INFO:colcon.colcon_core.shell:Creating environment hook '/home/sarthak/bumperbot_ws/install/bumperbot_cpp_examples/share/bumperbot_cpp_examples/hook/cmake_prefix_path.ps1'
[3.685s] INFO:colcon.colcon_core.shell:Creating environment descriptor '/home/sarthak/bumperbot_ws/install/bumperbot_cpp_examples/share/bumperbot_cpp_examples/hook/cmake_prefix_path.dsv'
[3.686s] INFO:colcon.colcon_core.shell:Creating environment hook '/home/sarthak/bumperbot_ws/install/bumperbot_cpp_examples/share/bumperbot_cpp_examples/hook/cmake_prefix_path.sh'
[3.686s] Level 1:colcon.colcon_core.environment:checking '/home/sarthak/bumperbot_ws/install/bumperbot_cpp_examples/bin'
[3.686s] Level 1:colcon.colcon_core.environment:checking '/home/sarthak/bumperbot_ws/install/bumperbot_cpp_examples/lib/pkgconfig/bumperbot_cpp_examples.pc'
[3.687s] Level 1:colcon.colcon_core.environment:checking '/home/sarthak/bumperbot_ws/install/bumperbot_cpp_examples/lib/python3.10/site-packages'
[3.687s] Level 1:colcon.colcon_core.environment:checking '/home/sarthak/bumperbot_ws/install/bumperbot_cpp_examples/bin'
[3.709s] INFO:colcon.colcon_core.shell:Creating package script '/home/sarthak/bumperbot_ws/install/bumperbot_cpp_examples/share/bumperbot_cpp_examples/package.ps1'
[3.709s] INFO:colcon.colcon_core.shell:Creating package descriptor '/home/sarthak/bumperbot_ws/install/bumperbot_cpp_examples/share/bumperbot_cpp_examples/package.dsv'
[3.710s] INFO:colcon.colcon_core.shell:Creating package script '/home/sarthak/bumperbot_ws/install/bumperbot_cpp_examples/share/bumperbot_cpp_examples/package.sh'
[3.710s] INFO:colcon.colcon_core.shell:Creating package script '/home/sarthak/bumperbot_ws/install/bumperbot_cpp_examples/share/bumperbot_cpp_examples/package.bash'
[3.711s] INFO:colcon.colcon_core.shell:Creating package script '/home/sarthak/bumperbot_ws/install/bumperbot_cpp_examples/share/bumperbot_cpp_examples/package.zsh'
[3.711s] Level 1:colcon.colcon_core.environment:create_file_with_runtime_dependencies(/home/sarthak/bumperbot_ws/install/bumperbot_cpp_examples/share/colcon-core/packages/bumperbot_cpp_examples)
[3.734s] Level 1:colcon.colcon_core.environment:create_environment_scripts_only(bumperbot_description)
[3.755s] Level 1:colcon.colcon_core.environment:checking '/home/sarthak/bumperbot_ws/install/bumperbot_description' for CMake module files
[3.756s] Level 1:colcon.colcon_core.environment:checking '/home/sarthak/bumperbot_ws/install/bumperbot_description' for CMake config files
[3.756s] Level 1:colcon.colcon_core.shell:create_environment_hook('bumperbot_description', 'cmake_prefix_path')
[3.779s] INFO:colcon.colcon_core.shell:Creating environment hook '/home/sarthak/bumperbot_ws/install/bumperbot_description/share/bumperbot_description/hook/cmake_prefix_path.ps1'
[3.780s] INFO:colcon.colcon_core.shell:Creating environment descriptor '/home/sarthak/bumperbot_ws/install/bumperbot_description/share/bumperbot_description/hook/cmake_prefix_path.dsv'
[3.780s] INFO:colcon.colcon_core.shell:Creating environment hook '/home/sarthak/bumperbot_ws/install/bumperbot_description/share/bumperbot_description/hook/cmake_prefix_path.sh'
[3.781s] Level 1:colcon.colcon_core.environment:checking '/home/sarthak/bumperbot_ws/install/bumperbot_description/bin'
[3.781s] Level 1:colcon.colcon_core.environment:checking '/home/sarthak/bumperbot_ws/install/bumperbot_description/lib/pkgconfig/bumperbot_description.pc'
[3.781s] Level 1:colcon.colcon_core.environment:checking '/home/sarthak/bumperbot_ws/install/bumperbot_description/lib/python3.10/site-packages'
[3.782s] Level 1:colcon.colcon_core.environment:checking '/home/sarthak/bumperbot_ws/install/bumperbot_description/bin'
[3.805s] INFO:colcon.colcon_core.shell:Creating package script '/home/sarthak/bumperbot_ws/install/bumperbot_description/share/bumperbot_description/package.ps1'
[3.806s] INFO:colcon.colcon_core.shell:Creating package descriptor '/home/sarthak/bumperbot_ws/install/bumperbot_description/share/bumperbot_description/package.dsv'
[3.807s] INFO:colcon.colcon_core.shell:Creating package script '/home/sarthak/bumperbot_ws/install/bumperbot_description/share/bumperbot_description/package.sh'
[3.807s] INFO:colcon.colcon_core.shell:Creating package script '/home/sarthak/bumperbot_ws/install/bumperbot_description/share/bumperbot_description/package.bash'
[3.808s] INFO:colcon.colcon_core.shell:Creating package script '/home/sarthak/bumperbot_ws/install/bumperbot_description/share/bumperbot_description/package.zsh'
[3.809s] Level 1:colcon.colcon_core.environment:create_file_with_runtime_dependencies(/home/sarthak/bumperbot_ws/install/bumperbot_description/share/colcon-core/packages/bumperbot_description)
[3.834s] Level 1:colcon.colcon_core.environment:create_environment_scripts_only(bumperbot_cpp_examples)
[3.860s] Level 1:colcon.colcon_core.environment:checking '/home/sarthak/bumperbot_ws/install/bumperbot_cpp_examples' for CMake module files
[3.860s] Level 1:colcon.colcon_core.environment:checking '/home/sarthak/bumperbot_ws/install/bumperbot_cpp_examples' for CMake config files
[3.861s] Level 1:colcon.colcon_core.shell:create_environment_hook('bumperbot_cpp_examples', 'cmake_prefix_path')
[3.885s] INFO:colcon.colcon_core.shell:Creating environment hook '/home/sarthak/bumperbot_ws/install/bumperbot_cpp_examples/share/bumperbot_cpp_examples/hook/cmake_prefix_path.ps1'
[3.886s] INFO:colcon.colcon_core.shell:Creating environment descriptor '/home/sarthak/bumperbot_ws/install/bumperbot_cpp_examples/share/bumperbot_cpp_examples/hook/cmake_prefix_path.dsv'
[3.886s] INFO:colcon.colcon_core.shell:Creating environment hook '/home/sarthak/bumperbot_ws/install/bumperbot_cpp_examples/share/bumperbot_cpp_examples/hook/cmake_prefix_path.sh'
[3.887s] Level 1:colcon.colcon_core.environment:checking '/home/sarthak/bumperbot_ws/install/bumperbot_cpp_examples/bin'
[3.887s] Level 1:colcon.colcon_core.environment:checking '/home/sarthak/bumperbot_ws/install/bumperbot_cpp_examples/lib/pkgconfig/bumperbot_cpp_examples.pc'
[3.887s] Level 1:colcon.colcon_core.environment:checking '/home/sarthak/bumperbot_ws/install/bumperbot_cpp_examples/lib/python3.10/site-packages'
[3.888s] Level 1:colcon.colcon_core.environment:checking '/home/sarthak/bumperbot_ws/install/bumperbot_cpp_examples/bin'
[3.911s] INFO:colcon.colcon_core.shell:Creating package script '/home/sarthak/bumperbot_ws/install/bumperbot_cpp_examples/share/bumperbot_cpp_examples/package.ps1'
[3.912s] INFO:colcon.colcon_core.shell:Creating package descriptor '/home/sarthak/bumperbot_ws/install/bumperbot_cpp_examples/share/bumperbot_cpp_examples/package.dsv'
[3.913s] INFO:colcon.colcon_core.shell:Creating package script '/home/sarthak/bumperbot_ws/install/bumperbot_cpp_examples/share/bumperbot_cpp_examples/package.sh'
[3.914s] INFO:colcon.colcon_core.shell:Creating package script '/home/sarthak/bumperbot_ws/install/bumperbot_cpp_examples/share/bumperbot_cpp_examples/package.bash'
[3.914s] INFO:colcon.colcon_core.shell:Creating package script '/home/sarthak/bumperbot_ws/install/bumperbot_cpp_examples/share/bumperbot_cpp_examples/package.zsh'
[3.915s] Level 1:colcon.colcon_core.environment:create_file_with_runtime_dependencies(/home/sarthak/bumperbot_ws/install/bumperbot_cpp_examples/share/colcon-core/packages/bumperbot_cpp_examples)
[4.823s] DEBUG:colcon.colcon_core.event_handler.log_command:Invoking command in '/home/sarthak/bumperbot_ws/src/bumperbot_py_examples': PYTHONPATH=/home/sarthak/bumperbot_ws/build/bumperbot_py_examples/prefix_override:/home/sarthak/bumperbot_ws/install/bumperbot_py_examples/lib/python3.10/site-packages:${PYTHONPATH} /usr/bin/python3 setup.py egg_info --egg-base ../../build/bumperbot_py_examples build --build-base /home/sarthak/bumperbot_ws/build/bumperbot_py_examples/build install --record /home/sarthak/bumperbot_ws/build/bumperbot_py_examples/install.log --single-version-externally-managed
[5.236s] DEBUG:colcon.colcon_core.event_handler.log_command:Invoked command in '/home/sarthak/bumperbot_ws/src/bumperbot_py_examples' returned '0': PYTHONPATH=/home/sarthak/bumperbot_ws/build/bumperbot_py_examples/prefix_override:/home/sarthak/bumperbot_ws/install/bumperbot_py_examples/lib/python3.10/site-packages:${PYTHONPATH} /usr/bin/python3 setup.py egg_info --egg-base ../../build/bumperbot_py_examples build --build-base /home/sarthak/bumperbot_ws/build/bumperbot_py_examples/build install --record /home/sarthak/bumperbot_ws/build/bumperbot_py_examples/install.log --single-version-externally-managed
[5.273s] Level 1:colcon.colcon_core.environment:checking '/home/sarthak/bumperbot_ws/install/bumperbot_py_examples' for CMake module files
[5.274s] Level 1:colcon.colcon_core.environment:checking '/home/sarthak/bumperbot_ws/install/bumperbot_py_examples' for CMake config files
[5.278s] Level 1:colcon.colcon_core.environment:checking '/home/sarthak/bumperbot_ws/install/bumperbot_py_examples/lib'
[5.278s] Level 1:colcon.colcon_core.environment:checking '/home/sarthak/bumperbot_ws/install/bumperbot_py_examples/bin'
[5.278s] Level 1:colcon.colcon_core.environment:checking '/home/sarthak/bumperbot_ws/install/bumperbot_py_examples/lib/pkgconfig/bumperbot_py_examples.pc'
[5.279s] Level 1:colcon.colcon_core.environment:checking '/home/sarthak/bumperbot_ws/install/bumperbot_py_examples/lib/python3.10/site-packages'
[5.279s] Level 1:colcon.colcon_core.shell:create_environment_hook('bumperbot_py_examples', 'pythonpath')
[5.315s] INFO:colcon.colcon_core.shell:Creating environment hook '/home/sarthak/bumperbot_ws/install/bumperbot_py_examples/share/bumperbot_py_examples/hook/pythonpath.ps1'
[5.316s] INFO:colcon.colcon_core.shell:Creating environment descriptor '/home/sarthak/bumperbot_ws/install/bumperbot_py_examples/share/bumperbot_py_examples/hook/pythonpath.dsv'
[5.316s] INFO:colcon.colcon_core.shell:Creating environment hook '/home/sarthak/bumperbot_ws/install/bumperbot_py_examples/share/bumperbot_py_examples/hook/pythonpath.sh'
[5.317s] Level 1:colcon.colcon_core.environment:checking '/home/sarthak/bumperbot_ws/install/bumperbot_py_examples/bin'
[5.318s] Level 1:colcon.colcon_core.environment:create_environment_scripts_only(bumperbot_py_examples)
[5.342s] INFO:colcon.colcon_core.shell:Creating package script '/home/sarthak/bumperbot_ws/install/bumperbot_py_examples/share/bumperbot_py_examples/package.ps1'
[5.343s] INFO:colcon.colcon_core.shell:Creating package descriptor '/home/sarthak/bumperbot_ws/install/bumperbot_py_examples/share/bumperbot_py_examples/package.dsv'
[5.344s] INFO:colcon.colcon_core.shell:Creating package script '/home/sarthak/bumperbot_ws/install/bumperbot_py_examples/share/bumperbot_py_examples/package.sh'
[5.344s] INFO:colcon.colcon_core.shell:Creating package script '/home/sarthak/bumperbot_ws/install/bumperbot_py_examples/share/bumperbot_py_examples/package.bash'
[5.344s] INFO:colcon.colcon_core.shell:Creating package script '/home/sarthak/bumperbot_ws/install/bumperbot_py_examples/share/bumperbot_py_examples/package.zsh'
[5.345s] Level 1:colcon.colcon_core.environment:create_file_with_runtime_dependencies(/home/sarthak/bumperbot_ws/install/bumperbot_py_examples/share/colcon-core/packages/bumperbot_py_examples)
[5.917s] DEBUG:colcon.colcon_core.event_handler.log_command:Invoked command in '/home/sarthak/bumperbot_ws/build/bumperbot_controller' returned '0': CMAKE_PREFIX_PATH=/opt/ros/humble /usr/bin/cmake /home/sarthak/bumperbot_ws/src/bumperbot_controller -DCMAKE_INSTALL_PREFIX=/home/sarthak/bumperbot_ws/install/bumperbot_controller
[5.919s] DEBUG:colcon.colcon_core.event_handler.log_command:Invoking command in '/home/sarthak/bumperbot_ws/build/bumperbot_controller': CMAKE_PREFIX_PATH=/opt/ros/humble /usr/bin/cmake --build /home/sarthak/bumperbot_ws/build/bumperbot_controller -- -j12 -l12
[5.982s] DEBUG:colcon.colcon_core.event_handler.log_command:Invoked command in '/home/sarthak/bumperbot_ws/build/bumperbot_controller' returned '0': CMAKE_PREFIX_PATH=/opt/ros/humble /usr/bin/cmake --build /home/sarthak/bumperbot_ws/build/bumperbot_controller -- -j12 -l12
[6.042s] DEBUG:colcon.colcon_core.event_handler.log_command:Invoking command in '/home/sarthak/bumperbot_ws/build/bumperbot_controller': CMAKE_PREFIX_PATH=/opt/ros/humble /usr/bin/cmake --install /home/sarthak/bumperbot_ws/build/bumperbot_controller
[6.070s] Level 1:colcon.colcon_core.environment:create_environment_scripts_only(bumperbot_controller)
[6.072s] DEBUG:colcon.colcon_core.event_handler.log_command:Invoked command in '/home/sarthak/bumperbot_ws/build/bumperbot_controller' returned '0': CMAKE_PREFIX_PATH=/opt/ros/humble /usr/bin/cmake --install /home/sarthak/bumperbot_ws/build/bumperbot_controller
[6.110s] Level 1:colcon.colcon_core.environment:checking '/home/sarthak/bumperbot_ws/install/bumperbot_controller' for CMake module files
[6.111s] Level 1:colcon.colcon_core.environment:checking '/home/sarthak/bumperbot_ws/install/bumperbot_controller' for CMake config files
[6.112s] Level 1:colcon.colcon_core.shell:create_environment_hook('bumperbot_controller', 'cmake_prefix_path')
[6.148s] INFO:colcon.colcon_core.shell:Creating environment hook '/home/sarthak/bumperbot_ws/install/bumperbot_controller/share/bumperbot_controller/hook/cmake_prefix_path.ps1'
[6.149s] INFO:colcon.colcon_core.shell:Creating environment descriptor '/home/sarthak/bumperbot_ws/install/bumperbot_controller/share/bumperbot_controller/hook/cmake_prefix_path.dsv'
[6.150s] INFO:colcon.colcon_core.shell:Creating environment hook '/home/sarthak/bumperbot_ws/install/bumperbot_controller/share/bumperbot_controller/hook/cmake_prefix_path.sh'
[6.150s] Level 1:colcon.colcon_core.environment:checking '/home/sarthak/bumperbot_ws/install/bumperbot_controller/bin'
[6.151s] Level 1:colcon.colcon_core.environment:checking '/home/sarthak/bumperbot_ws/install/bumperbot_controller/lib/pkgconfig/bumperbot_controller.pc'
[6.151s] Level 1:colcon.colcon_core.environment:checking '/home/sarthak/bumperbot_ws/install/bumperbot_controller/lib/python3.10/site-packages'
[6.151s] Level 1:colcon.colcon_core.environment:checking '/home/sarthak/bumperbot_ws/install/bumperbot_controller/bin'
[6.174s] INFO:colcon.colcon_core.shell:Creating package script '/home/sarthak/bumperbot_ws/install/bumperbot_controller/share/bumperbot_controller/package.ps1'
[6.174s] INFO:colcon.colcon_core.shell:Creating package descriptor '/home/sarthak/bumperbot_ws/install/bumperbot_controller/share/bumperbot_controller/package.dsv'
[6.175s] INFO:colcon.colcon_core.shell:Creating package script '/home/sarthak/bumperbot_ws/install/bumperbot_controller/share/bumperbot_controller/package.sh'
[6.175s] INFO:colcon.colcon_core.shell:Creating package script '/home/sarthak/bumperbot_ws/install/bumperbot_controller/share/bumperbot_controller/package.bash'
[6.176s] INFO:colcon.colcon_core.shell:Creating package script '/home/sarthak/bumperbot_ws/install/bumperbot_controller/share/bumperbot_controller/package.zsh'
[6.176s] Level 1:colcon.colcon_core.environment:create_file_with_runtime_dependencies(/home/sarthak/bumperbot_ws/install/bumperbot_controller/share/colcon-core/packages/bumperbot_controller)
[6.251s] Level 1:colcon.colcon_core.environment:create_environment_scripts_only(bumperbot_controller)
[6.273s] Level 1:colcon.colcon_core.environment:checking '/home/sarthak/bumperbot_ws/install/bumperbot_controller' for CMake module files
[6.274s] Level 1:colcon.colcon_core.environment:checking '/home/sarthak/bumperbot_ws/install/bumperbot_controller' for CMake config files
[6.274s] Level 1:colcon.colcon_core.shell:create_environment_hook('bumperbot_controller', 'cmake_prefix_path')
[6.302s] INFO:colcon.colcon_core.shell:Creating environment hook '/home/sarthak/bumperbot_ws/install/bumperbot_controller/share/bumperbot_controller/hook/cmake_prefix_path.ps1'
[6.303s] INFO:colcon.colcon_core.shell:Creating environment descriptor '/home/sarthak/bumperbot_ws/install/bumperbot_controller/share/bumperbot_controller/hook/cmake_prefix_path.dsv'
[6.303s] INFO:colcon.colcon_core.shell:Creating environment hook '/home/sarthak/bumperbot_ws/install/bumperbot_controller/share/bumperbot_controller/hook/cmake_prefix_path.sh'
[6.304s] Level 1:colcon.colcon_core.environment:checking '/home/sarthak/bumperbot_ws/install/bumperbot_controller/bin'
[6.304s] Level 1:colcon.colcon_core.environment:checking '/home/sarthak/bumperbot_ws/install/bumperbot_controller/lib/pkgconfig/bumperbot_controller.pc'
[6.304s] Level 1:colcon.colcon_core.environment:checking '/home/sarthak/bumperbot_ws/install/bumperbot_controller/lib/python3.10/site-packages'
[6.304s] Level 1:colcon.colcon_core.environment:checking '/home/sarthak/bumperbot_ws/install/bumperbot_controller/bin'
[6.327s] INFO:colcon.colcon_core.shell:Creating package script '/home/sarthak/bumperbot_ws/install/bumperbot_controller/share/bumperbot_controller/package.ps1'
[6.328s] INFO:colcon.colcon_core.shell:Creating package descriptor '/home/sarthak/bumperbot_ws/install/bumperbot_controller/share/bumperbot_controller/package.dsv'
[6.328s] INFO:colcon.colcon_core.shell:Creating package script '/home/sarthak/bumperbot_ws/install/bumperbot_controller/share/bumperbot_controller/package.sh'
[6.329s] INFO:colcon.colcon_core.shell:Creating package script '/home/sarthak/bumperbot_ws/install/bumperbot_controller/share/bumperbot_controller/package.bash'
[6.329s] INFO:colcon.colcon_core.shell:Creating package script '/home/sarthak/bumperbot_ws/install/bumperbot_controller/share/bumperbot_controller/package.zsh'
[6.330s] Level 1:colcon.colcon_core.environment:create_file_with_runtime_dependencies(/home/sarthak/bumperbot_ws/install/bumperbot_controller/share/colcon-core/packages/bumperbot_controller)
[6.330s] DEBUG:colcon.colcon_parallel_executor.executor.parallel:closing loop
[6.331s] DEBUG:colcon.colcon_parallel_executor.executor.parallel:loop closed
[6.331s] DEBUG:colcon.colcon_parallel_executor.executor.parallel:run_until_complete finished with '0'
[6.331s] DEBUG:colcon.colcon_core.event_reactor:joining thread
[6.393s] INFO:colcon.colcon_core.plugin_system:Skipping extension 'colcon_notification.desktop_notification.terminal_notifier': Not used on non-Darwin systems
[6.393s] INFO:colcon.colcon_core.plugin_system:Skipping extension 'colcon_notification.desktop_notification.win32': Not used on non-Windows systems
[6.393s] INFO:colcon.colcon_notification.desktop_notification:Sending desktop notification using 'notify2'
[6.409s] DEBUG:colcon.colcon_core.event_reactor:joined thread
[6.430s] INFO:colcon.colcon_core.shell:Creating prefix script '/home/sarthak/bumperbot_ws/install/local_setup.ps1'
[6.453s] INFO:colcon.colcon_core.shell:Creating prefix util module '/home/sarthak/bumperbot_ws/install/_local_setup_util_ps1.py'
[6.462s] INFO:colcon.colcon_core.shell:Creating prefix chain script '/home/sarthak/bumperbot_ws/install/setup.ps1'
[6.484s] INFO:colcon.colcon_core.shell:Creating prefix script '/home/sarthak/bumperbot_ws/install/local_setup.sh'
[6.495s] INFO:colcon.colcon_core.shell:Creating prefix util module '/home/sarthak/bumperbot_ws/install/_local_setup_util_sh.py'
[6.496s] INFO:colcon.colcon_core.shell:Creating prefix chain script '/home/sarthak/bumperbot_ws/install/setup.sh'
[6.554s] INFO:colcon.colcon_core.shell:Creating prefix script '/home/sarthak/bumperbot_ws/install/local_setup.bash'
[6.571s] INFO:colcon.colcon_core.shell:Creating prefix chain script '/home/sarthak/bumperbot_ws/install/setup.bash'
[6.636s] INFO:colcon.colcon_core.shell:Creating prefix script '/home/sarthak/bumperbot_ws/install/local_setup.zsh'
[6.650s] INFO:colcon.colcon_core.shell:Creating prefix chain script '/home/sarthak/bumperbot_ws/install/setup.zsh'
