[0.150s] Invoking command in '/home/sarthak/bumperbot_ws/build/bumperbot_description': CMAKE_PREFIX_PATH=/opt/ros/humble /usr/bin/cmake --build /home/sarthak/bumperbot_ws/build/bumperbot_description -- -j12 -l12
[0.499s] -- Found ament_cmake: 1.3.5 (/opt/ros/humble/share/ament_cmake/cmake)
[1.163s] -- Found ament_lint_auto: 0.12.8 (/opt/ros/humble/share/ament_lint_auto/cmake)
[1.336s] -- Added test 'flake8' to check Python code syntax and style conventions
[1.336s] -- Added test 'lint_cmake' to check CMake code style
[1.337s] -- Added test 'pep257' to check Python code against some of the docstring style conventions in PEP 257
[1.341s] -- Added test 'xmllint' to check XML markup files
[1.343s] -- Configuring done
[1.365s] -- Generating done
[1.366s] -- Build files have been written to: /home/sarthak/bumperbot_ws/build/bumperbot_description
[1.413s] Invoked command in '/home/sarthak/bumperbot_ws/build/bumperbot_description' returned '0': CMAKE_PREFIX_PATH=/opt/ros/humble /usr/bin/cmake --build /home/sarthak/bumperbot_ws/build/bumperbot_description -- -j12 -l12
[1.446s] Invoking command in '/home/sarthak/bumperbot_ws/build/bumperbot_description': CMAKE_PREFIX_PATH=/opt/ros/humble /usr/bin/cmake --install /home/sarthak/bumperbot_ws/build/bumperbot_description
[1.455s] -- Install configuration: ""
[1.455s] -- Up-to-date: /home/sarthak/bumperbot_ws/install/bumperbot_description/share/bumperbot_description/meshes
[1.456s] -- Up-to-date: /home/sarthak/bumperbot_ws/install/bumperbot_description/share/bumperbot_description/meshes/wheel_left_link.STL
[1.456s] -- Up-to-date: /home/sarthak/bumperbot_ws/install/bumperbot_description/share/bumperbot_description/meshes/caster_front_link.STL
[1.456s] -- Up-to-date: /home/sarthak/bumperbot_ws/install/bumperbot_description/share/bumperbot_description/meshes/imu_link.STL
[1.456s] -- Up-to-date: /home/sarthak/bumperbot_ws/install/bumperbot_description/share/bumperbot_description/meshes/wheel_right_link.STL
[1.456s] -- Up-to-date: /home/sarthak/bumperbot_ws/install/bumperbot_description/share/bumperbot_description/meshes/caster_rear_link.STL
[1.456s] -- Up-to-date: /home/sarthak/bumperbot_ws/install/bumperbot_description/share/bumperbot_description/meshes/base_link.STL
[1.457s] -- Up-to-date: /home/sarthak/bumperbot_ws/install/bumperbot_description/share/bumperbot_description/urdf
[1.457s] -- Installing: /home/sarthak/bumperbot_ws/install/bumperbot_description/share/bumperbot_description/urdf/bumperbot_gazebo.xacro
[1.457s] -- Installing: /home/sarthak/bumperbot_ws/install/bumperbot_description/share/bumperbot_description/urdf/bumperbot.urdf.xacro
[1.457s] -- Up-to-date: /home/sarthak/bumperbot_ws/install/bumperbot_description/share/bumperbot_description/launch
[1.457s] -- Installing: /home/sarthak/bumperbot_ws/install/bumperbot_description/share/bumperbot_description/launch/gazebo.launch.py
[1.457s] -- Up-to-date: /home/sarthak/bumperbot_ws/install/bumperbot_description/share/bumperbot_description/launch/display.launch.py
[1.457s] -- Up-to-date: /home/sarthak/bumperbot_ws/install/bumperbot_description/share/bumperbot_description/rviz
[1.457s] -- Up-to-date: /home/sarthak/bumperbot_ws/install/bumperbot_description/share/bumperbot_description/rviz/display.rviz
[1.458s] -- Installing: /home/sarthak/bumperbot_ws/install/bumperbot_description/share/ament_index/resource_index/package_run_dependencies/bumperbot_description
[1.458s] -- Installing: /home/sarthak/bumperbot_ws/install/bumperbot_description/share/ament_index/resource_index/parent_prefix_path/bumperbot_description
[1.458s] -- Up-to-date: /home/sarthak/bumperbot_ws/install/bumperbot_description/share/bumperbot_description/environment/ament_prefix_path.sh
[1.458s] -- Installing: /home/sarthak/bumperbot_ws/install/bumperbot_description/share/bumperbot_description/environment/ament_prefix_path.dsv
[1.458s] -- Up-to-date: /home/sarthak/bumperbot_ws/install/bumperbot_description/share/bumperbot_description/environment/path.sh
[1.458s] -- Installing: /home/sarthak/bumperbot_ws/install/bumperbot_description/share/bumperbot_description/environment/path.dsv
[1.459s] -- Up-to-date: /home/sarthak/bumperbot_ws/install/bumperbot_description/share/bumperbot_description/local_setup.bash
[1.459s] -- Up-to-date: /home/sarthak/bumperbot_ws/install/bumperbot_description/share/bumperbot_description/local_setup.sh
[1.460s] -- Up-to-date: /home/sarthak/bumperbot_ws/install/bumperbot_description/share/bumperbot_description/local_setup.zsh
[1.460s] -- Installing: /home/sarthak/bumperbot_ws/install/bumperbot_description/share/bumperbot_description/local_setup.dsv
[1.460s] -- Installing: /home/sarthak/bumperbot_ws/install/bumperbot_description/share/bumperbot_description/package.dsv
[1.460s] -- Up-to-date: /home/sarthak/bumperbot_ws/install/bumperbot_description/share/ament_index/resource_index/packages/bumperbot_description
[1.460s] -- Up-to-date: /home/sarthak/bumperbot_ws/install/bumperbot_description/share/bumperbot_description/cmake/bumperbot_descriptionConfig.cmake
[1.461s] -- Up-to-date: /home/sarthak/bumperbot_ws/install/bumperbot_description/share/bumperbot_description/cmake/bumperbot_descriptionConfig-version.cmake
[1.461s] -- Installing: /home/sarthak/bumperbot_ws/install/bumperbot_description/share/bumperbot_description/package.xml
[1.461s] Invoked command in '/home/sarthak/bumperbot_ws/build/bumperbot_description' returned '0': CMAKE_PREFIX_PATH=/opt/ros/humble /usr/bin/cmake --install /home/sarthak/bumperbot_ws/build/bumperbot_description
