[0.881s] DEBUG:colcon:Command line arguments: ['/usr/bin/colcon', 'build']
[0.881s] DEBUG:colcon:Parsed command line arguments: Namespace(log_base=None, log_level=None, verb_name='build', build_base='build', install_base='install', merge_install=False, symlink_install=False, test_result_base=None, continue_on_error=False, executor='parallel', parallel_workers=12, event_handlers=None, ignore_user_meta=False, metas=['./colcon.meta'], base_paths=['.'], packages_ignore=None, packages_ignore_regex=None, paths=None, packages_up_to=None, packages_up_to_regex=None, packages_above=None, packages_above_and_dependencies=None, packages_above_depth=None, packages_select_by_dep=None, packages_skip_by_dep=None, packages_skip_up_to=None, packages_select_build_failed=False, packages_skip_build_finished=False, packages_select_test_failures=False, packages_skip_test_passed=False, packages_select=None, packages_skip=None, packages_select_regex=None, packages_skip_regex=None, packages_start=None, packages_end=None, allow_overriding=[], cmake_args=None, cmake_target=None, cmake_target_skip_unavailable=False, cmake_clean_cache=False, cmake_clean_first=False, cmake_force_configure=False, ament_cmake_args=None, catkin_cmake_args=None, catkin_skip_building_tests=False, verb_parser=<colcon_defaults.argument_parser.defaults.DefaultArgumentsDecorator object at 0x7fcff2e7b430>, verb_extension=<colcon_core.verb.build.BuildVerb object at 0x7fcff2e7b1f0>, main=<bound method BuildVerb.main of <colcon_core.verb.build.BuildVerb object at 0x7fcff2e7b1f0>>)
[0.921s] Level 1:colcon.colcon_core.package_discovery:discover_packages(colcon_meta) check parameters
[0.921s] Level 1:colcon.colcon_core.package_discovery:discover_packages(recursive) check parameters
[0.921s] Level 1:colcon.colcon_core.package_discovery:discover_packages(ignore) check parameters
[0.921s] Level 1:colcon.colcon_core.package_discovery:discover_packages(path) check parameters
[0.921s] Level 1:colcon.colcon_core.package_discovery:discover_packages(colcon_meta) discover
[0.922s] Level 1:colcon.colcon_core.package_discovery:discover_packages(recursive) discover
[0.922s] INFO:colcon.colcon_core.package_discovery:Crawling recursively for packages in '/home/sarthak/bumperbot_ws'
[0.922s] Level 1:colcon.colcon_core.package_identification:_identify(.) by extensions ['ignore', 'ignore_ament_install']
[0.922s] Level 1:colcon.colcon_core.package_identification:_identify(.) by extension 'ignore'
[0.922s] Level 1:colcon.colcon_core.package_identification:_identify(.) by extension 'ignore_ament_install'
[0.922s] Level 1:colcon.colcon_core.package_identification:_identify(.) by extensions ['colcon_pkg']
[0.922s] Level 1:colcon.colcon_core.package_identification:_identify(.) by extension 'colcon_pkg'
[0.922s] Level 1:colcon.colcon_core.package_identification:_identify(.) by extensions ['colcon_meta']
[0.922s] Level 1:colcon.colcon_core.package_identification:_identify(.) by extension 'colcon_meta'
[0.922s] Level 1:colcon.colcon_core.package_identification:_identify(.) by extensions ['ros']
[0.922s] Level 1:colcon.colcon_core.package_identification:_identify(.) by extension 'ros'
[0.931s] Level 1:colcon.colcon_core.package_identification:_identify(.) by extensions ['cmake', 'python']
[0.931s] Level 1:colcon.colcon_core.package_identification:_identify(.) by extension 'cmake'
[0.931s] Level 1:colcon.colcon_core.package_identification:_identify(.) by extension 'python'
[0.931s] Level 1:colcon.colcon_core.package_identification:_identify(.) by extensions ['python_setup_py']
[0.931s] Level 1:colcon.colcon_core.package_identification:_identify(.) by extension 'python_setup_py'
[0.931s] Level 1:colcon.colcon_core.package_identification:_identify(build) by extensions ['ignore', 'ignore_ament_install']
[0.931s] Level 1:colcon.colcon_core.package_identification:_identify(build) by extension 'ignore'
[0.931s] Level 1:colcon.colcon_core.package_identification:_identify(build) ignored
[0.931s] Level 1:colcon.colcon_core.package_identification:_identify(install) by extensions ['ignore', 'ignore_ament_install']
[0.931s] Level 1:colcon.colcon_core.package_identification:_identify(install) by extension 'ignore'
[0.932s] Level 1:colcon.colcon_core.package_identification:_identify(install) ignored
[0.932s] Level 1:colcon.colcon_core.package_identification:_identify(log) by extensions ['ignore', 'ignore_ament_install']
[0.932s] Level 1:colcon.colcon_core.package_identification:_identify(log) by extension 'ignore'
[0.932s] Level 1:colcon.colcon_core.package_identification:_identify(log) ignored
[0.932s] Level 1:colcon.colcon_core.package_identification:_identify(src) by extensions ['ignore', 'ignore_ament_install']
[0.932s] Level 1:colcon.colcon_core.package_identification:_identify(src) by extension 'ignore'
[0.932s] Level 1:colcon.colcon_core.package_identification:_identify(src) by extension 'ignore_ament_install'
[0.932s] Level 1:colcon.colcon_core.package_identification:_identify(src) by extensions ['colcon_pkg']
[0.932s] Level 1:colcon.colcon_core.package_identification:_identify(src) by extension 'colcon_pkg'
[0.932s] Level 1:colcon.colcon_core.package_identification:_identify(src) by extensions ['colcon_meta']
[0.932s] Level 1:colcon.colcon_core.package_identification:_identify(src) by extension 'colcon_meta'
[0.932s] Level 1:colcon.colcon_core.package_identification:_identify(src) by extensions ['ros']
[0.932s] Level 1:colcon.colcon_core.package_identification:_identify(src) by extension 'ros'
[0.932s] Level 1:colcon.colcon_core.package_identification:_identify(src) by extensions ['cmake', 'python']
[0.932s] Level 1:colcon.colcon_core.package_identification:_identify(src) by extension 'cmake'
[0.932s] Level 1:colcon.colcon_core.package_identification:_identify(src) by extension 'python'
[0.932s] Level 1:colcon.colcon_core.package_identification:_identify(src) by extensions ['python_setup_py']
[0.932s] Level 1:colcon.colcon_core.package_identification:_identify(src) by extension 'python_setup_py'
[0.932s] Level 1:colcon.colcon_core.package_identification:_identify(src/bumperbot_cpp_examples) by extensions ['ignore', 'ignore_ament_install']
[0.932s] Level 1:colcon.colcon_core.package_identification:_identify(src/bumperbot_cpp_examples) by extension 'ignore'
[0.932s] Level 1:colcon.colcon_core.package_identification:_identify(src/bumperbot_cpp_examples) by extension 'ignore_ament_install'
[0.932s] Level 1:colcon.colcon_core.package_identification:_identify(src/bumperbot_cpp_examples) by extensions ['colcon_pkg']
[0.933s] Level 1:colcon.colcon_core.package_identification:_identify(src/bumperbot_cpp_examples) by extension 'colcon_pkg'
[0.933s] Level 1:colcon.colcon_core.package_identification:_identify(src/bumperbot_cpp_examples) by extensions ['colcon_meta']
[0.933s] Level 1:colcon.colcon_core.package_identification:_identify(src/bumperbot_cpp_examples) by extension 'colcon_meta'
[0.933s] Level 1:colcon.colcon_core.package_identification:_identify(src/bumperbot_cpp_examples) by extensions ['ros']
[0.933s] Level 1:colcon.colcon_core.package_identification:_identify(src/bumperbot_cpp_examples) by extension 'ros'
[0.935s] DEBUG:colcon.colcon_core.package_identification:Package 'src/bumperbot_cpp_examples' with type 'ros.ament_cmake' and name 'bumperbot_cpp_examples'
[0.935s] Level 1:colcon.colcon_core.package_identification:_identify(src/bumperbot_description) by extensions ['ignore', 'ignore_ament_install']
[0.935s] Level 1:colcon.colcon_core.package_identification:_identify(src/bumperbot_description) by extension 'ignore'
[0.935s] Level 1:colcon.colcon_core.package_identification:_identify(src/bumperbot_description) by extension 'ignore_ament_install'
[0.935s] Level 1:colcon.colcon_core.package_identification:_identify(src/bumperbot_description) by extensions ['colcon_pkg']
[0.935s] Level 1:colcon.colcon_core.package_identification:_identify(src/bumperbot_description) by extension 'colcon_pkg'
[0.935s] Level 1:colcon.colcon_core.package_identification:_identify(src/bumperbot_description) by extensions ['colcon_meta']
[0.935s] Level 1:colcon.colcon_core.package_identification:_identify(src/bumperbot_description) by extension 'colcon_meta'
[0.935s] Level 1:colcon.colcon_core.package_identification:_identify(src/bumperbot_description) by extensions ['ros']
[0.935s] Level 1:colcon.colcon_core.package_identification:_identify(src/bumperbot_description) by extension 'ros'
[0.936s] DEBUG:colcon.colcon_core.package_identification:Package 'src/bumperbot_description' with type 'ros.ament_cmake' and name 'bumperbot_description'
[0.936s] Level 1:colcon.colcon_core.package_identification:_identify(src/bumperbot_py_examples) by extensions ['ignore', 'ignore_ament_install']
[0.936s] Level 1:colcon.colcon_core.package_identification:_identify(src/bumperbot_py_examples) by extension 'ignore'
[0.936s] Level 1:colcon.colcon_core.package_identification:_identify(src/bumperbot_py_examples) by extension 'ignore_ament_install'
[0.936s] Level 1:colcon.colcon_core.package_identification:_identify(src/bumperbot_py_examples) by extensions ['colcon_pkg']
[0.936s] Level 1:colcon.colcon_core.package_identification:_identify(src/bumperbot_py_examples) by extension 'colcon_pkg'
[0.936s] Level 1:colcon.colcon_core.package_identification:_identify(src/bumperbot_py_examples) by extensions ['colcon_meta']
[0.936s] Level 1:colcon.colcon_core.package_identification:_identify(src/bumperbot_py_examples) by extension 'colcon_meta'
[0.936s] Level 1:colcon.colcon_core.package_identification:_identify(src/bumperbot_py_examples) by extensions ['ros']
[0.936s] Level 1:colcon.colcon_core.package_identification:_identify(src/bumperbot_py_examples) by extension 'ros'
[0.936s] DEBUG:colcon.colcon_core.package_identification:Package 'src/bumperbot_py_examples' with type 'ros.ament_python' and name 'bumperbot_py_examples'
[0.937s] Level 1:colcon.colcon_core.package_discovery:discover_packages(recursive) using defaults
[0.937s] Level 1:colcon.colcon_core.package_discovery:discover_packages(ignore) discover
[0.937s] Level 1:colcon.colcon_core.package_discovery:discover_packages(ignore) using defaults
[0.937s] Level 1:colcon.colcon_core.package_discovery:discover_packages(path) discover
[0.937s] Level 1:colcon.colcon_core.package_discovery:discover_packages(path) using defaults
[1.018s] Level 1:colcon.colcon_core.package_discovery:discover_packages(prefix_path) check parameters
[1.018s] Level 1:colcon.colcon_core.package_discovery:discover_packages(prefix_path) discover
[1.047s] DEBUG:colcon.colcon_installed_package_information.package_discovery:Found 344 installed packages in /opt/ros/humble
[1.049s] Level 1:colcon.colcon_core.package_discovery:discover_packages(prefix_path) using defaults
[1.145s] Level 5:colcon.colcon_core.verb:set package 'bumperbot_cpp_examples' build argument 'cmake_args' from command line to 'None'
[1.146s] Level 5:colcon.colcon_core.verb:set package 'bumperbot_cpp_examples' build argument 'cmake_target' from command line to 'None'
[1.146s] Level 5:colcon.colcon_core.verb:set package 'bumperbot_cpp_examples' build argument 'cmake_target_skip_unavailable' from command line to 'False'
[1.146s] Level 5:colcon.colcon_core.verb:set package 'bumperbot_cpp_examples' build argument 'cmake_clean_cache' from command line to 'False'
[1.146s] Level 5:colcon.colcon_core.verb:set package 'bumperbot_cpp_examples' build argument 'cmake_clean_first' from command line to 'False'
[1.146s] Level 5:colcon.colcon_core.verb:set package 'bumperbot_cpp_examples' build argument 'cmake_force_configure' from command line to 'False'
[1.146s] Level 5:colcon.colcon_core.verb:set package 'bumperbot_cpp_examples' build argument 'ament_cmake_args' from command line to 'None'
[1.146s] Level 5:colcon.colcon_core.verb:set package 'bumperbot_cpp_examples' build argument 'catkin_cmake_args' from command line to 'None'
[1.146s] Level 5:colcon.colcon_core.verb:set package 'bumperbot_cpp_examples' build argument 'catkin_skip_building_tests' from command line to 'False'
[1.146s] DEBUG:colcon.colcon_core.verb:Building package 'bumperbot_cpp_examples' with the following arguments: {'ament_cmake_args': None, 'build_base': '/home/sarthak/bumperbot_ws/build/bumperbot_cpp_examples', 'catkin_cmake_args': None, 'catkin_skip_building_tests': False, 'cmake_args': None, 'cmake_clean_cache': False, 'cmake_clean_first': False, 'cmake_force_configure': False, 'cmake_target': None, 'cmake_target_skip_unavailable': False, 'install_base': '/home/sarthak/bumperbot_ws/install/bumperbot_cpp_examples', 'merge_install': False, 'path': '/home/sarthak/bumperbot_ws/src/bumperbot_cpp_examples', 'symlink_install': False, 'test_result_base': None}
[1.159s] Level 5:colcon.colcon_core.verb:set package 'bumperbot_description' build argument 'cmake_args' from command line to 'None'
[1.159s] Level 5:colcon.colcon_core.verb:set package 'bumperbot_description' build argument 'cmake_target' from command line to 'None'
[1.159s] Level 5:colcon.colcon_core.verb:set package 'bumperbot_description' build argument 'cmake_target_skip_unavailable' from command line to 'False'
[1.159s] Level 5:colcon.colcon_core.verb:set package 'bumperbot_description' build argument 'cmake_clean_cache' from command line to 'False'
[1.159s] Level 5:colcon.colcon_core.verb:set package 'bumperbot_description' build argument 'cmake_clean_first' from command line to 'False'
[1.159s] Level 5:colcon.colcon_core.verb:set package 'bumperbot_description' build argument 'cmake_force_configure' from command line to 'False'
[1.159s] Level 5:colcon.colcon_core.verb:set package 'bumperbot_description' build argument 'ament_cmake_args' from command line to 'None'
[1.159s] Level 5:colcon.colcon_core.verb:set package 'bumperbot_description' build argument 'catkin_cmake_args' from command line to 'None'
[1.159s] Level 5:colcon.colcon_core.verb:set package 'bumperbot_description' build argument 'catkin_skip_building_tests' from command line to 'False'
[1.159s] DEBUG:colcon.colcon_core.verb:Building package 'bumperbot_description' with the following arguments: {'ament_cmake_args': None, 'build_base': '/home/sarthak/bumperbot_ws/build/bumperbot_description', 'catkin_cmake_args': None, 'catkin_skip_building_tests': False, 'cmake_args': None, 'cmake_clean_cache': False, 'cmake_clean_first': False, 'cmake_force_configure': False, 'cmake_target': None, 'cmake_target_skip_unavailable': False, 'install_base': '/home/sarthak/bumperbot_ws/install/bumperbot_description', 'merge_install': False, 'path': '/home/sarthak/bumperbot_ws/src/bumperbot_description', 'symlink_install': False, 'test_result_base': None}
[1.173s] Level 5:colcon.colcon_core.verb:set package 'bumperbot_py_examples' build argument 'cmake_args' from command line to 'None'
[1.173s] Level 5:colcon.colcon_core.verb:set package 'bumperbot_py_examples' build argument 'cmake_target' from command line to 'None'
[1.173s] Level 5:colcon.colcon_core.verb:set package 'bumperbot_py_examples' build argument 'cmake_target_skip_unavailable' from command line to 'False'
[1.173s] Level 5:colcon.colcon_core.verb:set package 'bumperbot_py_examples' build argument 'cmake_clean_cache' from command line to 'False'
[1.173s] Level 5:colcon.colcon_core.verb:set package 'bumperbot_py_examples' build argument 'cmake_clean_first' from command line to 'False'
[1.173s] Level 5:colcon.colcon_core.verb:set package 'bumperbot_py_examples' build argument 'cmake_force_configure' from command line to 'False'
[1.173s] Level 5:colcon.colcon_core.verb:set package 'bumperbot_py_examples' build argument 'ament_cmake_args' from command line to 'None'
[1.173s] Level 5:colcon.colcon_core.verb:set package 'bumperbot_py_examples' build argument 'catkin_cmake_args' from command line to 'None'
[1.173s] Level 5:colcon.colcon_core.verb:set package 'bumperbot_py_examples' build argument 'catkin_skip_building_tests' from command line to 'False'
[1.173s] DEBUG:colcon.colcon_core.verb:Building package 'bumperbot_py_examples' with the following arguments: {'ament_cmake_args': None, 'build_base': '/home/sarthak/bumperbot_ws/build/bumperbot_py_examples', 'catkin_cmake_args': None, 'catkin_skip_building_tests': False, 'cmake_args': None, 'cmake_clean_cache': False, 'cmake_clean_first': False, 'cmake_force_configure': False, 'cmake_target': None, 'cmake_target_skip_unavailable': False, 'install_base': '/home/sarthak/bumperbot_ws/install/bumperbot_py_examples', 'merge_install': False, 'path': '/home/sarthak/bumperbot_ws/src/bumperbot_py_examples', 'symlink_install': False, 'test_result_base': None}
[1.187s] INFO:colcon.colcon_core.executor:Executing jobs using 'parallel' executor
[1.202s] DEBUG:colcon.colcon_parallel_executor.executor.parallel:run_until_complete
[1.202s] INFO:colcon.colcon_ros.task.ament_cmake.build:Building ROS package in '/home/sarthak/bumperbot_ws/src/bumperbot_cpp_examples' with build type 'ament_cmake'
[1.202s] INFO:colcon.colcon_cmake.task.cmake.build:Building CMake package in '/home/sarthak/bumperbot_ws/src/bumperbot_cpp_examples'
[1.217s] INFO:colcon.colcon_core.plugin_system:Skipping extension 'colcon_core.shell.bat': Not used on non-Windows systems
[1.218s] INFO:colcon.colcon_core.shell:Skip shell extension 'powershell' for command environment: Not usable outside of PowerShell
[1.218s] DEBUG:colcon.colcon_core.shell:Skip shell extension 'dsv' for command environment
[1.247s] INFO:colcon.colcon_ros.task.ament_cmake.build:Building ROS package in '/home/sarthak/bumperbot_ws/src/bumperbot_description' with build type 'ament_cmake'
[1.248s] INFO:colcon.colcon_cmake.task.cmake.build:Building CMake package in '/home/sarthak/bumperbot_ws/src/bumperbot_description'
[1.261s] INFO:colcon.colcon_core.shell:Skip shell extension 'powershell' for command environment: Not usable outside of PowerShell
[1.261s] DEBUG:colcon.colcon_core.shell:Skip shell extension 'dsv' for command environment
[1.289s] INFO:colcon.colcon_ros.task.ament_python.build:Building ROS package in '/home/sarthak/bumperbot_ws/src/bumperbot_py_examples' with build type 'ament_python'
[1.290s] Level 1:colcon.colcon_core.shell:create_environment_hook('bumperbot_py_examples', 'ament_prefix_path')
[1.303s] INFO:colcon.colcon_core.shell:Creating environment hook '/home/sarthak/bumperbot_ws/install/bumperbot_py_examples/share/bumperbot_py_examples/hook/ament_prefix_path.ps1'
[1.304s] INFO:colcon.colcon_core.shell:Creating environment descriptor '/home/sarthak/bumperbot_ws/install/bumperbot_py_examples/share/bumperbot_py_examples/hook/ament_prefix_path.dsv'
[1.304s] INFO:colcon.colcon_core.shell:Creating environment hook '/home/sarthak/bumperbot_ws/install/bumperbot_py_examples/share/bumperbot_py_examples/hook/ament_prefix_path.sh'
[1.318s] INFO:colcon.colcon_core.shell:Skip shell extension 'powershell' for command environment: Not usable outside of PowerShell
[1.318s] DEBUG:colcon.colcon_core.shell:Skip shell extension 'dsv' for command environment
[1.352s] DEBUG:colcon.colcon_core.event_handler.log_command:Invoking command in '/home/sarthak/bumperbot_ws/build/bumperbot_cpp_examples': CMAKE_PREFIX_PATH=/opt/ros/humble /usr/bin/cmake --build /home/sarthak/bumperbot_ws/build/bumperbot_cpp_examples -- -j12 -l12
[1.354s] DEBUG:colcon.colcon_core.event_handler.log_command:Invoking command in '/home/sarthak/bumperbot_ws/build/bumperbot_description': CMAKE_PREFIX_PATH=/opt/ros/humble /usr/bin/cmake /home/sarthak/bumperbot_ws/src/bumperbot_description -DCMAKE_INSTALL_PREFIX=/home/sarthak/bumperbot_ws/install/bumperbot_description
[1.594s] INFO:colcon.colcon_core.task.python.build:Building Python package in '/home/sarthak/bumperbot_ws/src/bumperbot_py_examples'
[1.623s] INFO:colcon.colcon_core.shell:Skip shell extension 'powershell' for command environment: Not usable outside of PowerShell
[1.623s] DEBUG:colcon.colcon_core.shell:Skip shell extension 'dsv' for command environment
[1.663s] DEBUG:colcon.colcon_core.event_handler.log_command:Invoked command in '/home/sarthak/bumperbot_ws/build/bumperbot_cpp_examples' returned '0': CMAKE_PREFIX_PATH=/opt/ros/humble /usr/bin/cmake --build /home/sarthak/bumperbot_ws/build/bumperbot_cpp_examples -- -j12 -l12
[1.701s] DEBUG:colcon.colcon_core.event_handler.log_command:Invoking command in '/home/sarthak/bumperbot_ws/build/bumperbot_cpp_examples': CMAKE_PREFIX_PATH=/opt/ros/humble /usr/bin/cmake --install /home/sarthak/bumperbot_ws/build/bumperbot_cpp_examples
[1.711s] Level 1:colcon.colcon_core.environment:create_environment_scripts_only(bumperbot_cpp_examples)
[1.712s] DEBUG:colcon.colcon_core.event_handler.log_command:Invoked command in '/home/sarthak/bumperbot_ws/build/bumperbot_cpp_examples' returned '0': CMAKE_PREFIX_PATH=/opt/ros/humble /usr/bin/cmake --install /home/sarthak/bumperbot_ws/build/bumperbot_cpp_examples
[1.726s] Level 1:colcon.colcon_core.environment:checking '/home/sarthak/bumperbot_ws/install/bumperbot_cpp_examples' for CMake module files
[1.727s] Level 1:colcon.colcon_core.environment:checking '/home/sarthak/bumperbot_ws/install/bumperbot_cpp_examples' for CMake config files
[1.727s] Level 1:colcon.colcon_core.shell:create_environment_hook('bumperbot_cpp_examples', 'cmake_prefix_path')
[1.740s] INFO:colcon.colcon_core.shell:Creating environment hook '/home/sarthak/bumperbot_ws/install/bumperbot_cpp_examples/share/bumperbot_cpp_examples/hook/cmake_prefix_path.ps1'
[1.741s] INFO:colcon.colcon_core.shell:Creating environment descriptor '/home/sarthak/bumperbot_ws/install/bumperbot_cpp_examples/share/bumperbot_cpp_examples/hook/cmake_prefix_path.dsv'
[1.741s] INFO:colcon.colcon_core.shell:Creating environment hook '/home/sarthak/bumperbot_ws/install/bumperbot_cpp_examples/share/bumperbot_cpp_examples/hook/cmake_prefix_path.sh'
[1.741s] Level 1:colcon.colcon_core.environment:checking '/home/sarthak/bumperbot_ws/install/bumperbot_cpp_examples/bin'
[1.741s] Level 1:colcon.colcon_core.environment:checking '/home/sarthak/bumperbot_ws/install/bumperbot_cpp_examples/lib/pkgconfig/bumperbot_cpp_examples.pc'
[1.742s] Level 1:colcon.colcon_core.environment:checking '/home/sarthak/bumperbot_ws/install/bumperbot_cpp_examples/lib/python3.10/site-packages'
[1.742s] Level 1:colcon.colcon_core.environment:checking '/home/sarthak/bumperbot_ws/install/bumperbot_cpp_examples/bin'
[1.755s] INFO:colcon.colcon_core.shell:Creating package script '/home/sarthak/bumperbot_ws/install/bumperbot_cpp_examples/share/bumperbot_cpp_examples/package.ps1'
[1.756s] INFO:colcon.colcon_core.shell:Creating package descriptor '/home/sarthak/bumperbot_ws/install/bumperbot_cpp_examples/share/bumperbot_cpp_examples/package.dsv'
[1.756s] INFO:colcon.colcon_core.shell:Creating package script '/home/sarthak/bumperbot_ws/install/bumperbot_cpp_examples/share/bumperbot_cpp_examples/package.sh'
[1.757s] INFO:colcon.colcon_core.shell:Creating package script '/home/sarthak/bumperbot_ws/install/bumperbot_cpp_examples/share/bumperbot_cpp_examples/package.bash'
[1.757s] INFO:colcon.colcon_core.shell:Creating package script '/home/sarthak/bumperbot_ws/install/bumperbot_cpp_examples/share/bumperbot_cpp_examples/package.zsh'
[1.758s] Level 1:colcon.colcon_core.environment:create_file_with_runtime_dependencies(/home/sarthak/bumperbot_ws/install/bumperbot_cpp_examples/share/colcon-core/packages/bumperbot_cpp_examples)
[1.806s] Level 1:colcon.colcon_core.environment:create_environment_scripts_only(bumperbot_cpp_examples)
[1.821s] Level 1:colcon.colcon_core.environment:checking '/home/sarthak/bumperbot_ws/install/bumperbot_cpp_examples' for CMake module files
[1.821s] Level 1:colcon.colcon_core.environment:checking '/home/sarthak/bumperbot_ws/install/bumperbot_cpp_examples' for CMake config files
[1.822s] Level 1:colcon.colcon_core.shell:create_environment_hook('bumperbot_cpp_examples', 'cmake_prefix_path')
[1.836s] INFO:colcon.colcon_core.shell:Creating environment hook '/home/sarthak/bumperbot_ws/install/bumperbot_cpp_examples/share/bumperbot_cpp_examples/hook/cmake_prefix_path.ps1'
[1.836s] INFO:colcon.colcon_core.shell:Creating environment descriptor '/home/sarthak/bumperbot_ws/install/bumperbot_cpp_examples/share/bumperbot_cpp_examples/hook/cmake_prefix_path.dsv'
[1.837s] INFO:colcon.colcon_core.shell:Creating environment hook '/home/sarthak/bumperbot_ws/install/bumperbot_cpp_examples/share/bumperbot_cpp_examples/hook/cmake_prefix_path.sh'
[1.837s] Level 1:colcon.colcon_core.environment:checking '/home/sarthak/bumperbot_ws/install/bumperbot_cpp_examples/bin'
[1.837s] Level 1:colcon.colcon_core.environment:checking '/home/sarthak/bumperbot_ws/install/bumperbot_cpp_examples/lib/pkgconfig/bumperbot_cpp_examples.pc'
[1.837s] Level 1:colcon.colcon_core.environment:checking '/home/sarthak/bumperbot_ws/install/bumperbot_cpp_examples/lib/python3.10/site-packages'
[1.838s] Level 1:colcon.colcon_core.environment:checking '/home/sarthak/bumperbot_ws/install/bumperbot_cpp_examples/bin'
[1.851s] INFO:colcon.colcon_core.shell:Creating package script '/home/sarthak/bumperbot_ws/install/bumperbot_cpp_examples/share/bumperbot_cpp_examples/package.ps1'
[1.852s] INFO:colcon.colcon_core.shell:Creating package descriptor '/home/sarthak/bumperbot_ws/install/bumperbot_cpp_examples/share/bumperbot_cpp_examples/package.dsv'
[1.852s] INFO:colcon.colcon_core.shell:Creating package script '/home/sarthak/bumperbot_ws/install/bumperbot_cpp_examples/share/bumperbot_cpp_examples/package.sh'
[1.853s] INFO:colcon.colcon_core.shell:Creating package script '/home/sarthak/bumperbot_ws/install/bumperbot_cpp_examples/share/bumperbot_cpp_examples/package.bash'
[1.853s] INFO:colcon.colcon_core.shell:Creating package script '/home/sarthak/bumperbot_ws/install/bumperbot_cpp_examples/share/bumperbot_cpp_examples/package.zsh'
[1.853s] Level 1:colcon.colcon_core.environment:create_file_with_runtime_dependencies(/home/sarthak/bumperbot_ws/install/bumperbot_cpp_examples/share/colcon-core/packages/bumperbot_cpp_examples)
[2.008s] DEBUG:colcon.colcon_core.event_handler.log_command:Invoking command in '/home/sarthak/bumperbot_ws/src/bumperbot_py_examples': PYTHONPATH=/home/sarthak/bumperbot_ws/build/bumperbot_py_examples/prefix_override:/home/sarthak/bumperbot_ws/install/bumperbot_py_examples/lib/python3.10/site-packages:${PYTHONPATH} /usr/bin/python3 setup.py egg_info --egg-base ../../build/bumperbot_py_examples build --build-base /home/sarthak/bumperbot_ws/build/bumperbot_py_examples/build install --record /home/sarthak/bumperbot_ws/build/bumperbot_py_examples/install.log --single-version-externally-managed
[2.291s] DEBUG:colcon.colcon_core.event_handler.log_command:Invoked command in '/home/sarthak/bumperbot_ws/src/bumperbot_py_examples' returned '0': PYTHONPATH=/home/sarthak/bumperbot_ws/build/bumperbot_py_examples/prefix_override:/home/sarthak/bumperbot_ws/install/bumperbot_py_examples/lib/python3.10/site-packages:${PYTHONPATH} /usr/bin/python3 setup.py egg_info --egg-base ../../build/bumperbot_py_examples build --build-base /home/sarthak/bumperbot_ws/build/bumperbot_py_examples/build install --record /home/sarthak/bumperbot_ws/build/bumperbot_py_examples/install.log --single-version-externally-managed
[2.327s] Level 1:colcon.colcon_core.environment:checking '/home/sarthak/bumperbot_ws/install/bumperbot_py_examples' for CMake module files
[2.328s] Level 1:colcon.colcon_core.environment:checking '/home/sarthak/bumperbot_ws/install/bumperbot_py_examples' for CMake config files
[2.329s] Level 1:colcon.colcon_core.environment:checking '/home/sarthak/bumperbot_ws/install/bumperbot_py_examples/lib'
[2.330s] Level 1:colcon.colcon_core.environment:checking '/home/sarthak/bumperbot_ws/install/bumperbot_py_examples/bin'
[2.330s] Level 1:colcon.colcon_core.environment:checking '/home/sarthak/bumperbot_ws/install/bumperbot_py_examples/lib/pkgconfig/bumperbot_py_examples.pc'
[2.330s] Level 1:colcon.colcon_core.environment:checking '/home/sarthak/bumperbot_ws/install/bumperbot_py_examples/lib/python3.10/site-packages'
[2.330s] Level 1:colcon.colcon_core.shell:create_environment_hook('bumperbot_py_examples', 'pythonpath')
[2.365s] INFO:colcon.colcon_core.shell:Creating environment hook '/home/sarthak/bumperbot_ws/install/bumperbot_py_examples/share/bumperbot_py_examples/hook/pythonpath.ps1'
[2.366s] INFO:colcon.colcon_core.shell:Creating environment descriptor '/home/sarthak/bumperbot_ws/install/bumperbot_py_examples/share/bumperbot_py_examples/hook/pythonpath.dsv'
[2.366s] INFO:colcon.colcon_core.shell:Creating environment hook '/home/sarthak/bumperbot_ws/install/bumperbot_py_examples/share/bumperbot_py_examples/hook/pythonpath.sh'
[2.367s] Level 1:colcon.colcon_core.environment:checking '/home/sarthak/bumperbot_ws/install/bumperbot_py_examples/bin'
[2.368s] Level 1:colcon.colcon_core.environment:create_environment_scripts_only(bumperbot_py_examples)
[2.386s] INFO:colcon.colcon_core.shell:Creating package script '/home/sarthak/bumperbot_ws/install/bumperbot_py_examples/share/bumperbot_py_examples/package.ps1'
[2.386s] INFO:colcon.colcon_core.shell:Creating package descriptor '/home/sarthak/bumperbot_ws/install/bumperbot_py_examples/share/bumperbot_py_examples/package.dsv'
[2.386s] INFO:colcon.colcon_core.shell:Creating package script '/home/sarthak/bumperbot_ws/install/bumperbot_py_examples/share/bumperbot_py_examples/package.sh'
[2.387s] INFO:colcon.colcon_core.shell:Creating package script '/home/sarthak/bumperbot_ws/install/bumperbot_py_examples/share/bumperbot_py_examples/package.bash'
[2.387s] INFO:colcon.colcon_core.shell:Creating package script '/home/sarthak/bumperbot_ws/install/bumperbot_py_examples/share/bumperbot_py_examples/package.zsh'
[2.387s] Level 1:colcon.colcon_core.environment:create_file_with_runtime_dependencies(/home/sarthak/bumperbot_ws/install/bumperbot_py_examples/share/colcon-core/packages/bumperbot_py_examples)
[3.967s] DEBUG:colcon.colcon_core.event_handler.log_command:Invoked command in '/home/sarthak/bumperbot_ws/build/bumperbot_description' returned '0': CMAKE_PREFIX_PATH=/opt/ros/humble /usr/bin/cmake /home/sarthak/bumperbot_ws/src/bumperbot_description -DCMAKE_INSTALL_PREFIX=/home/sarthak/bumperbot_ws/install/bumperbot_description
[3.970s] DEBUG:colcon.colcon_core.event_handler.log_command:Invoking command in '/home/sarthak/bumperbot_ws/build/bumperbot_description': CMAKE_PREFIX_PATH=/opt/ros/humble /usr/bin/cmake --build /home/sarthak/bumperbot_ws/build/bumperbot_description -- -j12 -l12
[4.027s] DEBUG:colcon.colcon_core.event_handler.log_command:Invoked command in '/home/sarthak/bumperbot_ws/build/bumperbot_description' returned '0': CMAKE_PREFIX_PATH=/opt/ros/humble /usr/bin/cmake --build /home/sarthak/bumperbot_ws/build/bumperbot_description -- -j12 -l12
[4.068s] DEBUG:colcon.colcon_core.event_handler.log_command:Invoking command in '/home/sarthak/bumperbot_ws/build/bumperbot_description': CMAKE_PREFIX_PATH=/opt/ros/humble /usr/bin/cmake --install /home/sarthak/bumperbot_ws/build/bumperbot_description
[4.080s] Level 1:colcon.colcon_core.environment:create_environment_scripts_only(bumperbot_description)
[4.081s] DEBUG:colcon.colcon_core.event_handler.log_command:Invoked command in '/home/sarthak/bumperbot_ws/build/bumperbot_description' returned '0': CMAKE_PREFIX_PATH=/opt/ros/humble /usr/bin/cmake --install /home/sarthak/bumperbot_ws/build/bumperbot_description
[4.094s] Level 1:colcon.colcon_core.environment:checking '/home/sarthak/bumperbot_ws/install/bumperbot_description' for CMake module files
[4.095s] Level 1:colcon.colcon_core.environment:checking '/home/sarthak/bumperbot_ws/install/bumperbot_description' for CMake config files
[4.095s] Level 1:colcon.colcon_core.shell:create_environment_hook('bumperbot_description', 'cmake_prefix_path')
[4.108s] INFO:colcon.colcon_core.shell:Creating environment hook '/home/sarthak/bumperbot_ws/install/bumperbot_description/share/bumperbot_description/hook/cmake_prefix_path.ps1'
[4.108s] INFO:colcon.colcon_core.shell:Creating environment descriptor '/home/sarthak/bumperbot_ws/install/bumperbot_description/share/bumperbot_description/hook/cmake_prefix_path.dsv'
[4.109s] INFO:colcon.colcon_core.shell:Creating environment hook '/home/sarthak/bumperbot_ws/install/bumperbot_description/share/bumperbot_description/hook/cmake_prefix_path.sh'
[4.109s] Level 1:colcon.colcon_core.environment:checking '/home/sarthak/bumperbot_ws/install/bumperbot_description/bin'
[4.109s] Level 1:colcon.colcon_core.environment:checking '/home/sarthak/bumperbot_ws/install/bumperbot_description/lib/pkgconfig/bumperbot_description.pc'
[4.109s] Level 1:colcon.colcon_core.environment:checking '/home/sarthak/bumperbot_ws/install/bumperbot_description/lib/python3.10/site-packages'
[4.109s] Level 1:colcon.colcon_core.environment:checking '/home/sarthak/bumperbot_ws/install/bumperbot_description/bin'
[4.124s] INFO:colcon.colcon_core.shell:Creating package script '/home/sarthak/bumperbot_ws/install/bumperbot_description/share/bumperbot_description/package.ps1'
[4.124s] INFO:colcon.colcon_core.shell:Creating package descriptor '/home/sarthak/bumperbot_ws/install/bumperbot_description/share/bumperbot_description/package.dsv'
[4.124s] INFO:colcon.colcon_core.shell:Creating package script '/home/sarthak/bumperbot_ws/install/bumperbot_description/share/bumperbot_description/package.sh'
[4.125s] INFO:colcon.colcon_core.shell:Creating package script '/home/sarthak/bumperbot_ws/install/bumperbot_description/share/bumperbot_description/package.bash'
[4.125s] INFO:colcon.colcon_core.shell:Creating package script '/home/sarthak/bumperbot_ws/install/bumperbot_description/share/bumperbot_description/package.zsh'
[4.125s] Level 1:colcon.colcon_core.environment:create_file_with_runtime_dependencies(/home/sarthak/bumperbot_ws/install/bumperbot_description/share/colcon-core/packages/bumperbot_description)
[4.175s] Level 1:colcon.colcon_core.environment:create_environment_scripts_only(bumperbot_description)
[4.189s] Level 1:colcon.colcon_core.environment:checking '/home/sarthak/bumperbot_ws/install/bumperbot_description' for CMake module files
[4.190s] Level 1:colcon.colcon_core.environment:checking '/home/sarthak/bumperbot_ws/install/bumperbot_description' for CMake config files
[4.190s] Level 1:colcon.colcon_core.shell:create_environment_hook('bumperbot_description', 'cmake_prefix_path')
[4.203s] INFO:colcon.colcon_core.shell:Creating environment hook '/home/sarthak/bumperbot_ws/install/bumperbot_description/share/bumperbot_description/hook/cmake_prefix_path.ps1'
[4.204s] INFO:colcon.colcon_core.shell:Creating environment descriptor '/home/sarthak/bumperbot_ws/install/bumperbot_description/share/bumperbot_description/hook/cmake_prefix_path.dsv'
[4.204s] INFO:colcon.colcon_core.shell:Creating environment hook '/home/sarthak/bumperbot_ws/install/bumperbot_description/share/bumperbot_description/hook/cmake_prefix_path.sh'
[4.204s] Level 1:colcon.colcon_core.environment:checking '/home/sarthak/bumperbot_ws/install/bumperbot_description/bin'
[4.204s] Level 1:colcon.colcon_core.environment:checking '/home/sarthak/bumperbot_ws/install/bumperbot_description/lib/pkgconfig/bumperbot_description.pc'
[4.205s] Level 1:colcon.colcon_core.environment:checking '/home/sarthak/bumperbot_ws/install/bumperbot_description/lib/python3.10/site-packages'
[4.205s] Level 1:colcon.colcon_core.environment:checking '/home/sarthak/bumperbot_ws/install/bumperbot_description/bin'
[4.218s] INFO:colcon.colcon_core.shell:Creating package script '/home/sarthak/bumperbot_ws/install/bumperbot_description/share/bumperbot_description/package.ps1'
[4.219s] INFO:colcon.colcon_core.shell:Creating package descriptor '/home/sarthak/bumperbot_ws/install/bumperbot_description/share/bumperbot_description/package.dsv'
[4.219s] INFO:colcon.colcon_core.shell:Creating package script '/home/sarthak/bumperbot_ws/install/bumperbot_description/share/bumperbot_description/package.sh'
[4.220s] INFO:colcon.colcon_core.shell:Creating package script '/home/sarthak/bumperbot_ws/install/bumperbot_description/share/bumperbot_description/package.bash'
[4.220s] INFO:colcon.colcon_core.shell:Creating package script '/home/sarthak/bumperbot_ws/install/bumperbot_description/share/bumperbot_description/package.zsh'
[4.220s] Level 1:colcon.colcon_core.environment:create_file_with_runtime_dependencies(/home/sarthak/bumperbot_ws/install/bumperbot_description/share/colcon-core/packages/bumperbot_description)
[4.221s] DEBUG:colcon.colcon_parallel_executor.executor.parallel:closing loop
[4.221s] DEBUG:colcon.colcon_parallel_executor.executor.parallel:loop closed
[4.221s] DEBUG:colcon.colcon_parallel_executor.executor.parallel:run_until_complete finished with '0'
[4.221s] DEBUG:colcon.colcon_core.event_reactor:joining thread
[4.245s] INFO:colcon.colcon_core.plugin_system:Skipping extension 'colcon_notification.desktop_notification.terminal_notifier': Not used on non-Darwin systems
[4.245s] INFO:colcon.colcon_core.plugin_system:Skipping extension 'colcon_notification.desktop_notification.win32': Not used on non-Windows systems
[4.245s] INFO:colcon.colcon_notification.desktop_notification:Sending desktop notification using 'notify2'
[4.255s] DEBUG:colcon.colcon_core.event_reactor:joined thread
[4.268s] INFO:colcon.colcon_core.shell:Creating prefix script '/home/sarthak/bumperbot_ws/install/local_setup.ps1'
[4.269s] INFO:colcon.colcon_core.shell:Creating prefix util module '/home/sarthak/bumperbot_ws/install/_local_setup_util_ps1.py'
[4.270s] INFO:colcon.colcon_core.shell:Creating prefix chain script '/home/sarthak/bumperbot_ws/install/setup.ps1'
[4.284s] INFO:colcon.colcon_core.shell:Creating prefix script '/home/sarthak/bumperbot_ws/install/local_setup.sh'
[4.284s] INFO:colcon.colcon_core.shell:Creating prefix util module '/home/sarthak/bumperbot_ws/install/_local_setup_util_sh.py'
[4.285s] INFO:colcon.colcon_core.shell:Creating prefix chain script '/home/sarthak/bumperbot_ws/install/setup.sh'
[4.299s] INFO:colcon.colcon_core.shell:Creating prefix script '/home/sarthak/bumperbot_ws/install/local_setup.bash'
[4.299s] INFO:colcon.colcon_core.shell:Creating prefix chain script '/home/sarthak/bumperbot_ws/install/setup.bash'
[4.313s] INFO:colcon.colcon_core.shell:Creating prefix script '/home/sarthak/bumperbot_ws/install/local_setup.zsh'
[4.313s] INFO:colcon.colcon_core.shell:Creating prefix chain script '/home/sarthak/bumperbot_ws/install/setup.zsh'
